{"/Volumes/9_0rdon-ssd/9_0rdon/Projects/creative-precision/src/App.tsx": {"path":"/Volumes/9_0rdon-ssd/9_0rdon/Projects/creative-precision/src/App.tsx","statementMap":{"0":{"start":{"line":11,"column":22},"end":{"line":139,"column":null}},"1":{"start":{"line":12,"column":24},"end":{"line":12,"column":null}},"2":{"start":{"line":13,"column":28},"end":{"line":13,"column":null}},"3":{"start":{"line":14,"column":38},"end":{"line":14,"column":null}},"4":{"start":{"line":15,"column":40},"end":{"line":15,"column":null}},"5":{"start":{"line":17,"column":20},"end":{"line":17,"column":null}},"6":{"start":{"line":17,"column":39},"end":{"line":17,"column":82}},"7":{"start":{"line":18,"column":10},"end":{"line":18,"column":null}},"8":{"start":{"line":21,"column":4},"end":{"line":39,"column":null}},"9":{"start":{"line":22,"column":23},"end":{"line":22,"column":null}},"10":{"start":{"line":23,"column":44},"end":{"line":23,"column":null}},"11":{"start":{"line":24,"column":8},"end":{"line":27,"column":null}},"12":{"start":{"line":25,"column":24},"end":{"line":25,"column":null}},"13":{"start":{"line":26,"column":12},"end":{"line":26,"column":null}},"14":{"start":{"line":26,"column":21},"end":{"line":26,"column":null}},"15":{"start":{"line":29,"column":8},"end":{"line":29,"column":null}},"16":{"start":{"line":31,"column":8},"end":{"line":38,"column":null}},"17":{"start":{"line":42,"column":4},"end":{"line":54,"column":null}},"18":{"start":{"line":43,"column":35},"end":{"line":51,"column":null}},"19":{"start":{"line":44,"column":12},"end":{"line":50,"column":null}},"20":{"start":{"line":45,"column":33},"end":{"line":45,"column":null}},"21":{"start":{"line":46,"column":16},"end":{"line":49,"column":null}},"22":{"start":{"line":52,"column":8},"end":{"line":52,"column":null}},"23":{"start":{"line":53,"column":8},"end":{"line":53,"column":null}},"24":{"start":{"line":53,"column":21},"end":{"line":53,"column":null}},"25":{"start":{"line":57,"column":10},"end":{"line":84,"column":null}},"26":{"start":{"line":58,"column":8},"end":{"line":58,"column":null}},"27":{"start":{"line":59,"column":8},"end":{"line":59,"column":null}},"28":{"start":{"line":62,"column":8},"end":{"line":83,"column":null}},"29":{"start":{"line":63,"column":12},"end":{"line":66,"column":null}},"30":{"start":{"line":67,"column":8},"end":{"line":83,"column":null}},"31":{"start":{"line":68,"column":29},"end":{"line":68,"column":null}},"32":{"start":{"line":69,"column":12},"end":{"line":73,"column":null}},"33":{"start":{"line":74,"column":8},"end":{"line":83,"column":null}},"34":{"start":{"line":75,"column":12},"end":{"line":78,"column":null}},"35":{"start":{"line":79,"column":8},"end":{"line":83,"column":null}},"36":{"start":{"line":80,"column":12},"end":{"line":80,"column":null}},"37":{"start":{"line":81,"column":8},"end":{"line":83,"column":null}},"38":{"start":{"line":82,"column":12},"end":{"line":82,"column":null}},"39":{"start":{"line":86,"column":28},"end":{"line":88,"column":null}},"40":{"start":{"line":87,"column":8},"end":{"line":87,"column":null}},"41":{"start":{"line":90,"column":37},"end":{"line":93,"column":null}},"42":{"start":{"line":91,"column":8},"end":{"line":91,"column":null}},"43":{"start":{"line":92,"column":8},"end":{"line":92,"column":null}},"44":{"start":{"line":95,"column":26},"end":{"line":98,"column":null}},"45":{"start":{"line":96,"column":8},"end":{"line":96,"column":null}},"46":{"start":{"line":97,"column":8},"end":{"line":97,"column":null}},"47":{"start":{"line":100,"column":4},"end":{"line":137,"column":null}},"48":{"start":{"line":132,"column":31},"end":{"line":132,"column":null}}},"fnMap":{"0":{"name":"(anonymous_0)","decl":{"start":{"line":11,"column":22},"end":{"line":11,"column":28}},"loc":{"start":{"line":11,"column":28},"end":{"line":139,"column":null}},"line":11},"1":{"name":"(anonymous_1)","decl":{"start":{"line":17,"column":33},"end":{"line":17,"column":39}},"loc":{"start":{"line":17,"column":39},"end":{"line":17,"column":82}},"line":17},"2":{"name":"(anonymous_2)","decl":{"start":{"line":21,"column":14},"end":{"line":21,"column":20}},"loc":{"start":{"line":21,"column":20},"end":{"line":39,"column":7}},"line":21},"3":{"name":"(anonymous_3)","decl":{"start":{"line":24,"column":88},"end":{"line":24,"column":95}},"loc":{"start":{"line":24,"column":95},"end":{"line":27,"column":9}},"line":24},"4":{"name":"(anonymous_4)","decl":{"start":{"line":42,"column":14},"end":{"line":42,"column":20}},"loc":{"start":{"line":42,"column":20},"end":{"line":54,"column":7}},"line":42},"5":{"name":"(anonymous_5)","decl":{"start":{"line":43,"column":35},"end":{"line":43,"column":41}},"loc":{"start":{"line":43,"column":41},"end":{"line":51,"column":null}},"line":43},"6":{"name":"(anonymous_6)","decl":{"start":{"line":53,"column":15},"end":{"line":53,"column":21}},"loc":{"start":{"line":53,"column":21},"end":{"line":53,"column":null}},"line":53},"7":{"name":"(anonymous_7)","decl":{"start":{"line":57,"column":41},"end":{"line":57,"column":42}},"loc":{"start":{"line":57,"column":69},"end":{"line":84,"column":7}},"line":57},"8":{"name":"(anonymous_8)","decl":{"start":{"line":86,"column":28},"end":{"line":86,"column":34}},"loc":{"start":{"line":86,"column":34},"end":{"line":88,"column":null}},"line":86},"9":{"name":"(anonymous_9)","decl":{"start":{"line":90,"column":37},"end":{"line":90,"column":38}},"loc":{"start":{"line":90,"column":61},"end":{"line":93,"column":null}},"line":90},"10":{"name":"(anonymous_10)","decl":{"start":{"line":95,"column":26},"end":{"line":95,"column":32}},"loc":{"start":{"line":95,"column":32},"end":{"line":98,"column":null}},"line":95},"11":{"name":"(anonymous_11)","decl":{"start":{"line":132,"column":25},"end":{"line":132,"column":31}},"loc":{"start":{"line":132,"column":31},"end":{"line":132,"column":null}},"line":132}},"branchMap":{"0":{"loc":{"start":{"line":26,"column":12},"end":{"line":26,"column":null}},"type":"if","locations":[{"start":{"line":26,"column":12},"end":{"line":26,"column":null}},{"start":{},"end":{}}],"line":26},"1":{"loc":{"start":{"line":44,"column":12},"end":{"line":50,"column":null}},"type":"if","locations":[{"start":{"line":44,"column":12},"end":{"line":50,"column":null}},{"start":{},"end":{}}],"line":44},"2":{"loc":{"start":{"line":62,"column":8},"end":{"line":83,"column":null}},"type":"if","locations":[{"start":{"line":62,"column":8},"end":{"line":83,"column":null}},{"start":{"line":67,"column":8},"end":{"line":83,"column":null}}],"line":62},"3":{"loc":{"start":{"line":65,"column":32},"end":{"line":65,"column":null}},"type":"binary-expr","locations":[{"start":{"line":65,"column":32},"end":{"line":65,"column":78}},{"start":{"line":65,"column":78},"end":{"line":65,"column":null}}],"line":65},"4":{"loc":{"start":{"line":67,"column":8},"end":{"line":83,"column":null}},"type":"if","locations":[{"start":{"line":67,"column":8},"end":{"line":83,"column":null}},{"start":{"line":74,"column":8},"end":{"line":83,"column":null}}],"line":67},"5":{"loc":{"start":{"line":72,"column":32},"end":{"line":72,"column":null}},"type":"binary-expr","locations":[{"start":{"line":72,"column":32},"end":{"line":72,"column":78}},{"start":{"line":72,"column":78},"end":{"line":72,"column":null}}],"line":72},"6":{"loc":{"start":{"line":74,"column":8},"end":{"line":83,"column":null}},"type":"if","locations":[{"start":{"line":74,"column":8},"end":{"line":83,"column":null}},{"start":{"line":79,"column":8},"end":{"line":83,"column":null}}],"line":74},"7":{"loc":{"start":{"line":79,"column":8},"end":{"line":83,"column":null}},"type":"if","locations":[{"start":{"line":79,"column":8},"end":{"line":83,"column":null}},{"start":{"line":81,"column":8},"end":{"line":83,"column":null}}],"line":79},"8":{"loc":{"start":{"line":81,"column":8},"end":{"line":83,"column":null}},"type":"if","locations":[{"start":{"line":81,"column":8},"end":{"line":83,"column":null}},{"start":{},"end":{}}],"line":81},"9":{"loc":{"start":{"line":105,"column":17},"end":{"line":105,"column":null}},"type":"binary-expr","locations":[{"start":{"line":105,"column":17},"end":{"line":105,"column":39}},{"start":{"line":105,"column":39},"end":{"line":105,"column":null}}],"line":105},"10":{"loc":{"start":{"line":107,"column":17},"end":{"line":115,"column":null}},"type":"binary-expr","locations":[{"start":{"line":107,"column":17},"end":{"line":107,"column":null}},{"start":{"line":108,"column":20},"end":{"line":115,"column":null}}],"line":107},"11":{"loc":{"start":{"line":118,"column":17},"end":{"line":126,"column":null}},"type":"binary-expr","locations":[{"start":{"line":118,"column":17},"end":{"line":118,"column":null}},{"start":{"line":119,"column":20},"end":{"line":126,"column":null}}],"line":118}},"s":{"0":1,"1":4,"2":4,"3":4,"4":4,"5":4,"6":2,"7":4,"8":4,"9":2,"10":2,"11":2,"12":10,"13":10,"14":0,"15":2,"16":2,"17":4,"18":4,"19":0,"20":0,"21":0,"22":4,"23":4,"24":4,"25":4,"26":5,"27":5,"28":5,"29":1,"30":4,"31":1,"32":1,"33":3,"34":1,"35":2,"36":1,"37":1,"38":1,"39":4,"40":0,"41":4,"42":1,"43":1,"44":4,"45":1,"46":1,"47":4,"48":0},"f":{"0":4,"1":2,"2":2,"3":10,"4":4,"5":0,"6":4,"7":5,"8":0,"9":1,"10":1,"11":0},"b":{"0":[0,10],"1":[0,0],"2":[1,4],"3":[1,0],"4":[1,3],"5":[1,1],"6":[1,2],"7":[1,1],"8":[1,0],"9":[4,1],"10":[4,2],"11":[4,1]},"meta":{"lastBranch":12,"lastFunction":12,"lastStatement":49,"seen":{"s:11:22:139:Infinity":0,"f:11:22:11:28":0,"s:12:24:12:Infinity":1,"s:13:28:13:Infinity":2,"s:14:38:14:Infinity":3,"s:15:40:15:Infinity":4,"s:17:20:17:Infinity":5,"f:17:33:17:39":1,"s:17:39:17:82":6,"s:18:10:18:Infinity":7,"s:21:4:39:Infinity":8,"f:21:14:21:20":2,"s:22:23:22:Infinity":9,"s:23:44:23:Infinity":10,"s:24:8:27:Infinity":11,"f:24:88:24:95":3,"s:25:24:25:Infinity":12,"b:26:12:26:Infinity:undefined:undefined:undefined:undefined":0,"s:26:12:26:Infinity":13,"s:26:21:26:Infinity":14,"s:29:8:29:Infinity":15,"s:31:8:38:Infinity":16,"s:42:4:54:Infinity":17,"f:42:14:42:20":4,"s:43:35:51:Infinity":18,"f:43:35:43:41":5,"b:44:12:50:Infinity:undefined:undefined:undefined:undefined":1,"s:44:12:50:Infinity":19,"s:45:33:45:Infinity":20,"s:46:16:49:Infinity":21,"s:52:8:52:Infinity":22,"s:53:8:53:Infinity":23,"f:53:15:53:21":6,"s:53:21:53:Infinity":24,"s:57:10:84:Infinity":25,"f:57:41:57:42":7,"s:58:8:58:Infinity":26,"s:59:8:59:Infinity":27,"b:62:8:83:Infinity:67:8:83:Infinity":2,"s:62:8:83:Infinity":28,"s:63:12:66:Infinity":29,"b:65:32:65:78:65:78:65:Infinity":3,"b:67:8:83:Infinity:74:8:83:Infinity":4,"s:67:8:83:Infinity":30,"s:68:29:68:Infinity":31,"s:69:12:73:Infinity":32,"b:72:32:72:78:72:78:72:Infinity":5,"b:74:8:83:Infinity:79:8:83:Infinity":6,"s:74:8:83:Infinity":33,"s:75:12:78:Infinity":34,"b:79:8:83:Infinity:81:8:83:Infinity":7,"s:79:8:83:Infinity":35,"s:80:12:80:Infinity":36,"b:81:8:83:Infinity:undefined:undefined:undefined:undefined":8,"s:81:8:83:Infinity":37,"s:82:12:82:Infinity":38,"s:86:28:88:Infinity":39,"f:86:28:86:34":8,"s:87:8:87:Infinity":40,"s:90:37:93:Infinity":41,"f:90:37:90:38":9,"s:91:8:91:Infinity":42,"s:92:8:92:Infinity":43,"s:95:26:98:Infinity":44,"f:95:26:95:32":10,"s:96:8:96:Infinity":45,"s:97:8:97:Infinity":46,"s:100:4:137:Infinity":47,"b:105:17:105:39:105:39:105:Infinity":9,"b:107:17:107:Infinity:108:20:115:Infinity":10,"b:118:17:118:Infinity:119:20:126:Infinity":11,"f:132:25:132:31":11,"s:132:31:132:Infinity":48}}}
,"/Volumes/9_0rdon-ssd/9_0rdon/Projects/creative-precision/src/constants.ts": {"path":"/Volumes/9_0rdon-ssd/9_0rdon/Projects/creative-precision/src/constants.ts","statementMap":{"0":{"start":{"line":3,"column":36},"end":{"line":9,"column":null}},"1":{"start":{"line":11,"column":41},"end":{"line":76,"column":null}}},"fnMap":{},"branchMap":{},"s":{"0":4,"1":4},"f":{},"b":{},"meta":{"lastBranch":0,"lastFunction":0,"lastStatement":2,"seen":{"s:3:36:9:Infinity":0,"s:11:41:76:Infinity":1}}}
,"/Volumes/9_0rdon-ssd/9_0rdon/Projects/creative-precision/src/index.tsx": {"path":"/Volumes/9_0rdon-ssd/9_0rdon/Projects/creative-precision/src/index.tsx","statementMap":{"0":{"start":{"line":5,"column":20},"end":{"line":5,"column":null}},"1":{"start":{"line":6,"column":0},"end":{"line":8,"column":null}},"2":{"start":{"line":7,"column":4},"end":{"line":7,"column":null}},"3":{"start":{"line":10,"column":13},"end":{"line":10,"column":null}},"4":{"start":{"line":11,"column":0},"end":{"line":15,"column":null}}},"fnMap":{},"branchMap":{"0":{"loc":{"start":{"line":6,"column":0},"end":{"line":8,"column":null}},"type":"if","locations":[{"start":{"line":6,"column":0},"end":{"line":8,"column":null}},{"start":{},"end":{}}],"line":6}},"s":{"0":0,"1":0,"2":0,"3":0,"4":0},"f":{},"b":{"0":[0,0]},"meta":{"lastBranch":1,"lastFunction":0,"lastStatement":5,"seen":{"s:5:20:5:Infinity":0,"b:6:0:8:Infinity:undefined:undefined:undefined:undefined":0,"s:6:0:8:Infinity":1,"s:7:4:7:Infinity":2,"s:10:13:10:Infinity":3,"s:11:0:15:Infinity":4}}}
,"/Volumes/9_0rdon-ssd/9_0rdon/Projects/creative-precision/src/components/Button.tsx": {"path":"/Volumes/9_0rdon-ssd/9_0rdon/Projects/creative-precision/src/components/Button.tsx","statementMap":{"0":{"start":{"line":8,"column":45},"end":{"line":32,"column":null}},"1":{"start":{"line":15,"column":21},"end":{"line":15,"column":null}},"2":{"start":{"line":17,"column":19},"end":{"line":21,"column":null}},"3":{"start":{"line":23,"column":2},"end":{"line":30,"column":null}}},"fnMap":{"0":{"name":"(anonymous_0)","decl":{"start":{"line":8,"column":45},"end":{"line":8,"column":46}},"loc":{"start":{"line":14,"column":6},"end":{"line":32,"column":null}},"line":14}},"branchMap":{"0":{"loc":{"start":{"line":10,"column":2},"end":{"line":10,"column":null}},"type":"default-arg","locations":[{"start":{"line":10,"column":12},"end":{"line":10,"column":null}}],"line":10},"1":{"loc":{"start":{"line":11,"column":2},"end":{"line":11,"column":null}},"type":"default-arg","locations":[{"start":{"line":11,"column":14},"end":{"line":11,"column":null}}],"line":11},"2":{"loc":{"start":{"line":29,"column":7},"end":{"line":29,"column":null}},"type":"binary-expr","locations":[{"start":{"line":29,"column":7},"end":{"line":29,"column":15}},{"start":{"line":29,"column":15},"end":{"line":29,"column":null}}],"line":29}},"s":{"0":4,"1":13,"2":13,"3":13},"f":{"0":13},"b":{"0":[13],"1":[13],"2":[13,2]},"meta":{"lastBranch":3,"lastFunction":1,"lastStatement":4,"seen":{"s:8:45:32:Infinity":0,"f:8:45:8:46":0,"b:10:12:10:Infinity":0,"b:11:14:11:Infinity":1,"s:15:21:15:Infinity":1,"s:17:19:21:Infinity":2,"s:23:2:30:Infinity":3,"b:29:7:29:15:29:15:29:Infinity":2}}}
,"/Volumes/9_0rdon-ssd/9_0rdon/Projects/creative-precision/src/components/ChatInterface.tsx": {"path":"/Volumes/9_0rdon-ssd/9_0rdon/Projects/creative-precision/src/components/ChatInterface.tsx","statementMap":{"0":{"start":{"line":19,"column":28},"end":{"line":22,"column":null}},"1":{"start":{"line":20,"column":16},"end":{"line":20,"column":null}},"2":{"start":{"line":21,"column":2},"end":{"line":21,"column":null}},"3":{"start":{"line":21,"column":45},"end":{"line":21,"column":67}},"4":{"start":{"line":24,"column":59},"end":{"line":496,"column":null}},"5":{"start":{"line":26,"column":30},"end":{"line":26,"column":null}},"6":{"start":{"line":27,"column":24},"end":{"line":27,"column":null}},"7":{"start":{"line":28,"column":38},"end":{"line":28,"column":null}},"8":{"start":{"line":29,"column":32},"end":{"line":29,"column":null}},"9":{"start":{"line":30,"column":32},"end":{"line":30,"column":null}},"10":{"start":{"line":31,"column":36},"end":{"line":31,"column":null}},"11":{"start":{"line":32,"column":30},"end":{"line":32,"column":null}},"12":{"start":{"line":33,"column":44},"end":{"line":33,"column":null}},"13":{"start":{"line":36,"column":8},"end":{"line":36,"column":null}},"14":{"start":{"line":37,"column":8},"end":{"line":37,"column":null}},"15":{"start":{"line":38,"column":8},"end":{"line":38,"column":null}},"16":{"start":{"line":39,"column":8},"end":{"line":39,"column":null}},"17":{"start":{"line":40,"column":8},"end":{"line":40,"column":null}},"18":{"start":{"line":42,"column":8},"end":{"line":42,"column":null}},"19":{"start":{"line":45,"column":8},"end":{"line":45,"column":null}},"20":{"start":{"line":46,"column":8},"end":{"line":46,"column":null}},"21":{"start":{"line":49,"column":42},"end":{"line":49,"column":null}},"22":{"start":{"line":51,"column":8},"end":{"line":57,"column":null}},"23":{"start":{"line":52,"column":4},"end":{"line":56,"column":null}},"24":{"start":{"line":53,"column":6},"end":{"line":53,"column":null}},"25":{"start":{"line":55,"column":6},"end":{"line":55,"column":null}},"26":{"start":{"line":59,"column":30},"end":{"line":64,"column":null}},"27":{"start":{"line":67,"column":8},"end":{"line":71,"column":null}},"28":{"start":{"line":68,"column":4},"end":{"line":70,"column":null}},"29":{"start":{"line":69,"column":6},"end":{"line":69,"column":null}},"30":{"start":{"line":73,"column":21},"end":{"line":184,"column":null}},"31":{"start":{"line":74,"column":10},"end":{"line":74,"column":null}},"32":{"start":{"line":75,"column":4},"end":{"line":75,"column":null}},"33":{"start":{"line":75,"column":41},"end":{"line":75,"column":null}},"34":{"start":{"line":77,"column":4},"end":{"line":77,"column":null}},"35":{"start":{"line":77,"column":33},"end":{"line":77,"column":null}},"36":{"start":{"line":78,"column":4},"end":{"line":78,"column":null}},"37":{"start":{"line":79,"column":4},"end":{"line":79,"column":null}},"38":{"start":{"line":80,"column":4},"end":{"line":80,"column":null}},"39":{"start":{"line":81,"column":4},"end":{"line":81,"column":null}},"40":{"start":{"line":83,"column":4},"end":{"line":83,"column":null}},"41":{"start":{"line":84,"column":4},"end":{"line":84,"column":null}},"42":{"start":{"line":85,"column":4},"end":{"line":85,"column":null}},"43":{"start":{"line":87,"column":4},"end":{"line":90,"column":null}},"44":{"start":{"line":88,"column":6},"end":{"line":88,"column":null}},"45":{"start":{"line":89,"column":6},"end":{"line":89,"column":null}},"46":{"start":{"line":92,"column":29},"end":{"line":92,"column":null}},"47":{"start":{"line":93,"column":4},"end":{"line":98,"column":null}},"48":{"start":{"line":94,"column":26},"end":{"line":94,"column":null}},"49":{"start":{"line":95,"column":6},"end":{"line":95,"column":null}},"50":{"start":{"line":96,"column":6},"end":{"line":96,"column":null}},"51":{"start":{"line":97,"column":6},"end":{"line":97,"column":null}},"52":{"start":{"line":100,"column":4},"end":{"line":183,"column":null}},"53":{"start":{"line":101,"column":27},"end":{"line":101,"column":null}},"54":{"start":{"line":103,"column":21},"end":{"line":103,"column":null}},"55":{"start":{"line":104,"column":6},"end":{"line":108,"column":null}},"56":{"start":{"line":105,"column":24},"end":{"line":105,"column":null}},"57":{"start":{"line":106,"column":8},"end":{"line":106,"column":null}},"58":{"start":{"line":107,"column":8},"end":{"line":107,"column":null}},"59":{"start":{"line":110,"column":6},"end":{"line":144,"column":null}},"60":{"start":{"line":111,"column":22},"end":{"line":111,"column":null}},"61":{"start":{"line":112,"column":8},"end":{"line":112,"column":null}},"62":{"start":{"line":114,"column":8},"end":{"line":119,"column":null}},"63":{"start":{"line":115,"column":23},"end":{"line":115,"column":null}},"64":{"start":{"line":116,"column":10},"end":{"line":116,"column":null}},"65":{"start":{"line":117,"column":10},"end":{"line":117,"column":null}},"66":{"start":{"line":118,"column":10},"end":{"line":118,"column":null}},"67":{"start":{"line":122,"column":8},"end":{"line":143,"column":null}},"68":{"start":{"line":123,"column":10},"end":{"line":123,"column":null}},"69":{"start":{"line":124,"column":28},"end":{"line":124,"column":null}},"70":{"start":{"line":126,"column":10},"end":{"line":142,"column":null}},"71":{"start":{"line":127,"column":35},"end":{"line":127,"column":null}},"72":{"start":{"line":128,"column":12},"end":{"line":140,"column":null}},"73":{"start":{"line":128,"column":25},"end":{"line":128,"column":28}},"74":{"start":{"line":129,"column":31},"end":{"line":129,"column":null}},"75":{"start":{"line":130,"column":14},"end":{"line":139,"column":null}},"76":{"start":{"line":131,"column":16},"end":{"line":131,"column":null}},"77":{"start":{"line":132,"column":16},"end":{"line":138,"column":null}},"78":{"start":{"line":133,"column":18},"end":{"line":137,"column":null}},"79":{"start":{"line":134,"column":20},"end":{"line":134,"column":null}},"80":{"start":{"line":135,"column":20},"end":{"line":135,"column":null}},"81":{"start":{"line":136,"column":20},"end":{"line":136,"column":null}},"82":{"start":{"line":141,"column":12},"end":{"line":141,"column":null}},"83":{"start":{"line":147,"column":6},"end":{"line":153,"column":null}},"84":{"start":{"line":148,"column":26},"end":{"line":148,"column":null}},"85":{"start":{"line":149,"column":8},"end":{"line":152,"column":null}},"86":{"start":{"line":150,"column":10},"end":{"line":150,"column":null}},"87":{"start":{"line":151,"column":10},"end":{"line":151,"column":null}},"88":{"start":{"line":156,"column":6},"end":{"line":161,"column":null}},"89":{"start":{"line":157,"column":21},"end":{"line":157,"column":null}},"90":{"start":{"line":158,"column":8},"end":{"line":158,"column":null}},"91":{"start":{"line":159,"column":8},"end":{"line":159,"column":null}},"92":{"start":{"line":160,"column":8},"end":{"line":160,"column":null}},"93":{"start":{"line":163,"column":6},"end":{"line":163,"column":null}},"94":{"start":{"line":164,"column":6},"end":{"line":164,"column":null}},"95":{"start":{"line":167,"column":6},"end":{"line":177,"column":null}},"96":{"start":{"line":168,"column":8},"end":{"line":168,"column":null}},"97":{"start":{"line":169,"column":8},"end":{"line":169,"column":null}},"98":{"start":{"line":171,"column":8},"end":{"line":171,"column":null}},"99":{"start":{"line":172,"column":8},"end":{"line":172,"column":null}},"100":{"start":{"line":174,"column":8},"end":{"line":176,"column":null}},"101":{"start":{"line":175,"column":10},"end":{"line":175,"column":null}},"102":{"start":{"line":180,"column":6},"end":{"line":180,"column":null}},"103":{"start":{"line":181,"column":6},"end":{"line":181,"column":null}},"104":{"start":{"line":182,"column":6},"end":{"line":182,"column":null}},"105":{"start":{"line":182,"column":32},"end":{"line":182,"column":null}},"106":{"start":{"line":186,"column":57},"end":{"line":212,"column":null}},"107":{"start":{"line":188,"column":6},"end":{"line":207,"column":null}},"108":{"start":{"line":189,"column":24},"end":{"line":189,"column":null}},"109":{"start":{"line":190,"column":14},"end":{"line":190,"column":null}},"110":{"start":{"line":191,"column":8},"end":{"line":191,"column":null}},"111":{"start":{"line":192,"column":8},"end":{"line":192,"column":null}},"112":{"start":{"line":193,"column":8},"end":{"line":193,"column":null}},"113":{"start":{"line":195,"column":8},"end":{"line":195,"column":null}},"114":{"start":{"line":195,"column":37},"end":{"line":195,"column":null}},"115":{"start":{"line":196,"column":8},"end":{"line":198,"column":null}},"116":{"start":{"line":197,"column":10},"end":{"line":197,"column":null}},"117":{"start":{"line":199,"column":6},"end":{"line":207,"column":null}},"118":{"start":{"line":200,"column":8},"end":{"line":200,"column":null}},"119":{"start":{"line":201,"column":8},"end":{"line":201,"column":null}},"120":{"start":{"line":201,"column":37},"end":{"line":201,"column":null}},"121":{"start":{"line":202,"column":8},"end":{"line":206,"column":null}},"122":{"start":{"line":203,"column":26},"end":{"line":203,"column":null}},"123":{"start":{"line":204,"column":16},"end":{"line":204,"column":null}},"124":{"start":{"line":205,"column":10},"end":{"line":205,"column":null}},"125":{"start":{"line":216,"column":2},"end":{"line":221,"column":null}},"126":{"start":{"line":217,"column":4},"end":{"line":217,"column":null}},"127":{"start":{"line":218,"column":28},"end":{"line":218,"column":null}},"128":{"start":{"line":219,"column":4},"end":{"line":219,"column":null}},"129":{"start":{"line":220,"column":4},"end":{"line":220,"column":null}},"130":{"start":{"line":223,"column":2},"end":{"line":225,"column":null}},"131":{"start":{"line":224,"column":4},"end":{"line":224,"column":null}},"132":{"start":{"line":227,"column":2},"end":{"line":229,"column":null}},"133":{"start":{"line":228,"column":4},"end":{"line":228,"column":null}},"134":{"start":{"line":231,"column":2},"end":{"line":233,"column":null}},"135":{"start":{"line":232,"column":4},"end":{"line":232,"column":null}},"136":{"start":{"line":236,"column":28},"end":{"line":254,"column":null}},"137":{"start":{"line":237,"column":4},"end":{"line":253,"column":null}},"138":{"start":{"line":238,"column":6},"end":{"line":238,"column":null}},"139":{"start":{"line":239,"column":6},"end":{"line":239,"column":null}},"140":{"start":{"line":240,"column":6},"end":{"line":240,"column":null}},"141":{"start":{"line":241,"column":6},"end":{"line":241,"column":null}},"142":{"start":{"line":242,"column":6},"end":{"line":242,"column":null}},"143":{"start":{"line":244,"column":6},"end":{"line":244,"column":null}},"144":{"start":{"line":245,"column":6},"end":{"line":245,"column":null}},"145":{"start":{"line":247,"column":22},"end":{"line":247,"column":null}},"146":{"start":{"line":248,"column":6},"end":{"line":252,"column":null}},"147":{"start":{"line":249,"column":8},"end":{"line":249,"column":null}},"148":{"start":{"line":251,"column":8},"end":{"line":251,"column":null}},"149":{"start":{"line":257,"column":23},"end":{"line":257,"column":null}},"150":{"start":{"line":257,"column":44},"end":{"line":257,"column":61}},"151":{"start":{"line":258,"column":27},"end":{"line":258,"column":null}},"152":{"start":{"line":260,"column":2},"end":{"line":494,"column":null}},"153":{"start":{"line":335,"column":12},"end":{"line":358,"column":null}},"154":{"start":{"line":410,"column":33},"end":{"line":410,"column":59}},"155":{"start":{"line":411,"column":32},"end":{"line":411,"column":null}},"156":{"start":{"line":449,"column":29},"end":{"line":449,"column":null}},"157":{"start":{"line":471,"column":27},"end":{"line":471,"column":null}},"158":{"start":{"line":479,"column":34},"end":{"line":479,"column":null}},"159":{"start":{"line":480,"column":34},"end":{"line":480,"column":null}}},"fnMap":{"0":{"name":"(anonymous_0)","decl":{"start":{"line":19,"column":28},"end":{"line":19,"column":29}},"loc":{"start":{"line":19,"column":55},"end":{"line":22,"column":null}},"line":19},"1":{"name":"(anonymous_1)","decl":{"start":{"line":21,"column":35},"end":{"line":21,"column":45}},"loc":{"start":{"line":21,"column":45},"end":{"line":21,"column":67}},"line":21},"2":{"name":"(anonymous_2)","decl":{"start":{"line":24,"column":59},"end":{"line":24,"column":60}},"loc":{"start":{"line":24,"column":112},"end":{"line":496,"column":null}},"line":24},"3":{"name":"(anonymous_3)","decl":{"start":{"line":51,"column":38},"end":{"line":51,"column":44}},"loc":{"start":{"line":51,"column":44},"end":{"line":57,"column":5}},"line":51},"4":{"name":"(anonymous_4)","decl":{"start":{"line":67,"column":28},"end":{"line":67,"column":29}},"loc":{"start":{"line":67,"column":88},"end":{"line":71,"column":5}},"line":67},"5":{"name":"(anonymous_5)","decl":{"start":{"line":73,"column":21},"end":{"line":73,"column":28}},"loc":{"start":{"line":73,"column":54},"end":{"line":184,"column":null}},"line":73},"6":{"name":"(anonymous_6)","decl":{"start":{"line":93,"column":16},"end":{"line":93,"column":24}},"loc":{"start":{"line":93,"column":24},"end":{"line":98,"column":5}},"line":93},"7":{"name":"(anonymous_7)","decl":{"start":{"line":104,"column":18},"end":{"line":104,"column":26}},"loc":{"start":{"line":104,"column":26},"end":{"line":108,"column":7}},"line":104},"8":{"name":"(anonymous_8)","decl":{"start":{"line":114,"column":20},"end":{"line":114,"column":28}},"loc":{"start":{"line":114,"column":28},"end":{"line":119,"column":9}},"line":114},"9":{"name":"(anonymous_9)","decl":{"start":{"line":156,"column":18},"end":{"line":156,"column":26}},"loc":{"start":{"line":156,"column":26},"end":{"line":161,"column":7}},"line":156},"10":{"name":"(anonymous_10)","decl":{"start":{"line":174,"column":19},"end":{"line":174,"column":25}},"loc":{"start":{"line":174,"column":25},"end":{"line":176,"column":11}},"line":174},"11":{"name":"(anonymous_11)","decl":{"start":{"line":187,"column":18},"end":{"line":187,"column":19}},"loc":{"start":{"line":187,"column":38},"end":{"line":208,"column":null}},"line":187},"12":{"name":"(anonymous_12)","decl":{"start":{"line":196,"column":45},"end":{"line":196,"column":51}},"loc":{"start":{"line":196,"column":51},"end":{"line":198,"column":11}},"line":196},"13":{"name":"(anonymous_13)","decl":{"start":{"line":202,"column":45},"end":{"line":202,"column":51}},"loc":{"start":{"line":202,"column":51},"end":{"line":206,"column":11}},"line":202},"14":{"name":"(anonymous_14)","decl":{"start":{"line":216,"column":12},"end":{"line":216,"column":18}},"loc":{"start":{"line":216,"column":18},"end":{"line":221,"column":5}},"line":216},"15":{"name":"(anonymous_15)","decl":{"start":{"line":223,"column":12},"end":{"line":223,"column":18}},"loc":{"start":{"line":223,"column":18},"end":{"line":225,"column":5}},"line":223},"16":{"name":"(anonymous_16)","decl":{"start":{"line":227,"column":12},"end":{"line":227,"column":18}},"loc":{"start":{"line":227,"column":18},"end":{"line":229,"column":5}},"line":227},"17":{"name":"(anonymous_17)","decl":{"start":{"line":231,"column":12},"end":{"line":231,"column":18}},"loc":{"start":{"line":231,"column":18},"end":{"line":233,"column":5}},"line":231},"18":{"name":"(anonymous_18)","decl":{"start":{"line":236,"column":28},"end":{"line":236,"column":40}},"loc":{"start":{"line":236,"column":40},"end":{"line":254,"column":null}},"line":236},"19":{"name":"(anonymous_19)","decl":{"start":{"line":257,"column":39},"end":{"line":257,"column":44}},"loc":{"start":{"line":257,"column":44},"end":{"line":257,"column":61}},"line":257},"20":{"name":"(anonymous_20)","decl":{"start":{"line":334,"column":24},"end":{"line":334,"column":25}},"loc":{"start":{"line":335,"column":12},"end":{"line":358,"column":null}},"line":335},"21":{"name":"(anonymous_21)","decl":{"start":{"line":410,"column":24},"end":{"line":410,"column":25}},"loc":{"start":{"line":410,"column":31},"end":{"line":410,"column":null}},"line":410},"22":{"name":"(anonymous_22)","decl":{"start":{"line":411,"column":25},"end":{"line":411,"column":26}},"loc":{"start":{"line":411,"column":32},"end":{"line":411,"column":null}},"line":411},"23":{"name":"(anonymous_23)","decl":{"start":{"line":449,"column":23},"end":{"line":449,"column":29}},"loc":{"start":{"line":449,"column":29},"end":{"line":449,"column":null}},"line":449},"24":{"name":"(anonymous_24)","decl":{"start":{"line":471,"column":21},"end":{"line":471,"column":27}},"loc":{"start":{"line":471,"column":27},"end":{"line":471,"column":null}},"line":471},"25":{"name":"(anonymous_25)","decl":{"start":{"line":479,"column":26},"end":{"line":479,"column":27}},"loc":{"start":{"line":479,"column":34},"end":{"line":479,"column":null}},"line":479},"26":{"name":"(anonymous_26)","decl":{"start":{"line":480,"column":26},"end":{"line":480,"column":27}},"loc":{"start":{"line":480,"column":34},"end":{"line":480,"column":null}},"line":480}},"branchMap":{"0":{"loc":{"start":{"line":52,"column":4},"end":{"line":56,"column":null}},"type":"if","locations":[{"start":{"line":52,"column":4},"end":{"line":56,"column":null}},{"start":{"line":54,"column":11},"end":{"line":56,"column":null}}],"line":52},"1":{"loc":{"start":{"line":68,"column":4},"end":{"line":70,"column":null}},"type":"if","locations":[{"start":{"line":68,"column":4},"end":{"line":70,"column":null}},{"start":{},"end":{}}],"line":68},"2":{"loc":{"start":{"line":68,"column":8},"end":{"line":68,"column":35}},"type":"binary-expr","locations":[{"start":{"line":68,"column":8},"end":{"line":68,"column":24}},{"start":{"line":68,"column":24},"end":{"line":68,"column":35}}],"line":68},"3":{"loc":{"start":{"line":74,"column":24},"end":{"line":74,"column":67}},"type":"binary-expr","locations":[{"start":{"line":74,"column":24},"end":{"line":74,"column":40}},{"start":{"line":74,"column":40},"end":{"line":74,"column":60}},{"start":{"line":74,"column":60},"end":{"line":74,"column":67}}],"line":74},"4":{"loc":{"start":{"line":75,"column":4},"end":{"line":75,"column":null}},"type":"if","locations":[{"start":{"line":75,"column":4},"end":{"line":75,"column":null}},{"start":{},"end":{}}],"line":75},"5":{"loc":{"start":{"line":75,"column":8},"end":{"line":75,"column":41}},"type":"binary-expr","locations":[{"start":{"line":75,"column":8},"end":{"line":75,"column":23}},{"start":{"line":75,"column":23},"end":{"line":75,"column":41}}],"line":75},"6":{"loc":{"start":{"line":77,"column":4},"end":{"line":77,"column":null}},"type":"if","locations":[{"start":{"line":77,"column":4},"end":{"line":77,"column":null}},{"start":{},"end":{}}],"line":77},"7":{"loc":{"start":{"line":87,"column":4},"end":{"line":90,"column":null}},"type":"if","locations":[{"start":{"line":87,"column":4},"end":{"line":90,"column":null}},{"start":{},"end":{}}],"line":87},"8":{"loc":{"start":{"line":111,"column":22},"end":{"line":111,"column":null}},"type":"binary-expr","locations":[{"start":{"line":111,"column":22},"end":{"line":111,"column":64}},{"start":{"line":111,"column":64},"end":{"line":111,"column":null}}],"line":111},"9":{"loc":{"start":{"line":122,"column":8},"end":{"line":143,"column":null}},"type":"if","locations":[{"start":{"line":122,"column":8},"end":{"line":143,"column":null}},{"start":{},"end":{}}],"line":122},"10":{"loc":{"start":{"line":126,"column":10},"end":{"line":142,"column":null}},"type":"if","locations":[{"start":{"line":126,"column":10},"end":{"line":142,"column":null}},{"start":{},"end":{}}],"line":126},"11":{"loc":{"start":{"line":130,"column":14},"end":{"line":139,"column":null}},"type":"if","locations":[{"start":{"line":130,"column":14},"end":{"line":139,"column":null}},{"start":{},"end":{}}],"line":130},"12":{"loc":{"start":{"line":131,"column":37},"end":{"line":131,"column":68}},"type":"cond-expr","locations":[{"start":{"line":131,"column":56},"end":{"line":131,"column":62}},{"start":{"line":131,"column":62},"end":{"line":131,"column":68}}],"line":131},"13":{"loc":{"start":{"line":132,"column":16},"end":{"line":138,"column":null}},"type":"if","locations":[{"start":{"line":132,"column":16},"end":{"line":138,"column":null}},{"start":{},"end":{}}],"line":132},"14":{"loc":{"start":{"line":132,"column":20},"end":{"line":132,"column":80}},"type":"binary-expr","locations":[{"start":{"line":132,"column":20},"end":{"line":132,"column":52}},{"start":{"line":132,"column":52},"end":{"line":132,"column":80}}],"line":132},"15":{"loc":{"start":{"line":133,"column":18},"end":{"line":137,"column":null}},"type":"if","locations":[{"start":{"line":133,"column":18},"end":{"line":137,"column":null}},{"start":{},"end":{}}],"line":133},"16":{"loc":{"start":{"line":141,"column":41},"end":{"line":141,"column":91}},"type":"cond-expr","locations":[{"start":{"line":141,"column":60},"end":{"line":141,"column":85}},{"start":{"line":141,"column":85},"end":{"line":141,"column":91}}],"line":141},"17":{"loc":{"start":{"line":147,"column":6},"end":{"line":153,"column":null}},"type":"if","locations":[{"start":{"line":147,"column":6},"end":{"line":153,"column":null}},{"start":{},"end":{}}],"line":147},"18":{"loc":{"start":{"line":147,"column":10},"end":{"line":147,"column":68}},"type":"binary-expr","locations":[{"start":{"line":147,"column":10},"end":{"line":147,"column":34}},{"start":{"line":147,"column":34},"end":{"line":147,"column":68}}],"line":147},"19":{"loc":{"start":{"line":149,"column":8},"end":{"line":152,"column":null}},"type":"if","locations":[{"start":{"line":149,"column":8},"end":{"line":152,"column":null}},{"start":{},"end":{}}],"line":149},"20":{"loc":{"start":{"line":167,"column":6},"end":{"line":177,"column":null}},"type":"if","locations":[{"start":{"line":167,"column":6},"end":{"line":177,"column":null}},{"start":{},"end":{}}],"line":167},"21":{"loc":{"start":{"line":182,"column":6},"end":{"line":182,"column":null}},"type":"if","locations":[{"start":{"line":182,"column":6},"end":{"line":182,"column":null}},{"start":{},"end":{}}],"line":182},"22":{"loc":{"start":{"line":188,"column":6},"end":{"line":207,"column":null}},"type":"if","locations":[{"start":{"line":188,"column":6},"end":{"line":207,"column":null}},{"start":{"line":199,"column":6},"end":{"line":207,"column":null}}],"line":188},"23":{"loc":{"start":{"line":195,"column":8},"end":{"line":195,"column":null}},"type":"if","locations":[{"start":{"line":195,"column":8},"end":{"line":195,"column":null}},{"start":{},"end":{}}],"line":195},"24":{"loc":{"start":{"line":199,"column":6},"end":{"line":207,"column":null}},"type":"if","locations":[{"start":{"line":199,"column":6},"end":{"line":207,"column":null}},{"start":{},"end":{}}],"line":199},"25":{"loc":{"start":{"line":201,"column":8},"end":{"line":201,"column":null}},"type":"if","locations":[{"start":{"line":201,"column":8},"end":{"line":201,"column":null}},{"start":{},"end":{}}],"line":201},"26":{"loc":{"start":{"line":237,"column":4},"end":{"line":253,"column":null}},"type":"if","locations":[{"start":{"line":237,"column":4},"end":{"line":253,"column":null}},{"start":{"line":243,"column":11},"end":{"line":253,"column":null}}],"line":237},"27":{"loc":{"start":{"line":248,"column":6},"end":{"line":252,"column":null}},"type":"if","locations":[{"start":{"line":248,"column":6},"end":{"line":252,"column":null}},{"start":{"line":250,"column":13},"end":{"line":252,"column":null}}],"line":248},"28":{"loc":{"start":{"line":248,"column":10},"end":{"line":248,"column":71}},"type":"binary-expr","locations":[{"start":{"line":248,"column":10},"end":{"line":248,"column":21}},{"start":{"line":248,"column":21},"end":{"line":248,"column":49}},{"start":{"line":248,"column":49},"end":{"line":248,"column":71}}],"line":248},"29":{"loc":{"start":{"line":258,"column":27},"end":{"line":258,"column":null}},"type":"binary-expr","locations":[{"start":{"line":258,"column":27},"end":{"line":258,"column":48}},{"start":{"line":258,"column":48},"end":{"line":258,"column":99}},{"start":{"line":258,"column":99},"end":{"line":258,"column":null}}],"line":258},"30":{"loc":{"start":{"line":295,"column":26},"end":{"line":295,"column":null}},"type":"cond-expr","locations":[{"start":{"line":295,"column":56},"end":{"line":295,"column":76}},{"start":{"line":295,"column":76},"end":{"line":295,"column":null}}],"line":295},"31":{"loc":{"start":{"line":296,"column":23},"end":{"line":296,"column":null}},"type":"cond-expr","locations":[{"start":{"line":296,"column":53},"end":{"line":296,"column":57}},{"start":{"line":296,"column":57},"end":{"line":296,"column":null}}],"line":296},"32":{"loc":{"start":{"line":308,"column":15},"end":{"line":312,"column":null}},"type":"cond-expr","locations":[{"start":{"line":308,"column":33},"end":{"line":308,"column":null}},{"start":{"line":309,"column":16},"end":{"line":312,"column":null}}],"line":308},"33":{"loc":{"start":{"line":309,"column":16},"end":{"line":312,"column":null}},"type":"cond-expr","locations":[{"start":{"line":309,"column":47},"end":{"line":309,"column":null}},{"start":{"line":310,"column":18},"end":{"line":312,"column":null}}],"line":309},"34":{"loc":{"start":{"line":310,"column":18},"end":{"line":312,"column":null}},"type":"cond-expr","locations":[{"start":{"line":310,"column":47},"end":{"line":310,"column":null}},{"start":{"line":311,"column":20},"end":{"line":312,"column":null}}],"line":310},"35":{"loc":{"start":{"line":311,"column":20},"end":{"line":312,"column":null}},"type":"cond-expr","locations":[{"start":{"line":311,"column":50},"end":{"line":311,"column":null}},{"start":{"line":312,"column":22},"end":{"line":312,"column":null}}],"line":311},"36":{"loc":{"start":{"line":317,"column":13},"end":{"line":324,"column":null}},"type":"binary-expr","locations":[{"start":{"line":317,"column":13},"end":{"line":317,"column":null}},{"start":{"line":318,"column":14},"end":{"line":324,"column":null}}],"line":317},"37":{"loc":{"start":{"line":337,"column":26},"end":{"line":337,"column":null}},"type":"cond-expr","locations":[{"start":{"line":337,"column":48},"end":{"line":337,"column":61}},{"start":{"line":337,"column":61},"end":{"line":337,"column":null}}],"line":337},"38":{"loc":{"start":{"line":342,"column":25},"end":{"line":342,"column":null}},"type":"cond-expr","locations":[{"start":{"line":342,"column":47},"end":{"line":342,"column":64}},{"start":{"line":342,"column":64},"end":{"line":342,"column":null}}],"line":342},"39":{"loc":{"start":{"line":343,"column":22},"end":{"line":346,"column":null}},"type":"cond-expr","locations":[{"start":{"line":343,"column":44},"end":{"line":346,"column":22}},{"start":{"line":346,"column":22},"end":{"line":346,"column":null}}],"line":343},"40":{"loc":{"start":{"line":349,"column":19},"end":{"line":354,"column":null}},"type":"binary-expr","locations":[{"start":{"line":349,"column":19},"end":{"line":349,"column":null}},{"start":{"line":350,"column":20},"end":{"line":354,"column":null}}],"line":349},"41":{"loc":{"start":{"line":359,"column":11},"end":{"line":370,"column":null}},"type":"binary-expr","locations":[{"start":{"line":362,"column":12},"end":{"line":362,"column":45}},{"start":{"line":362,"column":45},"end":{"line":362,"column":58}},{"start":{"line":362,"column":58},"end":{"line":362,"column":104}},{"start":{"line":362,"column":104},"end":{"line":362,"column":null}},{"start":{"line":363,"column":12},"end":{"line":370,"column":null}}],"line":359},"42":{"loc":{"start":{"line":374,"column":11},"end":{"line":387,"column":null}},"type":"binary-expr","locations":[{"start":{"line":374,"column":11},"end":{"line":374,"column":null}},{"start":{"line":375,"column":12},"end":{"line":387,"column":null}}],"line":374},"43":{"loc":{"start":{"line":404,"column":21},"end":{"line":404,"column":null}},"type":"cond-expr","locations":[{"start":{"line":404,"column":39},"end":{"line":404,"column":45}},{"start":{"line":404,"column":45},"end":{"line":404,"column":null}}],"line":404},"44":{"loc":{"start":{"line":405,"column":27},"end":{"line":405,"column":null}},"type":"cond-expr","locations":[{"start":{"line":405,"column":45},"end":{"line":405,"column":54}},{"start":{"line":405,"column":54},"end":{"line":405,"column":null}}],"line":405},"45":{"loc":{"start":{"line":409,"column":21},"end":{"line":409,"column":null}},"type":"binary-expr","locations":[{"start":{"line":409,"column":21},"end":{"line":409,"column":37}},{"start":{"line":409,"column":37},"end":{"line":409,"column":null}}],"line":409},"46":{"loc":{"start":{"line":411,"column":32},"end":{"line":411,"column":null}},"type":"binary-expr","locations":[{"start":{"line":411,"column":32},"end":{"line":411,"column":53}},{"start":{"line":411,"column":53},"end":{"line":411,"column":69}},{"start":{"line":411,"column":69},"end":{"line":411,"column":null}}],"line":411},"47":{"loc":{"start":{"line":412,"column":27},"end":{"line":412,"column":null}},"type":"cond-expr","locations":[{"start":{"line":412,"column":40},"end":{"line":412,"column":113}},{"start":{"line":412,"column":113},"end":{"line":412,"column":null}}],"line":412},"48":{"loc":{"start":{"line":412,"column":40},"end":{"line":412,"column":113}},"type":"cond-expr","locations":[{"start":{"line":412,"column":70},"end":{"line":412,"column":87}},{"start":{"line":412,"column":87},"end":{"line":412,"column":113}}],"line":412},"49":{"loc":{"start":{"line":413,"column":24},"end":{"line":413,"column":null}},"type":"binary-expr","locations":[{"start":{"line":413,"column":24},"end":{"line":413,"column":37}},{"start":{"line":413,"column":37},"end":{"line":413,"column":69}},{"start":{"line":413,"column":69},"end":{"line":413,"column":99}},{"start":{"line":413,"column":99},"end":{"line":413,"column":null}}],"line":413},"50":{"loc":{"start":{"line":429,"column":27},"end":{"line":429,"column":null}},"type":"cond-expr","locations":[{"start":{"line":429,"column":57},"end":{"line":429,"column":61}},{"start":{"line":429,"column":61},"end":{"line":429,"column":null}}],"line":429},"51":{"loc":{"start":{"line":439,"column":25},"end":{"line":439,"column":76}},"type":"cond-expr","locations":[{"start":{"line":439,"column":37},"end":{"line":439,"column":57}},{"start":{"line":439,"column":57},"end":{"line":439,"column":76}}],"line":439},"52":{"loc":{"start":{"line":441,"column":23},"end":{"line":441,"column":null}},"type":"cond-expr","locations":[{"start":{"line":441,"column":35},"end":{"line":441,"column":55}},{"start":{"line":441,"column":55},"end":{"line":441,"column":null}}],"line":441},"53":{"loc":{"start":{"line":443,"column":17},"end":{"line":443,"column":null}},"type":"cond-expr","locations":[{"start":{"line":443,"column":29},"end":{"line":443,"column":72}},{"start":{"line":443,"column":72},"end":{"line":443,"column":null}}],"line":443},"54":{"loc":{"start":{"line":450,"column":25},"end":{"line":450,"column":null}},"type":"binary-expr","locations":[{"start":{"line":450,"column":25},"end":{"line":450,"column":42}},{"start":{"line":450,"column":42},"end":{"line":450,"column":67}},{"start":{"line":450,"column":67},"end":{"line":450,"column":80}},{"start":{"line":450,"column":80},"end":{"line":450,"column":null}}],"line":450},"55":{"loc":{"start":{"line":453,"column":25},"end":{"line":453,"column":null}},"type":"cond-expr","locations":[{"start":{"line":453,"column":98},"end":{"line":453,"column":114}},{"start":{"line":453,"column":114},"end":{"line":453,"column":null}}],"line":453},"56":{"loc":{"start":{"line":453,"column":25},"end":{"line":453,"column":98}},"type":"binary-expr","locations":[{"start":{"line":453,"column":25},"end":{"line":453,"column":42}},{"start":{"line":453,"column":42},"end":{"line":453,"column":67}},{"start":{"line":453,"column":67},"end":{"line":453,"column":80}},{"start":{"line":453,"column":80},"end":{"line":453,"column":98}}],"line":453},"57":{"loc":{"start":{"line":457,"column":26},"end":{"line":457,"column":null}},"type":"cond-expr","locations":[{"start":{"line":457,"column":99},"end":{"line":457,"column":105}},{"start":{"line":457,"column":105},"end":{"line":457,"column":null}}],"line":457},"58":{"loc":{"start":{"line":457,"column":26},"end":{"line":457,"column":99}},"type":"binary-expr","locations":[{"start":{"line":457,"column":26},"end":{"line":457,"column":43}},{"start":{"line":457,"column":43},"end":{"line":457,"column":68}},{"start":{"line":457,"column":68},"end":{"line":457,"column":81}},{"start":{"line":457,"column":81},"end":{"line":457,"column":99}}],"line":457},"59":{"loc":{"start":{"line":469,"column":9},"end":{"line":491,"column":null}},"type":"cond-expr","locations":[{"start":{"line":470,"column":10},"end":{"line":483,"column":null}},{"start":{"line":485,"column":10},"end":{"line":491,"column":null}}],"line":469},"60":{"loc":{"start":{"line":469,"column":9},"end":{"line":469,"column":null}},"type":"binary-expr","locations":[{"start":{"line":469,"column":9},"end":{"line":469,"column":29}},{"start":{"line":469,"column":29},"end":{"line":469,"column":null}}],"line":469},"61":{"loc":{"start":{"line":489,"column":13},"end":{"line":490,"column":null}},"type":"cond-expr","locations":[{"start":{"line":489,"column":31},"end":{"line":489,"column":null}},{"start":{"line":490,"column":14},"end":{"line":490,"column":null}}],"line":489},"62":{"loc":{"start":{"line":490,"column":14},"end":{"line":490,"column":null}},"type":"cond-expr","locations":[{"start":{"line":490,"column":27},"end":{"line":490,"column":126}},{"start":{"line":490,"column":126},"end":{"line":490,"column":null}}],"line":490},"63":{"loc":{"start":{"line":490,"column":27},"end":{"line":490,"column":126}},"type":"cond-expr","locations":[{"start":{"line":490,"column":57},"end":{"line":490,"column":103}},{"start":{"line":490,"column":103},"end":{"line":490,"column":126}}],"line":490}},"s":{"0":1,"1":2,"2":2,"3":6,"4":1,"5":17,"6":17,"7":17,"8":17,"9":17,"10":17,"11":17,"12":17,"13":17,"14":17,"15":17,"16":17,"17":17,"18":17,"19":17,"20":17,"21":17,"22":17,"23":0,"24":0,"25":0,"26":17,"27":17,"28":5,"29":2,"30":17,"31":2,"32":2,"33":0,"34":2,"35":0,"36":2,"37":2,"38":2,"39":2,"40":2,"41":2,"42":2,"43":2,"44":0,"45":0,"46":2,"47":2,"48":2,"49":2,"50":2,"51":2,"52":2,"53":2,"54":2,"55":2,"56":2,"57":2,"58":2,"59":2,"60":2,"61":2,"62":2,"63":2,"64":2,"65":2,"66":2,"67":2,"68":0,"69":0,"70":0,"71":0,"72":0,"73":0,"74":0,"75":0,"76":0,"77":0,"78":0,"79":0,"80":0,"81":0,"82":0,"83":2,"84":0,"85":0,"86":0,"87":0,"88":2,"89":2,"90":2,"91":2,"92":2,"93":2,"94":2,"95":2,"96":1,"97":1,"98":1,"99":1,"100":1,"101":0,"102":0,"103":0,"104":0,"105":0,"106":17,"107":0,"108":0,"109":0,"110":0,"111":0,"112":0,"113":0,"114":0,"115":0,"116":0,"117":0,"118":0,"119":0,"120":0,"121":0,"122":0,"123":0,"124":0,"125":17,"126":4,"127":4,"128":4,"129":4,"130":17,"131":8,"132":17,"133":12,"134":17,"135":6,"136":17,"137":2,"138":1,"139":1,"140":1,"141":1,"142":1,"143":1,"144":1,"145":1,"146":1,"147":1,"148":0,"149":17,"150":19,"151":17,"152":17,"153":19,"154":2,"155":0,"156":2,"157":0,"158":0,"159":0},"f":{"0":2,"1":6,"2":17,"3":0,"4":5,"5":2,"6":2,"7":2,"8":2,"9":2,"10":0,"11":0,"12":0,"13":0,"14":4,"15":8,"16":12,"17":6,"18":2,"19":19,"20":19,"21":2,"22":0,"23":2,"24":0,"25":0,"26":0},"b":{"0":[0,0],"1":[2,3],"2":[5,2],"3":[2,2,0],"4":[0,2],"5":[2,2],"6":[0,2],"7":[0,2],"8":[2,0],"9":[0,2],"10":[0,0],"11":[0,0],"12":[0,0],"13":[0,0],"14":[0,0],"15":[0,0],"16":[0,0],"17":[0,2],"18":[2,0],"19":[0,0],"20":[1,1],"21":[0,0],"22":[0,0],"23":[0,0],"24":[0,0],"25":[0,0],"26":[1,1],"27":[1,0],"28":[1,1,1],"29":[17,0,0],"30":[0,17],"31":[0,17],"32":[1,16],"33":[0,16],"34":[0,16],"35":[0,16],"36":[17,2],"37":[4,15],"38":[4,15],"39":[4,15],"40":[19,0],"41":[17,17,2,0,0],"42":[17,1],"43":[1,16],"44":[1,16],"45":[17,17],"46":[0,0,0],"47":[2,15],"48":[0,2],"49":[17,15,15,15],"50":[0,17],"51":[2,15],"52":[2,15],"53":[2,15],"54":[17,15,2,2],"55":[15,2],"56":[17,15,2,2],"57":[15,2],"58":[17,15,2,2],"59":[0,17],"60":[17,0],"61":[1,16],"62":[2,14],"63":[0,2]},"meta":{"lastBranch":64,"lastFunction":27,"lastStatement":160,"seen":{"s:19:28:22:Infinity":0,"f:19:28:19:29":0,"s:20:16:20:Infinity":1,"s:21:2:21:Infinity":2,"f:21:35:21:45":1,"s:21:45:21:67":3,"s:24:59:496:Infinity":4,"f:24:59:24:60":2,"s:26:30:26:Infinity":5,"s:27:24:27:Infinity":6,"s:28:38:28:Infinity":7,"s:29:32:29:Infinity":8,"s:30:32:30:Infinity":9,"s:31:36:31:Infinity":10,"s:32:30:32:Infinity":11,"s:33:44:33:Infinity":12,"s:36:8:36:Infinity":13,"s:37:8:37:Infinity":14,"s:38:8:38:Infinity":15,"s:39:8:39:Infinity":16,"s:40:8:40:Infinity":17,"s:42:8:42:Infinity":18,"s:45:8:45:Infinity":19,"s:46:8:46:Infinity":20,"s:49:42:49:Infinity":21,"s:51:8:57:Infinity":22,"f:51:38:51:44":3,"b:52:4:56:Infinity:54:11:56:Infinity":0,"s:52:4:56:Infinity":23,"s:53:6:53:Infinity":24,"s:55:6:55:Infinity":25,"s:59:30:64:Infinity":26,"s:67:8:71:Infinity":27,"f:67:28:67:29":4,"b:68:4:70:Infinity:undefined:undefined:undefined:undefined":1,"s:68:4:70:Infinity":28,"b:68:8:68:24:68:24:68:35":2,"s:69:6:69:Infinity":29,"s:73:21:184:Infinity":30,"f:73:21:73:28":5,"s:74:10:74:Infinity":31,"b:74:24:74:40:74:40:74:60:74:60:74:67":3,"b:75:4:75:Infinity:undefined:undefined:undefined:undefined":4,"s:75:4:75:Infinity":32,"b:75:8:75:23:75:23:75:41":5,"s:75:41:75:Infinity":33,"b:77:4:77:Infinity:undefined:undefined:undefined:undefined":6,"s:77:4:77:Infinity":34,"s:77:33:77:Infinity":35,"s:78:4:78:Infinity":36,"s:79:4:79:Infinity":37,"s:80:4:80:Infinity":38,"s:81:4:81:Infinity":39,"s:83:4:83:Infinity":40,"s:84:4:84:Infinity":41,"s:85:4:85:Infinity":42,"b:87:4:90:Infinity:undefined:undefined:undefined:undefined":7,"s:87:4:90:Infinity":43,"s:88:6:88:Infinity":44,"s:89:6:89:Infinity":45,"s:92:29:92:Infinity":46,"s:93:4:98:Infinity":47,"f:93:16:93:24":6,"s:94:26:94:Infinity":48,"s:95:6:95:Infinity":49,"s:96:6:96:Infinity":50,"s:97:6:97:Infinity":51,"s:100:4:183:Infinity":52,"s:101:27:101:Infinity":53,"s:103:21:103:Infinity":54,"s:104:6:108:Infinity":55,"f:104:18:104:26":7,"s:105:24:105:Infinity":56,"s:106:8:106:Infinity":57,"s:107:8:107:Infinity":58,"s:110:6:144:Infinity":59,"s:111:22:111:Infinity":60,"b:111:22:111:64:111:64:111:Infinity":8,"s:112:8:112:Infinity":61,"s:114:8:119:Infinity":62,"f:114:20:114:28":8,"s:115:23:115:Infinity":63,"s:116:10:116:Infinity":64,"s:117:10:117:Infinity":65,"s:118:10:118:Infinity":66,"b:122:8:143:Infinity:undefined:undefined:undefined:undefined":9,"s:122:8:143:Infinity":67,"s:123:10:123:Infinity":68,"s:124:28:124:Infinity":69,"b:126:10:142:Infinity:undefined:undefined:undefined:undefined":10,"s:126:10:142:Infinity":70,"s:127:35:127:Infinity":71,"s:128:12:140:Infinity":72,"s:128:25:128:28":73,"s:129:31:129:Infinity":74,"b:130:14:139:Infinity:undefined:undefined:undefined:undefined":11,"s:130:14:139:Infinity":75,"s:131:16:131:Infinity":76,"b:131:56:131:62:131:62:131:68":12,"b:132:16:138:Infinity:undefined:undefined:undefined:undefined":13,"s:132:16:138:Infinity":77,"b:132:20:132:52:132:52:132:80":14,"b:133:18:137:Infinity:undefined:undefined:undefined:undefined":15,"s:133:18:137:Infinity":78,"s:134:20:134:Infinity":79,"s:135:20:135:Infinity":80,"s:136:20:136:Infinity":81,"s:141:12:141:Infinity":82,"b:141:60:141:85:141:85:141:91":16,"b:147:6:153:Infinity:undefined:undefined:undefined:undefined":17,"s:147:6:153:Infinity":83,"b:147:10:147:34:147:34:147:68":18,"s:148:26:148:Infinity":84,"b:149:8:152:Infinity:undefined:undefined:undefined:undefined":19,"s:149:8:152:Infinity":85,"s:150:10:150:Infinity":86,"s:151:10:151:Infinity":87,"s:156:6:161:Infinity":88,"f:156:18:156:26":9,"s:157:21:157:Infinity":89,"s:158:8:158:Infinity":90,"s:159:8:159:Infinity":91,"s:160:8:160:Infinity":92,"s:163:6:163:Infinity":93,"s:164:6:164:Infinity":94,"b:167:6:177:Infinity:undefined:undefined:undefined:undefined":20,"s:167:6:177:Infinity":95,"s:168:8:168:Infinity":96,"s:169:8:169:Infinity":97,"s:171:8:171:Infinity":98,"s:172:8:172:Infinity":99,"s:174:8:176:Infinity":100,"f:174:19:174:25":10,"s:175:10:175:Infinity":101,"s:180:6:180:Infinity":102,"s:181:6:181:Infinity":103,"b:182:6:182:Infinity:undefined:undefined:undefined:undefined":21,"s:182:6:182:Infinity":104,"s:182:32:182:Infinity":105,"s:186:57:212:Infinity":106,"f:187:18:187:19":11,"b:188:6:207:Infinity:199:6:207:Infinity":22,"s:188:6:207:Infinity":107,"s:189:24:189:Infinity":108,"s:190:14:190:Infinity":109,"s:191:8:191:Infinity":110,"s:192:8:192:Infinity":111,"s:193:8:193:Infinity":112,"b:195:8:195:Infinity:undefined:undefined:undefined:undefined":23,"s:195:8:195:Infinity":113,"s:195:37:195:Infinity":114,"s:196:8:198:Infinity":115,"f:196:45:196:51":12,"s:197:10:197:Infinity":116,"b:199:6:207:Infinity:undefined:undefined:undefined:undefined":24,"s:199:6:207:Infinity":117,"s:200:8:200:Infinity":118,"b:201:8:201:Infinity:undefined:undefined:undefined:undefined":25,"s:201:8:201:Infinity":119,"s:201:37:201:Infinity":120,"s:202:8:206:Infinity":121,"f:202:45:202:51":13,"s:203:26:203:Infinity":122,"s:204:16:204:Infinity":123,"s:205:10:205:Infinity":124,"s:216:2:221:Infinity":125,"f:216:12:216:18":14,"s:217:4:217:Infinity":126,"s:218:28:218:Infinity":127,"s:219:4:219:Infinity":128,"s:220:4:220:Infinity":129,"s:223:2:225:Infinity":130,"f:223:12:223:18":15,"s:224:4:224:Infinity":131,"s:227:2:229:Infinity":132,"f:227:12:227:18":16,"s:228:4:228:Infinity":133,"s:231:2:233:Infinity":134,"f:231:12:231:18":17,"s:232:4:232:Infinity":135,"s:236:28:254:Infinity":136,"f:236:28:236:40":18,"b:237:4:253:Infinity:243:11:253:Infinity":26,"s:237:4:253:Infinity":137,"s:238:6:238:Infinity":138,"s:239:6:239:Infinity":139,"s:240:6:240:Infinity":140,"s:241:6:241:Infinity":141,"s:242:6:242:Infinity":142,"s:244:6:244:Infinity":143,"s:245:6:245:Infinity":144,"s:247:22:247:Infinity":145,"b:248:6:252:Infinity:250:13:252:Infinity":27,"s:248:6:252:Infinity":146,"b:248:10:248:21:248:21:248:49:248:49:248:71":28,"s:249:8:249:Infinity":147,"s:251:8:251:Infinity":148,"s:257:23:257:Infinity":149,"f:257:39:257:44":19,"s:257:44:257:61":150,"s:258:27:258:Infinity":151,"b:258:27:258:48:258:48:258:99:258:99:258:Infinity":29,"s:260:2:494:Infinity":152,"b:295:56:295:76:295:76:295:Infinity":30,"b:296:53:296:57:296:57:296:Infinity":31,"b:308:33:308:Infinity:309:16:312:Infinity":32,"b:309:47:309:Infinity:310:18:312:Infinity":33,"b:310:47:310:Infinity:311:20:312:Infinity":34,"b:311:50:311:Infinity:312:22:312:Infinity":35,"b:317:13:317:Infinity:318:14:324:Infinity":36,"f:334:24:334:25":20,"s:335:12:358:Infinity":153,"b:337:48:337:61:337:61:337:Infinity":37,"b:342:47:342:64:342:64:342:Infinity":38,"b:343:44:346:22:346:22:346:Infinity":39,"b:349:19:349:Infinity:350:20:354:Infinity":40,"b:362:12:362:45:362:45:362:58:362:58:362:104:362:104:362:Infinity:363:12:370:Infinity":41,"b:374:11:374:Infinity:375:12:387:Infinity":42,"b:404:39:404:45:404:45:404:Infinity":43,"b:405:45:405:54:405:54:405:Infinity":44,"b:409:21:409:37:409:37:409:Infinity":45,"f:410:24:410:25":21,"s:410:33:410:59":154,"f:411:25:411:26":22,"s:411:32:411:Infinity":155,"b:411:32:411:53:411:53:411:69:411:69:411:Infinity":46,"b:412:40:412:113:412:113:412:Infinity":47,"b:412:70:412:87:412:87:412:113":48,"b:413:24:413:37:413:37:413:69:413:69:413:99:413:99:413:Infinity":49,"b:429:57:429:61:429:61:429:Infinity":50,"b:439:37:439:57:439:57:439:76":51,"b:441:35:441:55:441:55:441:Infinity":52,"b:443:29:443:72:443:72:443:Infinity":53,"f:449:23:449:29":23,"s:449:29:449:Infinity":156,"b:450:25:450:42:450:42:450:67:450:67:450:80:450:80:450:Infinity":54,"b:453:98:453:114:453:114:453:Infinity":55,"b:453:25:453:42:453:42:453:67:453:67:453:80:453:80:453:98":56,"b:457:99:457:105:457:105:457:Infinity":57,"b:457:26:457:43:457:43:457:68:457:68:457:81:457:81:457:99":58,"b:470:10:483:Infinity:485:10:491:Infinity":59,"b:469:9:469:29:469:29:469:Infinity":60,"f:471:21:471:27":24,"s:471:27:471:Infinity":157,"f:479:26:479:27":25,"s:479:34:479:Infinity":158,"f:480:26:480:27":26,"s:480:34:480:Infinity":159,"b:489:31:489:Infinity:490:14:490:Infinity":61,"b:490:27:490:126:490:126:490:Infinity":62,"b:490:57:490:103:490:103:490:126":63}}}
,"/Volumes/9_0rdon-ssd/9_0rdon/Projects/creative-precision/src/components/ConfigPanel.tsx": {"path":"/Volumes/9_0rdon-ssd/9_0rdon/Projects/creative-precision/src/components/ConfigPanel.tsx","statementMap":{"0":{"start":{"line":13,"column":55},"end":{"line":88,"column":null}},"1":{"start":{"line":14,"column":36},"end":{"line":14,"column":null}},"2":{"start":{"line":16,"column":2},"end":{"line":16,"column":null}},"3":{"start":{"line":16,"column":15},"end":{"line":16,"column":null}},"4":{"start":{"line":18,"column":2},"end":{"line":86,"column":null}},"5":{"start":{"line":42,"column":31},"end":{"line":42,"column":null}},"6":{"start":{"line":57,"column":31},"end":{"line":57,"column":null}},"7":{"start":{"line":68,"column":31},"end":{"line":68,"column":null}},"8":{"start":{"line":78,"column":35},"end":{"line":78,"column":56}},"9":{"start":{"line":78,"column":56},"end":{"line":78,"column":67}}},"fnMap":{"0":{"name":"(anonymous_0)","decl":{"start":{"line":13,"column":55},"end":{"line":13,"column":56}},"loc":{"start":{"line":13,"column":96},"end":{"line":88,"column":null}},"line":13},"1":{"name":"(anonymous_1)","decl":{"start":{"line":42,"column":24},"end":{"line":42,"column":25}},"loc":{"start":{"line":42,"column":31},"end":{"line":42,"column":null}},"line":42},"2":{"name":"(anonymous_2)","decl":{"start":{"line":57,"column":24},"end":{"line":57,"column":25}},"loc":{"start":{"line":57,"column":31},"end":{"line":57,"column":null}},"line":57},"3":{"name":"(anonymous_3)","decl":{"start":{"line":68,"column":24},"end":{"line":68,"column":25}},"loc":{"start":{"line":68,"column":31},"end":{"line":68,"column":null}},"line":68},"4":{"name":"(anonymous_4)","decl":{"start":{"line":78,"column":27},"end":{"line":78,"column":33}},"loc":{"start":{"line":78,"column":33},"end":{"line":78,"column":70}},"line":78}},"branchMap":{"0":{"loc":{"start":{"line":16,"column":2},"end":{"line":16,"column":null}},"type":"if","locations":[{"start":{"line":16,"column":2},"end":{"line":16,"column":null}},{"start":{},"end":{}}],"line":16}},"s":{"0":2,"1":9,"2":9,"3":5,"4":4,"5":0,"6":1,"7":0,"8":1,"9":1},"f":{"0":9,"1":0,"2":1,"3":0,"4":1},"b":{"0":[5,4]},"meta":{"lastBranch":1,"lastFunction":5,"lastStatement":10,"seen":{"s:13:55:88:Infinity":0,"f:13:55:13:56":0,"s:14:36:14:Infinity":1,"b:16:2:16:Infinity:undefined:undefined:undefined:undefined":0,"s:16:2:16:Infinity":2,"s:16:15:16:Infinity":3,"s:18:2:86:Infinity":4,"f:42:24:42:25":1,"s:42:31:42:Infinity":5,"f:57:24:57:25":2,"s:57:31:57:Infinity":6,"f:68:24:68:25":3,"s:68:31:68:Infinity":7,"f:78:27:78:33":4,"s:78:35:78:56":8,"s:78:56:78:67":9}}}
,"/Volumes/9_0rdon-ssd/9_0rdon/Projects/creative-precision/src/components/Landing.tsx": {"path":"/Volumes/9_0rdon-ssd/9_0rdon/Projects/creative-precision/src/components/Landing.tsx","statementMap":{"0":{"start":{"line":9,"column":47},"end":{"line":46,"column":null}},"1":{"start":{"line":10,"column":2},"end":{"line":44,"column":null}}},"fnMap":{"0":{"name":"(anonymous_0)","decl":{"start":{"line":9,"column":47},"end":{"line":9,"column":48}},"loc":{"start":{"line":9,"column":64},"end":{"line":46,"column":null}},"line":9}},"branchMap":{},"s":{"0":1,"1":2},"f":{"0":2},"b":{},"meta":{"lastBranch":0,"lastFunction":1,"lastStatement":2,"seen":{"s:9:47:46:Infinity":0,"f:9:47:9:48":0,"s:10:2:44:Infinity":1}}}
,"/Volumes/9_0rdon-ssd/9_0rdon/Projects/creative-precision/src/components/Results.tsx": {"path":"/Volumes/9_0rdon-ssd/9_0rdon/Projects/creative-precision/src/components/Results.tsx","statementMap":{"0":{"start":{"line":13,"column":40},"end":{"line":22,"column":null}},"1":{"start":{"line":24,"column":47},"end":{"line":284,"column":null}},"2":{"start":{"line":25,"column":26},"end":{"line":25,"column":null}},"3":{"start":{"line":26,"column":28},"end":{"line":26,"column":null}},"4":{"start":{"line":28,"column":16},"end":{"line":32,"column":null}},"5":{"start":{"line":29,"column":4},"end":{"line":31,"column":null}},"6":{"start":{"line":30,"column":6},"end":{"line":30,"column":null}},"7":{"start":{"line":34,"column":2},"end":{"line":54,"column":null}},"8":{"start":{"line":35,"column":4},"end":{"line":35,"column":null}},"9":{"start":{"line":37,"column":26},"end":{"line":52,"column":null}},"10":{"start":{"line":38,"column":6},"end":{"line":51,"column":null}},"11":{"start":{"line":39,"column":24},"end":{"line":39,"column":null}},"12":{"start":{"line":40,"column":23},"end":{"line":40,"column":null}},"13":{"start":{"line":41,"column":8},"end":{"line":45,"column":null}},"14":{"start":{"line":42,"column":10},"end":{"line":42,"column":null}},"15":{"start":{"line":44,"column":10},"end":{"line":44,"column":null}},"16":{"start":{"line":47,"column":8},"end":{"line":47,"column":null}},"17":{"start":{"line":48,"column":8},"end":{"line":48,"column":null}},"18":{"start":{"line":50,"column":8},"end":{"line":50,"column":null}},"19":{"start":{"line":53,"column":4},"end":{"line":53,"column":null}},"20":{"start":{"line":56,"column":22},"end":{"line":64,"column":null}},"21":{"start":{"line":57,"column":4},"end":{"line":57,"column":null}},"22":{"start":{"line":58,"column":22},"end":{"line":60,"column":null}},"23":{"start":{"line":61,"column":4},"end":{"line":63,"column":null}},"24":{"start":{"line":62,"column":6},"end":{"line":62,"column":null}},"25":{"start":{"line":66,"column":25},"end":{"line":117,"column":null}},"26":{"start":{"line":67,"column":4},"end":{"line":67,"column":null}},"27":{"start":{"line":68,"column":4},"end":{"line":68,"column":null}},"28":{"start":{"line":68,"column":17},"end":{"line":68,"column":null}},"29":{"start":{"line":69,"column":18},"end":{"line":106,"column":null}},"30":{"start":{"line":108,"column":17},"end":{"line":108,"column":null}},"31":{"start":{"line":109,"column":16},"end":{"line":109,"column":null}},"32":{"start":{"line":110,"column":14},"end":{"line":110,"column":null}},"33":{"start":{"line":111,"column":4},"end":{"line":111,"column":null}},"34":{"start":{"line":112,"column":4},"end":{"line":112,"column":null}},"35":{"start":{"line":113,"column":4},"end":{"line":113,"column":null}},"36":{"start":{"line":114,"column":4},"end":{"line":114,"column":null}},"37":{"start":{"line":115,"column":4},"end":{"line":115,"column":null}},"38":{"start":{"line":116,"column":4},"end":{"line":116,"column":null}},"39":{"start":{"line":119,"column":2},"end":{"line":127,"column":null}},"40":{"start":{"line":120,"column":4},"end":{"line":125,"column":null}},"41":{"start":{"line":129,"column":2},"end":{"line":129,"column":null}},"42":{"start":{"line":129,"column":15},"end":{"line":129,"column":null}},"43":{"start":{"line":131,"column":2},"end":{"line":282,"column":null}},"44":{"start":{"line":146,"column":12},"end":{"line":146,"column":null}},"45":{"start":{"line":209,"column":29},"end":{"line":209,"column":null}},"46":{"start":{"line":226,"column":29},"end":{"line":226,"column":null}}},"fnMap":{"0":{"name":"(anonymous_0)","decl":{"start":{"line":24,"column":47},"end":{"line":24,"column":48}},"loc":{"start":{"line":24,"column":100},"end":{"line":284,"column":null}},"line":24},"1":{"name":"(anonymous_1)","decl":{"start":{"line":28,"column":16},"end":{"line":28,"column":17}},"loc":{"start":{"line":28,"column":76},"end":{"line":32,"column":null}},"line":28},"2":{"name":"(anonymous_2)","decl":{"start":{"line":34,"column":12},"end":{"line":34,"column":18}},"loc":{"start":{"line":34,"column":18},"end":{"line":54,"column":5}},"line":34},"3":{"name":"(anonymous_3)","decl":{"start":{"line":37,"column":26},"end":{"line":37,"column":38}},"loc":{"start":{"line":37,"column":38},"end":{"line":52,"column":null}},"line":37},"4":{"name":"(anonymous_4)","decl":{"start":{"line":56,"column":22},"end":{"line":56,"column":28}},"loc":{"start":{"line":56,"column":28},"end":{"line":64,"column":null}},"line":56},"5":{"name":"(anonymous_5)","decl":{"start":{"line":61,"column":50},"end":{"line":61,"column":56}},"loc":{"start":{"line":61,"column":56},"end":{"line":63,"column":5}},"line":61},"6":{"name":"(anonymous_6)","decl":{"start":{"line":66,"column":25},"end":{"line":66,"column":31}},"loc":{"start":{"line":66,"column":31},"end":{"line":117,"column":null}},"line":66},"7":{"name":"(anonymous_7)","decl":{"start":{"line":145,"column":72},"end":{"line":145,"column":73}},"loc":{"start":{"line":146,"column":12},"end":{"line":146,"column":null}},"line":146},"8":{"name":"(anonymous_8)","decl":{"start":{"line":209,"column":23},"end":{"line":209,"column":29}},"loc":{"start":{"line":209,"column":29},"end":{"line":209,"column":null}},"line":209},"9":{"name":"(anonymous_9)","decl":{"start":{"line":226,"column":23},"end":{"line":226,"column":29}},"loc":{"start":{"line":226,"column":29},"end":{"line":226,"column":null}},"line":226}},"branchMap":{"0":{"loc":{"start":{"line":29,"column":4},"end":{"line":31,"column":null}},"type":"if","locations":[{"start":{"line":29,"column":4},"end":{"line":31,"column":null}},{"start":{},"end":{}}],"line":29},"1":{"loc":{"start":{"line":29,"column":8},"end":{"line":29,"column":35}},"type":"binary-expr","locations":[{"start":{"line":29,"column":8},"end":{"line":29,"column":24}},{"start":{"line":29,"column":24},"end":{"line":29,"column":35}}],"line":29},"2":{"loc":{"start":{"line":41,"column":8},"end":{"line":45,"column":null}},"type":"if","locations":[{"start":{"line":41,"column":8},"end":{"line":45,"column":null}},{"start":{"line":43,"column":15},"end":{"line":45,"column":null}}],"line":41},"3":{"loc":{"start":{"line":41,"column":12},"end":{"line":41,"column":73}},"type":"binary-expr","locations":[{"start":{"line":41,"column":12},"end":{"line":41,"column":44}},{"start":{"line":41,"column":44},"end":{"line":41,"column":73}}],"line":41},"4":{"loc":{"start":{"line":58,"column":22},"end":{"line":60,"column":null}},"type":"cond-expr","locations":[{"start":{"line":59,"column":8},"end":{"line":59,"column":null}},{"start":{"line":60,"column":8},"end":{"line":60,"column":null}}],"line":58},"5":{"loc":{"start":{"line":68,"column":4},"end":{"line":68,"column":null}},"type":"if","locations":[{"start":{"line":68,"column":4},"end":{"line":68,"column":null}},{"start":{},"end":{}}],"line":68},"6":{"loc":{"start":{"line":96,"column":6},"end":{"line":101,"column":null}},"type":"cond-expr","locations":[{"start":{"line":96,"column":39},"end":{"line":101,"column":21}},{"start":{"line":101,"column":21},"end":{"line":101,"column":null}}],"line":96},"7":{"loc":{"start":{"line":119,"column":2},"end":{"line":127,"column":null}},"type":"if","locations":[{"start":{"line":119,"column":2},"end":{"line":127,"column":null}},{"start":{},"end":{}}],"line":119},"8":{"loc":{"start":{"line":129,"column":2},"end":{"line":129,"column":null}},"type":"if","locations":[{"start":{"line":129,"column":2},"end":{"line":129,"column":null}},{"start":{},"end":{}}],"line":129},"9":{"loc":{"start":{"line":240,"column":7},"end":{"line":251,"column":null}},"type":"binary-expr","locations":[{"start":{"line":240,"column":7},"end":{"line":240,"column":null}},{"start":{"line":241,"column":8},"end":{"line":251,"column":null}}],"line":240}},"s":{"0":1,"1":1,"2":4,"3":4,"4":4,"5":4,"6":0,"7":4,"8":2,"9":2,"10":2,"11":2,"12":1,"13":1,"14":1,"15":0,"16":1,"17":1,"18":2,"19":2,"20":4,"21":1,"22":1,"23":1,"24":1,"25":4,"26":1,"27":1,"28":0,"29":1,"30":1,"31":1,"32":1,"33":1,"34":1,"35":1,"36":1,"37":1,"38":1,"39":4,"40":2,"41":2,"42":0,"43":2,"44":2,"45":0,"46":0},"f":{"0":4,"1":4,"2":2,"3":2,"4":1,"5":1,"6":1,"7":2,"8":0,"9":0},"b":{"0":[0,4],"1":[4,0],"2":[1,0],"3":[1,1],"4":[1,0],"5":[0,1],"6":[1,0],"7":[2,2],"8":[0,2],"9":[2,1]},"meta":{"lastBranch":10,"lastFunction":10,"lastStatement":47,"seen":{"s:13:40:22:Infinity":0,"s:24:47:284:Infinity":1,"f:24:47:24:48":0,"s:25:26:25:Infinity":2,"s:26:28:26:Infinity":3,"s:28:16:32:Infinity":4,"f:28:16:28:17":1,"b:29:4:31:Infinity:undefined:undefined:undefined:undefined":0,"s:29:4:31:Infinity":5,"b:29:8:29:24:29:24:29:35":1,"s:30:6:30:Infinity":6,"s:34:2:54:Infinity":7,"f:34:12:34:18":2,"s:35:4:35:Infinity":8,"s:37:26:52:Infinity":9,"f:37:26:37:38":3,"s:38:6:51:Infinity":10,"s:39:24:39:Infinity":11,"s:40:23:40:Infinity":12,"b:41:8:45:Infinity:43:15:45:Infinity":2,"s:41:8:45:Infinity":13,"b:41:12:41:44:41:44:41:73":3,"s:42:10:42:Infinity":14,"s:44:10:44:Infinity":15,"s:47:8:47:Infinity":16,"s:48:8:48:Infinity":17,"s:50:8:50:Infinity":18,"s:53:4:53:Infinity":19,"s:56:22:64:Infinity":20,"f:56:22:56:28":4,"s:57:4:57:Infinity":21,"s:58:22:60:Infinity":22,"b:59:8:59:Infinity:60:8:60:Infinity":4,"s:61:4:63:Infinity":23,"f:61:50:61:56":5,"s:62:6:62:Infinity":24,"s:66:25:117:Infinity":25,"f:66:25:66:31":6,"s:67:4:67:Infinity":26,"b:68:4:68:Infinity:undefined:undefined:undefined:undefined":5,"s:68:4:68:Infinity":27,"s:68:17:68:Infinity":28,"s:69:18:106:Infinity":29,"b:96:39:101:21:101:21:101:Infinity":6,"s:108:17:108:Infinity":30,"s:109:16:109:Infinity":31,"s:110:14:110:Infinity":32,"s:111:4:111:Infinity":33,"s:112:4:112:Infinity":34,"s:113:4:113:Infinity":35,"s:114:4:114:Infinity":36,"s:115:4:115:Infinity":37,"s:116:4:116:Infinity":38,"b:119:2:127:Infinity:undefined:undefined:undefined:undefined":7,"s:119:2:127:Infinity":39,"s:120:4:125:Infinity":40,"b:129:2:129:Infinity:undefined:undefined:undefined:undefined":8,"s:129:2:129:Infinity":41,"s:129:15:129:Infinity":42,"s:131:2:282:Infinity":43,"f:145:72:145:73":7,"s:146:12:146:Infinity":44,"f:209:23:209:29":8,"s:209:29:209:Infinity":45,"f:226:23:226:29":9,"s:226:29:226:Infinity":46,"b:240:7:240:Infinity:241:8:251:Infinity":9}}}
,"/Volumes/9_0rdon-ssd/9_0rdon/Projects/creative-precision/src/hooks/useAudioVisualizer.ts": {"path":"/Volumes/9_0rdon-ssd/9_0rdon/Projects/creative-precision/src/hooks/useAudioVisualizer.ts","statementMap":{"0":{"start":{"line":4,"column":24},"end":{"line":44,"column":null}},"1":{"start":{"line":11,"column":4},"end":{"line":11,"column":null}},"2":{"start":{"line":13,"column":20},"end":{"line":13,"column":null}},"3":{"start":{"line":14,"column":20},"end":{"line":14,"column":null}},"4":{"start":{"line":15,"column":22},"end":{"line":15,"column":null}},"5":{"start":{"line":16,"column":23},"end":{"line":16,"column":null}},"6":{"start":{"line":18,"column":4},"end":{"line":18,"column":null}},"7":{"start":{"line":20,"column":4},"end":{"line":29,"column":null}},"8":{"start":{"line":20,"column":17},"end":{"line":20,"column":20}},"9":{"start":{"line":21,"column":23},"end":{"line":21,"column":null}},"10":{"start":{"line":22,"column":22},"end":{"line":22,"column":null}},"11":{"start":{"line":23,"column":18},"end":{"line":23,"column":null}},"12":{"start":{"line":24,"column":18},"end":{"line":24,"column":null}},"13":{"start":{"line":25,"column":18},"end":{"line":25,"column":null}},"14":{"start":{"line":27,"column":8},"end":{"line":28,"column":null}},"15":{"start":{"line":27,"column":21},"end":{"line":27,"column":null}},"16":{"start":{"line":28,"column":13},"end":{"line":28,"column":null}},"17":{"start":{"line":31,"column":4},"end":{"line":31,"column":null}},"18":{"start":{"line":33,"column":21},"end":{"line":33,"column":null}},"19":{"start":{"line":34,"column":4},"end":{"line":34,"column":null}},"20":{"start":{"line":35,"column":4},"end":{"line":35,"column":null}},"21":{"start":{"line":37,"column":4},"end":{"line":37,"column":null}},"22":{"start":{"line":38,"column":4},"end":{"line":38,"column":null}},"23":{"start":{"line":40,"column":4},"end":{"line":40,"column":null}},"24":{"start":{"line":41,"column":4},"end":{"line":41,"column":null}},"25":{"start":{"line":42,"column":4},"end":{"line":42,"column":null}},"26":{"start":{"line":43,"column":4},"end":{"line":43,"column":null}},"27":{"start":{"line":46,"column":34},"end":{"line":106,"column":null}},"28":{"start":{"line":47,"column":10},"end":{"line":47,"column":null}},"29":{"start":{"line":48,"column":10},"end":{"line":48,"column":null}},"30":{"start":{"line":49,"column":10},"end":{"line":49,"column":null}},"31":{"start":{"line":50,"column":10},"end":{"line":50,"column":null}},"32":{"start":{"line":52,"column":10},"end":{"line":95,"column":null}},"33":{"start":{"line":53,"column":8},"end":{"line":94,"column":null}},"34":{"start":{"line":54,"column":12},"end":{"line":56,"column":null}},"35":{"start":{"line":55,"column":16},"end":{"line":55,"column":null}},"36":{"start":{"line":58,"column":38},"end":{"line":58,"column":null}},"37":{"start":{"line":59,"column":12},"end":{"line":61,"column":null}},"38":{"start":{"line":60,"column":16},"end":{"line":60,"column":null}},"39":{"start":{"line":63,"column":24},"end":{"line":63,"column":null}},"40":{"start":{"line":64,"column":12},"end":{"line":64,"column":null}},"41":{"start":{"line":64,"column":43},"end":{"line":64,"column":null}},"42":{"start":{"line":66,"column":27},"end":{"line":66,"column":null}},"43":{"start":{"line":67,"column":29},"end":{"line":67,"column":null}},"44":{"start":{"line":68,"column":12},"end":{"line":68,"column":null}},"45":{"start":{"line":69,"column":12},"end":{"line":69,"column":null}},"46":{"start":{"line":70,"column":12},"end":{"line":70,"column":null}},"47":{"start":{"line":72,"column":28},"end":{"line":88,"column":null}},"48":{"start":{"line":73,"column":16},"end":{"line":86,"column":null}},"49":{"start":{"line":74,"column":41},"end":{"line":74,"column":null}},"50":{"start":{"line":75,"column":38},"end":{"line":75,"column":null}},"51":{"start":{"line":76,"column":20},"end":{"line":76,"column":null}},"52":{"start":{"line":78,"column":30},"end":{"line":78,"column":null}},"53":{"start":{"line":79,"column":20},"end":{"line":79,"column":null}},"54":{"start":{"line":79,"column":33},"end":{"line":79,"column":36}},"55":{"start":{"line":79,"column":59},"end":{"line":79,"column":null}},"56":{"start":{"line":80,"column":32},"end":{"line":80,"column":null}},"57":{"start":{"line":82,"column":38},"end":{"line":82,"column":null}},"58":{"start":{"line":83,"column":20},"end":{"line":85,"column":null}},"59":{"start":{"line":84,"column":24},"end":{"line":84,"column":null}},"60":{"start":{"line":87,"column":16},"end":{"line":87,"column":null}},"61":{"start":{"line":89,"column":12},"end":{"line":89,"column":null}},"62":{"start":{"line":92,"column":12},"end":{"line":92,"column":null}},"63":{"start":{"line":93,"column":12},"end":{"line":93,"column":null}},"64":{"start":{"line":93,"column":28},"end":{"line":93,"column":null}},"65":{"start":{"line":97,"column":10},"end":{"line":103,"column":null}},"66":{"start":{"line":98,"column":8},"end":{"line":98,"column":null}},"67":{"start":{"line":98,"column":34},"end":{"line":98,"column":null}},"68":{"start":{"line":99,"column":8},"end":{"line":102,"column":null}},"69":{"start":{"line":100,"column":12},"end":{"line":100,"column":null}},"70":{"start":{"line":100,"column":55},"end":{"line":100,"column":63}},"71":{"start":{"line":101,"column":12},"end":{"line":101,"column":null}},"72":{"start":{"line":105,"column":4},"end":{"line":105,"column":null}}},"fnMap":{"0":{"name":"(anonymous_0)","decl":{"start":{"line":4,"column":24},"end":{"line":4,"column":null}},"loc":{"start":{"line":10,"column":5},"end":{"line":44,"column":null}},"line":10},"1":{"name":"(anonymous_1)","decl":{"start":{"line":46,"column":34},"end":{"line":46,"column":40}},"loc":{"start":{"line":46,"column":40},"end":{"line":106,"column":null}},"line":46},"2":{"name":"(anonymous_2)","decl":{"start":{"line":52,"column":40},"end":{"line":52,"column":47}},"loc":{"start":{"line":52,"column":120},"end":{"line":95,"column":7}},"line":52},"3":{"name":"(anonymous_3)","decl":{"start":{"line":72,"column":28},"end":{"line":72,"column":29}},"loc":{"start":{"line":72,"column":46},"end":{"line":88,"column":null}},"line":72},"4":{"name":"(anonymous_4)","decl":{"start":{"line":97,"column":39},"end":{"line":97,"column":45}},"loc":{"start":{"line":97,"column":45},"end":{"line":103,"column":7}},"line":97},"5":{"name":"(anonymous_5)","decl":{"start":{"line":100,"column":50},"end":{"line":100,"column":55}},"loc":{"start":{"line":100,"column":55},"end":{"line":100,"column":63}},"line":100}},"branchMap":{"0":{"loc":{"start":{"line":27,"column":8},"end":{"line":28,"column":null}},"type":"if","locations":[{"start":{"line":27,"column":8},"end":{"line":28,"column":null}},{"start":{"line":28,"column":13},"end":{"line":28,"column":null}}],"line":27},"1":{"loc":{"start":{"line":42,"column":20},"end":{"line":42,"column":null}},"type":"binary-expr","locations":[{"start":{"line":42,"column":20},"end":{"line":42,"column":98}},{"start":{"line":42,"column":98},"end":{"line":42,"column":null}}],"line":42},"2":{"loc":{"start":{"line":54,"column":12},"end":{"line":56,"column":null}},"type":"if","locations":[{"start":{"line":54,"column":12},"end":{"line":56,"column":null}},{"start":{},"end":{}}],"line":54},"3":{"loc":{"start":{"line":58,"column":38},"end":{"line":58,"column":null}},"type":"binary-expr","locations":[{"start":{"line":58,"column":38},"end":{"line":58,"column":62}},{"start":{"line":58,"column":62},"end":{"line":58,"column":null}}],"line":58},"4":{"loc":{"start":{"line":59,"column":12},"end":{"line":61,"column":null}},"type":"if","locations":[{"start":{"line":59,"column":12},"end":{"line":61,"column":null}},{"start":{},"end":{}}],"line":59},"5":{"loc":{"start":{"line":64,"column":12},"end":{"line":64,"column":null}},"type":"if","locations":[{"start":{"line":64,"column":12},"end":{"line":64,"column":null}},{"start":{},"end":{}}],"line":64},"6":{"loc":{"start":{"line":73,"column":16},"end":{"line":86,"column":null}},"type":"if","locations":[{"start":{"line":73,"column":16},"end":{"line":86,"column":null}},{"start":{},"end":{}}],"line":73},"7":{"loc":{"start":{"line":73,"column":20},"end":{"line":73,"column":51}},"type":"binary-expr","locations":[{"start":{"line":73,"column":20},"end":{"line":73,"column":43}},{"start":{"line":73,"column":43},"end":{"line":73,"column":51}}],"line":73},"8":{"loc":{"start":{"line":83,"column":20},"end":{"line":85,"column":null}},"type":"if","locations":[{"start":{"line":83,"column":20},"end":{"line":85,"column":null}},{"start":{},"end":{}}],"line":83},"9":{"loc":{"start":{"line":93,"column":
[...]
e":66,"column":null}},"type":"if","locations":[{"start":{"line":64,"column":20},"end":{"line":66,"column":null}},{"start":{},"end":{}}],"line":64},"7":{"loc":{"start":{"line":64,"column":24},"end":{"line":64,"column":101}},"type":"binary-expr","locations":[{"start":{"line":64,"column":24},"end":{"line":64,"column":62}},{"start":{"line":64,"column":62},"end":{"line":64,"column":101}}],"line":64},"8":{"loc":{"start":{"line":77,"column":38},"end":{"line":77,"column":null}},"type":"binary-expr","locations":[{"start":{"line":77,"column":38},"end":{"line":77,"column":62}},{"start":{"line":77,"column":62},"end":{"line":77,"column":null}}],"line":77},"9":{"loc":{"start":{"line":78,"column":12},"end":{"line":78,"column":null}},"type":"if","locations":[{"start":{"line":78,"column":12},"end":{"line":78,"column":null}},{"start":{},"end":{}}],"line":78},"10":{"loc":{"start":{"line":80,"column":12},"end":{"line":80,"column":null}},"type":"if","locations":[{"start":{"line":80,"column":12},"end":{"line":80,"column":null}},{"start":{},"end":{}}],"line":80},"11":{"loc":{"start":{"line":102,"column":8},"end":{"line":102,"column":null}},"type":"if","locations":[{"start":{"line":102,"column":8},"end":{"line":102,"column":null}},{"start":{},"end":{}}],"line":102},"12":{"loc":{"start":{"line":106,"column":12},"end":{"line":106,"column":null}},"type":"if","locations":[{"start":{"line":106,"column":12},"end":{"line":106,"column":null}},{"start":{},"end":{}}],"line":106},"13":{"loc":{"start":{"line":108,"column":38},"end":{"line":108,"column":null}},"type":"binary-expr","locations":[{"start":{"line":108,"column":38},"end":{"line":108,"column":62}},{"start":{"line":108,"column":62},"end":{"line":108,"column":null}}],"line":108},"14":{"loc":{"start":{"line":109,"column":12},"end":{"line":109,"column":null}},"type":"if","locations":[{"start":{"line":109,"column":12},"end":{"line":109,"column":null}},{"start":{},"end":{}}],"line":109},"15":{"loc":{"start":{"line":125,"column":8},"end":{"line":127,"column":null}},"type":"if","locations":[{"start":{"line":125,"column":8},"end":{"line":127,"column":null}},{"start":{},"end":{}}],"line":125},"16":{"loc":{"start":{"line":133,"column":8},"end":{"line":135,"column":null}},"type":"if","locations":[{"start":{"line":133,"column":8},"end":{"line":135,"column":null}},{"start":{},"end":{}}],"line":133}},"s":{"0":0,"1":0,"2":0,"3":0,"4":0,"5":0,"6":0,"7":0,"8":0,"9":0,"10":0,"11":0,"12":0,"13":0,"14":0,"15":0,"16":0,"17":1,"18":17,"19":17,"20":17,"21":17,"22":17,"23":17,"24":17,"25":4,"26":17,"27":6,"28":17,"29":0,"30":0,"31":0,"32":0,"33":0,"34":0,"35":0,"36":0,"37":0,"38":0,"39":0,"40":0,"41":0,"42":0,"43":0,"44":0,"45":0,"46":0,"47":0,"48":0,"49":0,"50":0,"51":0,"52":0,"53":0,"54":0,"55":0,"56":17,"57":1,"58":0,"59":1,"60":1,"61":1,"62":0,"63":1,"64":1,"65":1,"66":0,"67":0,"68":0,"69":0,"70":0,"71":1,"72":17,"73":1,"74":1,"75":1,"76":0,"77":0,"78":1,"79":17,"80":4,"81":4,"82":0,"83":0,"84":4,"85":17},"f":{"0":0,"1":0,"2":17,"3":4,"4":6,"5":0,"6":0,"7":0,"8":1,"9":1,"10":4},"b":{"0":[0],"1":[0],"2":[0,0],"3":[0,0],"4":[0,0],"5":[0,0],"6":[0,0],"7":[0,0],"8":[0,0],"9":[0,0],"10":[0,0],"11":[0,1],"12":[0,1],"13":[1,0],"14":[1,0],"15":[0,1],"16":[0,4]},"meta":{"lastBranch":17,"lastFunction":11,"lastStatement":86,"seen":{"f:6:9:6:16":0,"s:7:25:7:Infinity":0,"s:8:16:8:Infinity":1,"s:9:18:9:Infinity":2,"s:10:4:12:Infinity":3,"s:10:17:10:20":4,"s:11:8:11:Infinity":5,"s:13:4:13:Infinity":6,"f:16:15:16:Infinity":1,"b:19:25:19:Infinity":0,"b:20:26:20:Infinity":1,"s:22:22:22:Infinity":7,"s:23:23:23:Infinity":8,"s:24:19:24:Infinity":9,"s:26:4:31:Infinity":10,"s:26:23:26:26":11,"s:27:28:27:Infinity":12,"s:28:8:30:Infinity":13,"s:28:21:28:24":14,"s:29:12:29:Infinity":15,"s:32:4:32:Infinity":16,"s:43:31:140:Infinity":17,"f:43:31:43:32":2,"s:44:10:44:Infinity":18,"s:45:10:45:Infinity":19,"s:46:10:46:Infinity":20,"s:47:10:47:Infinity":21,"s:49:10:49:Infinity":22,"s:50:10:50:Infinity":23,"s:52:4:54:Infinity":24,"f:52:14:52:20":3,"s:53:8:53:Infinity":25,"s:56:4:58:Infinity":26,"f:56:14:56:20":4,"s:57:8:57:Infinity":27,"s:60:10:98:Infinity":28,"f:60:40:60:52":5,"b:61:8:70:Infinity:undefined:undefined:undefined:undefined":2,"s:61:8:70:Infinity":29,"b:61:12:61:41:61:41:61:77":3,"b:62:12:68:Infinity:undefined:undefined:undefined:undefined":4,"s:62:12:68:Infinity":30,"b:62:16:62:54:62:54:62:93":5,"s:63:16:67:Infinity":31,"f:63:27:63:33":6,"b:64:20:66:Infinity:undefined:undefined:undefined:undefined":6,"s:64:20:66:Infinity":32,"b:64:24:64:62:64:62:64:101":7,"s:65:24:65:Infinity":33,"s:69:12:69:Infinity":34,"s:72:8:72:Infinity":35,"s:73:8:73:Infinity":36,"s:74:23:74:Infinity":37,"s:76:8:97:Infinity":38,"s:77:38:77:Infinity":39,"b:77:38:77:62:77:62:77:Infinity":8,"b:78:12:78:Infinity:undefined:undefined:undefined:undefined":9,"s:78:12:78:Infinity":40,"s:78:38:78:Infinity":41,"s:79:24:79:Infinity":42,"b:80:12:80:Infinity:undefined:undefined:undefined:undefined":10,"s:80:12:80:Infinity":43,"s:80:43:80:Infinity":44,"s:82:27:82:Infinity":45,"s:83:12:83:Infinity":46,"s:84:12:84:Infinity":47,"s:86:12:89:Infinity":48,"f:86:29:86:35":7,"s:87:16:87:Infinity":49,"s:88:16:88:Infinity":50,"s:91:12:91:Infinity":51,"s:92:12:92:Infinity":52,"s:94:12:94:Infinity":53,"s:95:12:95:Infinity":54,"s:96:12:96:Infinity":55,"s:101:10:120:Infinity":56,"f:101:36:101:43":8,"b:102:8:102:Infinity:undefined:undefined:undefined:undefined":11,"s:102:8:102:Infinity":57,"s:102:26:102:Infinity":58,"s:104:8:119:Infinity":59,"s:105:27:105:Infinity":60,"b:106:12:106:Infinity:undefined:undefined:undefined:undefined":12,"s:106:12:106:Infinity":61,"s:106:25:106:Infinity":62,"s:108:38:108:Infinity":63,"b:108:38:108:62:108:62:108:Infinity":13,"b:109:12:109:Infinity:undefined:undefined:undefined:undefined":14,"s:109:12:109:Infinity":64,"s:109:38:109:Infinity":65,"s:110:24:110:Infinity":66,"s:112:26:112:Infinity":67,"s:113:27:113:Infinity":68,"s:115:12:115:Infinity":69,"s:116:12:116:Infinity":70,"s:118:12:118:Infinity":71,"s:122:10:129:Infinity":72,"f:122:30:122:37":9,"s:123:8:123:Infinity":73,"s:124:8:124:Infinity":74,"b:125:8:127:Infinity:undefined:undefined:undefined:undefined":15,"s:125:8:127:Infinity":75,"s:126:12:126:Infinity":76,"s:126:18:126:44":77,"s:128:8:128:Infinity":78,"s:131:10:137:Infinity":79,"f:131:37:131:43":10,"s:132:8:132:Infinity":80,"b:133:8:135:Infinity:undefined:undefined:undefined:undefined":16,"s:133:8:135:Infinity":81,"s:134:12:134:Infinity":82,"s:134:18:134:44":83,"s:136:8:136:Infinity":84,"s:139:4:139:Infinity":85}}}
,"/Volumes/9_0rdon-ssd/9_0rdon/Projects/creative-precision/src/services/geminiService.ts": {"path":"/Volumes/9_0rdon-ssd/9_0rdon/Projects/creative-precision/src/services/geminiService.ts","statementMap":{"0":{"start":{"line":4,"column":33},"end":{"line":4,"column":null}},"1":{"start":{"line":6,"column":18},"end":{"line":11,"column":null}},"2":{"start":{"line":7,"column":2},"end":{"line":9,"column":null}},"3":{"start":{"line":8,"column":4},"end":{"line":8,"column":null}},"4":{"start":{"line":10,"column":2},"end":{"line":10,"column":null}},"5":{"start":{"line":13,"column":33},"end":{"line":22,"column":null}},"6":{"start":{"line":14,"column":13},"end":{"line":14,"column":null}},"7":{"start":{"line":15,"column":2},"end":{"line":21,"column":null}},"8":{"start":{"line":24,"column":31},"end":{"line":97,"column":null}},"9":{"start":{"line":25,"column":13},"end":{"line":25,"column":null}},"10":{"start":{"line":27,"column":21},"end":{"line":27,"column":null}},"11":{"start":{"line":27,"column":38},"end":{"line":27,"column":97}},"12":{"start":{"line":29,"column":17},"end":{"line":33,"column":null}},"13":{"start":{"line":61,"column":19},"end":{"line":94,"column":null}},"14":{"start":{"line":96,"column":2},"end":{"line":96,"column":null}},"15":{"start":{"line":99,"column":30},"end":{"line":129,"column":null}},"16":{"start":{"line":100,"column":13},"end":{"line":100,"column":null}},"17":{"start":{"line":101,"column":2},"end":{"line":128,"column":null}},"18":{"start":{"line":102,"column":21},"end":{"line":113,"column":null}},"19":{"start":{"line":115,"column":4},"end":{"line":115,"column":null}},"20":{"start":{"line":117,"column":24},"end":{"line":117,"column":null}},"21":{"start":{"line":118,"column":24},"end":{"line":118,"column":null}},"22":{"start":{"line":120,"column":4},"end":{"line":124,"column":null}},"23":{"start":{"line":121,"column":6},"end":{"line":121,"column":null}},"24":{"start":{"line":122,"column":6},"end":{"line":122,"column":null}},"25":{"start":{"line":122,"column":35},"end":{"line":122,"column":61}},"26":{"start":{"line":123,"column":6},"end":{"line":123,"column":null}},"27":{"start":{"line":126,"column":4},"end":{"line":126,"column":null}},"28":{"start":{"line":127,"column":4},"end":{"line":127,"column":null}}},"fnMap":{"0":{"name":"(anonymous_0)","decl":{"start":{"line":6,"column":18},"end":{"line":6,"column":24}},"loc":{"start":{"line":6,"column":24},"end":{"line":11,"column":null}},"line":6},"1":{"name":"(anonymous_1)","decl":{"start":{"line":13,"column":33},"end":{"line":13,"column":34}},"loc":{"start":{"line":13,"column":62},"end":{"line":22,"column":null}},"line":13},"2":{"name":"(anonymous_2)","decl":{"start":{"line":24,"column":31},"end":{"line":24,"column":38}},"loc":{"start":{"line":24,"column":78},"end":{"line":97,"column":null}},"line":24},"3":{"name":"(anonymous_3)","decl":{"start":{"line":27,"column":33},"end":{"line":27,"column":38}},"loc":{"start":{"line":27,"column":38},"end":{"line":27,"column":97}},"line":27},"4":{"name":"(anonymous_4)","decl":{"start":{"line":99,"column":30},"end":{"line":99,"column":37}},"loc":{"start":{"line":99,"column":98},"end":{"line":129,"column":null}},"line":99},"5":{"name":"(anonymous_5)","decl":{"start":{"line":122,"column":24},"end":{"line":122,"column":35}},"loc":{"start":{"line":122,"column":35},"end":{"line":122,"column":61}},"line":122}},"branchMap":{"0":{"loc":{"start":{"line":7,"column":2},"end":{"line":9,"column":null}},"type":"if","locations":[{"start":{"line":7,"column":2},"end":{"line":9,"column":null}},{"start":{},"end":{}}],"line":7},"1":{"loc":{"start":{"line":27,"column":41},"end":{"line":27,"column":84}},"type":"cond-expr","locations":[{"start":{"line":27,"column":61},"end":{"line":27,"column":75}},{"start":{"line":27,"column":75},"end":{"line":27,"column":84}}],"line":27},"2":{"loc":{"start":{"line":96,"column":9},"end":{"line":96,"column":null}},"type":"binary-expr","locations":[{"start":{"line":96,"column":9},"end":{"line":96,"column":26}},{"start":{"line":96,"column":26},"end":{"line":96,"column":null}}],"line":96},"3":{"loc":{"start":{"line":99,"column":51},"end":{"line":99,"column":64}},"type":"default-arg","locations":[{"start":{"line":99,"column":61},"end":{"line":99,"column":64}}],"line":99},"4":{"loc":{"start":{"line":99,"column":64},"end":{"line":99,"column":98}},"type":"default-arg","locations":[{"start":{"line":99,"column":72},"end":{"line":99,"column":98}}],"line":99},"5":{"loc":{"start":{"line":115,"column":11},"end":{"line":115,"column":null}},"type":"binary-expr","locations":[{"start":{"line":115,"column":11},"end":{"line":115,"column":78}},{"start":{"line":115,"column":78},"end":{"line":115,"column":null}}],"line":115},"6":{"loc":{"start":{"line":118,"column":24},"end":{"line":118,"column":null}},"type":"binary-expr","locations":[{"start":{"line":118,"column":24},"end":{"line":118,"column":55}},{"start":{"line":118,"column":55},"end":{"line":118,"column":null}}],"line":118},"7":{"loc":{"start":{"line":120,"column":4},"end":{"line":124,"column":null}},"type":"if","locations":[{"start":{"line":120,"column":4},"end":{"line":124,"column":null}},{"start":{},"end":{}}],"line":120},"8":{"loc":{"start":{"line":120,"column":8},"end":{"line":120,"column":36}},"type":"binary-expr","locations":[{"start":{"line":120,"column":8},"end":{"line":120,"column":23}},{"start":{"line":120,"column":23},"end":{"line":120,"column":36}}],"line":120}},"s":{"0":1,"1":1,"2":5,"3":1,"4":5,"5":1,"6":1,"7":1,"8":1,"9":2,"10":2,"11":1,"12":2,"13":2,"14":2,"15":1,"16":2,"17":2,"18":2,"19":1,"20":1,"21":1,"22":1,"23":0,"24":0,"25":0,"26":0,"27":1,"28":1},"f":{"0":5,"1":1,"2":2,"3":1,"4":2,"5":0},"b":{"0":[1,4],"1":[1,0],"2":[2,0],"3":[2],"4":[2],"5":[1,0],"6":[1,1],"7":[0,1],"8":[1,0]},"meta":{"lastBranch":9,"lastFunction":6,"lastStatement":29,"seen":{"s:4:33:4:Infinity":0,"s:6:18:11:Infinity":1,"f:6:18:6:24":0,"b:7:2:9:Infinity:undefined:undefined:undefined:undefined":0,"s:7:2:9:Infinity":2,"s:8:4:8:Infinity":3,"s:10:2:10:Infinity":4,"s:13:33:22:Infinity":5,"f:13:33:13:34":1,"s:14:13:14:Infinity":6,"s:15:2:21:Infinity":7,"s:24:31:97:Infinity":8,"f:24:31:24:38":2,"s:25:13:25:Infinity":9,"s:27:21:27:Infinity":10,"f:27:33:27:38":3,"s:27:38:27:97":11,"b:27:61:27:75:27:75:27:84":1,"s:29:17:33:Infinity":12,"s:61:19:94:Infinity":13,"s:96:2:96:Infinity":14,"b:96:9:96:26:96:26:96:Infinity":2,"s:99:30:129:Infinity":15,"f:99:30:99:37":4,"b:99:61:99:64":3,"b:99:72:99:98":4,"s:100:13:100:Infinity":16,"s:101:2:128:Infinity":17,"s:102:21:113:Infinity":18,"s:115:4:115:Infinity":19,"b:115:11:115:78:115:78:115:Infinity":5,"s:117:24:117:Infinity":20,"s:118:24:118:Infinity":21,"b:118:24:118:55:118:55:118:Infinity":6,"b:120:4:124:Infinity:undefined:undefined:undefined:undefined":7,"s:120:4:124:Infinity":22,"b:120:8:120:23:120:23:120:36":8,"s:121:6:121:Infinity":23,"s:122:6:122:Infinity":24,"f:122:24:122:35":5,"s:122:35:122:61":25,"s:123:6:123:Infinity":26,"s:126:4:126:Infinity":27,"s:127:4:127:Infinity":28}}}
,"/Volumes/9_0rdon-ssd/9_0rdon/Projects/creative-precision/src/services/telemetryService.ts": {"path":"/Volumes/9_0rdon-ssd/9_0rdon/Projects/creative-precision/src/services/telemetryService.ts","statementMap":{"0":{"start":{"line":5,"column":38},"end":{"line":5,"column":null}},"1":{"start":{"line":7,"column":18},"end":{"line":17,"column":null}},"2":{"start":{"line":8,"column":2},"end":{"line":8,"column":null}},"3":{"start":{"line":8,"column":16},"end":{"line":8,"column":null}},"4":{"start":{"line":10,"column":14},"end":{"line":10,"column":null}},"5":{"start":{"line":11,"column":14},"end":{"line":11,"column":null}},"6":{"start":{"line":13,"column":2},"end":{"line":13,"column":null}},"7":{"start":{"line":13,"column":20},"end":{"line":13,"column":null}},"8":{"start":{"line":15,"column":2},"end":{"line":15,"column":null}},"9":{"start":{"line":16,"column":2},"end":{"line":16,"column":null}},"10":{"start":{"line":19,"column":27},"end":{"line":39,"column":null}},"11":{"start":{"line":20,"column":2},"end":{"line":38,"column":null}},"12":{"start":{"line":21,"column":19},"end":{"line":21,"column":null}},"13":{"start":{"line":22,"column":4},"end":{"line":22,"column":null}},"14":{"start":{"line":22,"column":17},"end":{"line":22,"column":null}},"15":{"start":{"line":24,"column":4},"end":{"line":35,"column":null}},"16":{"start":{"line":41,"column":29},"end":{"line":54,"column":null}},"17":{"start":{"line":42,"column":2},"end":{"line":53,"column":null}},"18":{"start":{"line":43,"column":19},"end":{"line":43,"column":null}},"19":{"start":{"line":44,"column":4},"end":{"line":44,"column":null}},"20":{"start":{"line":44,"column":17},"end":{"line":44,"column":null}},"21":{"start":{"line":46,"column":4},"end":{"line":50,"column":null}},"22":{"start":{"line":56,"column":26},"end":{"line":72,"column":null}},"23":{"start":{"line":57,"column":2},"end":{"line":71,"column":null}},"24":{"start":{"line":58,"column":19},"end":{"line":58,"column":null}},"25":{"start":{"line":59,"column":4},"end":{"line":59,"column":null}},"26":{"start":{"line":59,"column":17},"end":{"line":59,"column":null}},"27":{"start":{"line":61,"column":4},"end":{"line":68,"column":null}}},"fnMap":{"0":{"name":"(anonymous_0)","decl":{"start":{"line":7,"column":18},"end":{"line":7,"column":47}},"loc":{"start":{"line":7,"column":47},"end":{"line":17,"column":null}},"line":7},"1":{"name":"(anonymous_1)","decl":{"start":{"line":19,"column":27},"end":{"line":19,"column":28}},"loc":{"start":{"line":19,"column":97},"end":{"line":39,"column":null}},"line":19},"2":{"name":"(anonymous_2)","decl":{"start":{"line":35,"column":12},"end":{"line":35,"column":18}},"loc":{"start":{"line":35,"column":18},"end":{"line":35,"column":20}},"line":35},"3":{"name":"(anonymous_3)","decl":{"start":{"line":41,"column":29},"end":{"line":41,"column":30}},"loc":{"start":{"line":41,"column":89},"end":{"line":54,"column":null}},"line":41},"4":{"name":"(anonymous_4)","decl":{"start":{"line":50,"column":12},"end":{"line":50,"column":18}},"loc":{"start":{"line":50,"column":18},"end":{"line":50,"column":20}},"line":50},"5":{"name":"(anonymous_5)","decl":{"start":{"line":56,"column":26},"end":{"line":56,"column":27}},"loc":{"start":{"line":56,"column":60},"end":{"line":72,"column":null}},"line":56},"6":{"name":"(anonymous_6)","decl":{"start":{"line":68,"column":12},"end":{"line":68,"column":18}},"loc":{"start":{"line":68,"column":18},"end":{"line":68,"column":20}},"line":68}},"branchMap":{"0":{"loc":{"start":{"line":8,"column":2},"end":{"line":8,"column":null}},"type":"if","locations":[{"start":{"line":8,"column":2},"end":{"line":8,"column":null}},{"start":{},"end":{}}],"line":8},"1":{"loc":{"start":{"line":13,"column":2},"end":{"line":13,"column":null}},"type":"if","locations":[{"start":{"line":13,"column":2},"end":{"line":13,"column":null}},{"start":{},"end":{}}],"line":13},"2":{"loc":{"start":{"line":13,"column":6},"end":{"line":13,"column":20}},"type":"binary-expr","locations":[{"start":{"line":13,"column":6},"end":{"line":13,"column":14}},{"start":{"line":13,"column":14},"end":{"line":13,"column":20}}],"line":13},"3":{"loc":{"start":{"line":22,"column":4},"end":{"line":22,"column":null}},"type":"if","locations":[{"start":{"line":22,"column":4},"end":{"line":22,"column":null}},{"start":{},"end":{}}],"line":22},"4":{"loc":{"start":{"line":44,"column":4},"end":{"line":44,"column":null}},"type":"if","locations":[{"start":{"line":44,"column":4},"end":{"line":44,"column":null}},{"start":{},"end":{}}],"line":44},"5":{"loc":{"start":{"line":59,"column":4},"end":{"line":59,"column":null}},"type":"if","locations":[{"start":{"line":59,"column":4},"end":{"line":59,"column":null}},{"start":{},"end":{}}],"line":59},"6":{"loc":{"start":{"line":66,"column":20},"end":{"line":66,"column":null}},"type":"binary-expr","locations":[{"start":{"line":66,"column":20},"end":{"line":66,"column":40}},{"start":{"line":66,"column":40},"end":{"line":66,"column":null}}],"line":66}},"s":{"0":2,"1":2,"2":18,"3":0,"4":18,"5":18,"6":18,"7":18,"8":0,"9":0,"10":2,"11":4,"12":4,"13":4,"14":4,"15":0,"16":2,"17":7,"18":7,"19":7,"20":7,"21":0,"22":2,"23":7,"24":7,"25":7,"26":7,"27":0},"f":{"0":18,"1":4,"2":0,"3":7,"4":0,"5":7,"6":0},"b":{"0":[0,18],"1":[18,0],"2":[18,0],"3":[4,0],"4":[7,0],"5":[7,0],"6":[0,0]},"meta":{"lastBranch":7,"lastFunction":7,"lastStatement":28,"seen":{"s:5:38:5:Infinity":0,"s:7:18:17:Infinity":1,"f:7:18:7:47":0,"b:8:2:8:Infinity:undefined:undefined:undefined:undefined":0,"s:8:2:8:Infinity":2,"s:8:16:8:Infinity":3,"s:10:14:10:Infinity":4,"s:11:14:11:Infinity":5,"b:13:2:13:Infinity:undefined:undefined:undefined:undefined":1,"s:13:2:13:Infinity":6,"b:13:6:13:14:13:14:13:20":2,"s:13:20:13:Infinity":7,"s:15:2:15:Infinity":8,"s:16:2:16:Infinity":9,"s:19:27:39:Infinity":10,"f:19:27:19:28":1,"s:20:2:38:Infinity":11,"s:21:19:21:Infinity":12,"b:22:4:22:Infinity:undefined:undefined:undefined:undefined":3,"s:22:4:22:Infinity":13,"s:22:17:22:Infinity":14,"s:24:4:35:Infinity":15,"f:35:12:35:18":2,"s:41:29:54:Infinity":16,"f:41:29:41:30":3,"s:42:2:53:Infinity":17,"s:43:19:43:Infinity":18,"b:44:4:44:Infinity:undefined:undefined:undefined:undefined":4,"s:44:4:44:Infinity":19,"s:44:17:44:Infinity":20,"s:46:4:50:Infinity":21,"f:50:12:50:18":4,"s:56:26:72:Infinity":22,"f:56:26:56:27":5,"s:57:2:71:Infinity":23,"s:58:19:58:Infinity":24,"b:59:4:59:Infinity:undefined:undefined:undefined:undefined":5,"s:59:4:59:Infinity":25,"s:59:17:59:Infinity":26,"s:61:4:68:Infinity":27,"b:66:20:66:40:66:40:66:Infinity":6,"f:68:12:68:18":6}}}
}
