{"/Volumes/9_0rdon-ssd/9_0rdon/Projects/creative-precision/src/App.tsx": {"path":"/Volumes/9_0rdon-ssd/9_0rdon/Projects/creative-precision/src/App.tsx","statementMap":{"0":{"start":{"line":11,"column":22},"end":{"line":139,"column":null}},"1":{"start":{"line":12,"column":24},"end":{"line":12,"column":null}},"2":{"start":{"line":13,"column":28},"end":{"line":13,"column":null}},"3":{"start":{"line":14,"column":38},"end":{"line":14,"column":null}},"4":{"start":{"line":15,"column":40},"end":{"line":15,"column":null}},"5":{"start":{"line":17,"column":20},"end":{"line":17,"column":null}},"6":{"start":{"line":17,"column":39},"end":{"line":17,"column":82}},"7":{"start":{"line":18,"column":10},"end":{"line":18,"column":null}},"8":{"start":{"line":21,"column":4},"end":{"line":39,"column":null}},"9":{"start":{"line":22,"column":23},"end":{"line":22,"column":null}},"10":{"start":{"line":23,"column":44},"end":{"line":23,"column":null}},"11":{"start":{"line":24,"column":8},"end":{"line":27,"column":null}},"12":{"start":{"line":25,"column":24},"end":{"line":25,"column":null}},"13":{"start":{"line":26,"column":12},"end":{"line":26,"column":null}},"14":{"start":{"line":26,"column":21},"end":{"line":26,"column":null}},"15":{"start":{"line":29,"column":8},"end":{"line":29,"column":null}},"16":{"start":{"line":31,"column":8},"end":{"line":38,"column":null}},"17":{"start":{"line":42,"column":4},"end":{"line":54,"column":null}},"18":{"start":{"line":43,"column":35},"end":{"line":51,"column":null}},"19":{"start":{"line":44,"column":12},"end":{"line":50,"column":null}},"20":{"start":{"line":45,"column":33},"end":{"line":45,"column":null}},"21":{"start":{"line":46,"column":16},"end":{"line":49,"column":null}},"22":{"start":{"line":52,"column":8},"end":{"line":52,"column":null}},"23":{"start":{"line":53,"column":8},"end":{"line":53,"column":null}},"24":{"start":{"line":53,"column":21},"end":{"line":53,"column":null}},"25":{"start":{"line":57,"column":10},"end":{"line":84,"column":null}},"26":{"start":{"line":58,"column":8},"end":{"line":58,"column":null}},"27":{"start":{"line":59,"column":8},"end":{"line":59,"column":null}},"28":{"start":{"line":62,"column":8},"end":{"line":83,"column":null}},"29":{"start":{"line":63,"column":12},"end":{"line":66,"column":null}},"30":{"start":{"line":67,"column":8},"end":{"line":83,"column":null}},"31":{"start":{"line":68,"column":29},"end":{"line":68,"column":null}},"32":{"start":{"line":69,"column":12},"end":{"line":73,"column":null}},"33":{"start":{"line":74,"column":8},"end":{"line":83,"column":null}},"34":{"start":{"line":75,"column":12},"end":{"line":78,"column":null}},"35":{"start":{"line":79,"column":8},"end":{"line":83,"column":null}},"36":{"start":{"line":80,"column":12},"end":{"line":80,"column":null}},"37":{"start":{"line":81,"column":8},"end":{"line":83,"column":null}},"38":{"start":{"line":82,"column":12},"end":{"line":82,"column":null}},"39":{"start":{"line":86,"column":28},"end":{"line":88,"column":null}},"40":{"start":{"line":87,"column":8},"end":{"line":87,"column":null}},"41":{"start":{"line":90,"column":37},"end":{"line":93,"column":null}},"42":{"start":{"line":91,"column":8},"end":{"line":91,"column":null}},"43":{"start":{"line":92,"column":8},"end":{"line":92,"column":null}},"44":{"start":{"line":95,"column":26},"end":{"line":98,"column":null}},"45":{"start":{"line":96,"column":8},"end":{"line":96,"column":null}},"46":{"start":{"line":97,"column":8},"end":{"line":97,"column":null}},"47":{"start":{"line":100,"column":4},"end":{"line":137,"column":null}},"48":{"start":{"line":132,"column":31},"end":{"line":132,"column":null}}},"fnMap":{"0":{"name":"(anonymous_0)","decl":{"start":{"line":11,"column":22},"end":{"line":11,"column":28}},"loc":{"start":{"line":11,"column":28},"end":{"line":139,"column":null}},"line":11},"1":{"name":"(anonymous_1)","decl":{"start":{"line":17,"column":33},"end":{"line":17,"column":39}},"loc":{"start":{"line":17,"column":39},"end":{"line":17,"column":82}},"line":17},"2":{"name":"(anonymous_2)","decl":{"start":{"line":21,"column":14},"end":{"line":21,"column":20}},"loc":{"start":{"line":21,"column":20},"end":{"line":39,"column":7}},"line":21},"3":{"name":"(anonymous_3)","decl":{"start":{"line":24,"column":88},"end":{"line":24,"column":95}},"loc":{"start":{"line":24,"column":95},"end":{"line":27,"column":9}},"line":24},"4":{"name":"(anonymous_4)","decl":{"start":{"line":42,"column":14},"end":{"line":42,"column":20}},"loc":{"start":{"line":42,"column":20},"end":{"line":54,"column":7}},"line":42},"5":{"name":"(anonymous_5)","decl":{"start":{"line":43,"column":35},"end":{"line":43,"column":41}},"loc":{"start":{"line":43,"column":41},"end":{"line":51,"column":null}},"line":43},"6":{"name":"(anonymous_6)","decl":{"start":{"line":53,"column":15},"end":{"line":53,"column":21}},"loc":{"start":{"line":53,"column":21},"end":{"line":53,"column":null}},"line":53},"7":{"name":"(anonymous_7)","decl":{"start":{"line":57,"column":41},"end":{"line":57,"column":42}},"loc":{"start":{"line":57,"column":69},"end":{"line":84,"column":7}},"line":57},"8":{"name":"(anonymous_8)","decl":{"start":{"line":86,"column":28},"end":{"line":86,"column":34}},"loc":{"start":{"line":86,"column":34},"end":{"line":88,"column":null}},"line":86},"9":{"name":"(anonymous_9)","decl":{"start":{"line":90,"column":37},"end":{"line":90,"column":38}},"loc":{"start":{"line":90,"column":61},"end":{"line":93,"column":null}},"line":90},"10":{"name":"(anonymous_10)","decl":{"start":{"line":95,"column":26},"end":{"line":95,"column":32}},"loc":{"start":{"line":95,"column":32},"end":{"line":98,"column":null}},"line":95},"11":{"name":"(anonymous_11)","decl":{"start":{"line":132,"column":25},"end":{"line":132,"column":31}},"loc":{"start":{"line":132,"column":31},"end":{"line":132,"column":null}},"line":132}},"branchMap":{"0":{"loc":{"start":{"line":26,"column":12},"end":{"line":26,"column":null}},"type":"if","locations":[{"start":{"line":26,"column":12},"end":{"line":26,"column":null}},{"start":{},"end":{}}],"line":26},"1":{"loc":{"start":{"line":44,"column":12},"end":{"line":50,"column":null}},"type":"if","locations":[{"start":{"line":44,"column":12},"end":{"line":50,"column":null}},{"start":{},"end":{}}],"line":44},"2":{"loc":{"start":{"line":62,"column":8},"end":{"line":83,"column":null}},"type":"if","locations":[{"start":{"line":62,"column":8},"end":{"line":83,"column":null}},{"start":{"line":67,"column":8},"end":{"line":83,"column":null}}],"line":62},"3":{"loc":{"start":{"line":65,"column":32},"end":{"line":65,"column":null}},"type":"binary-expr","locations":[{"start":{"line":65,"column":32},"end":{"line":65,"column":78}},{"start":{"line":65,"column":78},"end":{"line":65,"column":null}}],"line":65},"4":{"loc":{"start":{"line":67,"column":8},"end":{"line":83,"column":null}},"type":"if","locations":[{"start":{"line":67,"column":8},"end":{"line":83,"column":null}},{"start":{"line":74,"column":8},"end":{"line":83,"column":null}}],"line":67},"5":{"loc":{"start":{"line":72,"column":32},"end":{"line":72,"column":null}},"type":"binary-expr","locations":[{"start":{"line":72,"column":32},"end":{"line":72,"column":78}},{"start":{"line":72,"column":78},"end":{"line":72,"column":null}}],"line":72},"6":{"loc":{"start":{"line":74,"column":8},"end":{"line":83,"column":null}},"type":"if","locations":[{"start":{"line":74,"column":8},"end":{"line":83,"column":null}},{"start":{"line":79,"column":8},"end":{"line":83,"column":null}}],"line":74},"7":{"loc":{"start":{"line":79,"column":8},"end":{"line":83,"column":null}},"type":"if","locations":[{"start":{"line":79,"column":8},"end":{"line":83,"column":null}},{"start":{"line":81,"column":8},"end":{"line":83,"column":null}}],"line":79},"8":{"loc":{"start":{"line":81,"column":8},"end":{"line":83,"column":null}},"type":"if","locations":[{"start":{"line":81,"column":8},"end":{"line":83,"column":null}},{"start":{},"end":{}}],"line":81},"9":{"loc":{"start":{"line":105,"column":17},"end":{"line":105,"column":null}},"type":"binary-expr","locations":[{"start":{"line":105,"column":17},"end":{"line":105,"column":39}},{"start":{"line":105,"column":39},"end":{"line":105,"column":null}}],"line":105},"10":{"loc":{"start":{"line":107,"column":17},"end":{"line":115,"column":null}},"type":"binary-expr","locations":[{"start":{"line":107,"column":17},"end":{"line":107,"column":null}},{"start":{"line":108,"column":20},"end":{"line":115,"column":null}}],"line":107},"11":{"loc":{"start":{"line":118,"column":17},"end":{"line":126,"column":null}},"type":"binary-expr","locations":[{"start":{"line":118,"column":17},"end":{"line":118,"column":null}},{"start":{"line":119,"column":20},"end":{"line":126,"column":null}}],"line":118}},"s":{"0":1,"1":4,"2":4,"3":4,"4":4,"5":4,"6":2,"7":4,"8":4,"9":2,"10":2,"11":2,"12":10,"13":10,"14":0,"15":2,"16":2,"17":4,"18":4,"19":0,"20":0,"21":0,"22":4,"23":4,"24":4,"25":4,"26":5,"27":5,"28":5,"29":1,"30":4,"31":1,"32":1,"33":3,"34":1,"35":2,"36":1,"37":1,"38":1,"39":4,"40":0,"41":4,"42":1,"43":1,"44":4,"45":1,"46":1,"47":4,"48":0},"f":{"0":4,"1":2,"2":2,"3":10,"4":4,"5":0,"6":4,"7":5,"8":0,"9":1,"10":1,"11":0},"b":{"0":[0,10],"1":[0,0],"2":[1,4],"3":[1,0],"4":[1,3],"5":[1,1],"6":[1,2],"7":[1,1],"8":[1,0],"9":[4,1],"10":[4,2],"11":[4,1]},"meta":{"lastBranch":12,"lastFunction":12,"lastStatement":49,"seen":{"s:11:22:139:Infinity":0,"f:11:22:11:28":0,"s:12:24:12:Infinity":1,"s:13:28:13:Infinity":2,"s:14:38:14:Infinity":3,"s:15:40:15:Infinity":4,"s:17:20:17:Infinity":5,"f:17:33:17:39":1,"s:17:39:17:82":6,"s:18:10:18:Infinity":7,"s:21:4:39:Infinity":8,"f:21:14:21:20":2,"s:22:23:22:Infinity":9,"s:23:44:23:Infinity":10,"s:24:8:27:Infinity":11,"f:24:88:24:95":3,"s:25:24:25:Infinity":12,"b:26:12:26:Infinity:undefined:undefined:undefined:undefined":0,"s:26:12:26:Infinity":13,"s:26:21:26:Infinity":14,"s:29:8:29:Infinity":15,"s:31:8:38:Infinity":16,"s:42:4:54:Infinity":17,"f:42:14:42:20":4,"s:43:35:51:Infinity":18,"f:43:35:43:41":5,"b:44:12:50:Infinity:undefined:undefined:undefined:undefined":1,"s:44:12:50:Infinity":19,"s:45:33:45:Infinity":20,"s:46:16:49:Infinity":21,"s:52:8:52:Infinity":22,"s:53:8:53:Infinity":23,"f:53:15:53:21":6,"s:53:21:53:Infinity":24,"s:57:10:84:Infinity":25,"f:57:41:57:42":7,"s:58:8:58:Infinity":26,"s:59:8:59:Infinity":27,"b:62:8:83:Infinity:67:8:83:Infinity":2,"s:62:8:83:Infinity":28,"s:63:12:66:Infinity":29,"b:65:32:65:78:65:78:65:Infinity":3,"b:67:8:83:Infinity:74:8:83:Infinity":4,"s:67:8:83:Infinity":30,"s:68:29:68:Infinity":31,"s:69:12:73:Infinity":32,"b:72:32:72:78:72:78:72:Infinity":5,"b:74:8:83:Infinity:79:8:83:Infinity":6,"s:74:8:83:Infinity":33,"s:75:12:78:Infinity":34,"b:79:8:83:Infinity:81:8:83:Infinity":7,"s:79:8:83:Infinity":35,"s:80:12:80:Infinity":36,"b:81:8:83:Infinity:undefined:undefined:undefined:undefined":8,"s:81:8:83:Infinity":37,"s:82:12:82:Infinity":38,"s:86:28:88:Infinity":39,"f:86:28:86:34":8,"s:87:8:87:Infinity":40,"s:90:37:93:Infinity":41,"f:90:37:90:38":9,"s:91:8:91:Infinity":42,"s:92:8:92:Infinity":43,"s:95:26:98:Infinity":44,"f:95:26:95:32":10,"s:96:8:96:Infinity":45,"s:97:8:97:Infinity":46,"s:100:4:137:Infinity":47,"b:105:17:105:39:105:39:105:Infinity":9,"b:107:17:107:Infinity:108:20:115:Infinity":10,"b:118:17:118:Infinity:119:20:126:Infinity":11,"f:132:25:132:31":11,"s:132:31:132:Infinity":48}}}
,"/Volumes/9_0rdon-ssd/9_0rdon/Projects/creative-precision/src/constants.ts": {"path":"/Volumes/9_0rdon-ssd/9_0rdon/Projects/creative-precision/src/constants.ts","statementMap":{"0":{"start":{"line":3,"column":36},"end":{"line":9,"column":null}},"1":{"start":{"line":11,"column":41},"end":{"line":76,"column":null}}},"fnMap":{},"branchMap":{},"s":{"0":4,"1":4},"f":{},"b":{},"meta":{"lastBranch":0,"lastFunction":0,"lastStatement":2,"seen":{"s:3:36:9:Infinity":0,"s:11:41:76:Infinity":1}}}
,"/Volumes/9_0rdon-ssd/9_0rdon/Projects/creative-precision/src/index.tsx": {"path":"/Volumes/9_0rdon-ssd/9_0rdon/Projects/creative-precision/src/index.tsx","statementMap":{"0":{"start":{"line":5,"column":20},"end":{"line":5,"column":null}},"1":{"start":{"line":6,"column":0},"end":{"line":8,"column":null}},"2":{"start":{"line":7,"column":4},"end":{"line":7,"column":null}},"3":{"start":{"line":10,"column":13},"end":{"line":10,"column":null}},"4":{"start":{"line":11,"column":0},"end":{"line":15,"column":null}}},"fnMap":{},"branchMap":{"0":{"loc":{"start":{"line":6,"column":0},"end":{"line":8,"column":null}},"type":"if","locations":[{"start":{"line":6,"column":0},"end":{"line":8,"column":null}},{"start":{},"end":{}}],"line":6}},"s":{"0":0,"1":0,"2":0,"3":0,"4":0},"f":{},"b":{"0":[0,0]},"meta":{"lastBranch":1,"lastFunction":0,"lastStatement":5,"seen":{"s:5:20:5:Infinity":0,"b:6:0:8:Infinity:undefined:undefined:undefined:undefined":0,"s:6:0:8:Infinity":1,"s:7:4:7:Infinity":2,"s:10:13:10:Infinity":3,"s:11:0:15:Infinity":4}}}
,"/Volumes/9_0rdon-ssd/9_0rdon/Projects/creative-precision/src/components/Button.tsx": {"path":"/Volumes/9_0rdon-ssd/9_0rdon/Projects/creative-precision/src/components/Button.tsx","statementMap":{"0":{"start":{"line":8,"column":45},"end":{"line":32,"column":null}},"1":{"start":{"line":15,"column":21},"end":{"line":15,"column":null}},"2":{"start":{"line":17,"column":19},"end":{"line":21,"column":null}},"3":{"start":{"line":23,"column":2},"end":{"line":30,"column":null}}},"fnMap":{"0":{"name":"(anonymous_0)","decl":{"start":{"line":8,"column":45},"end":{"line":8,"column":46}},"loc":{"start":{"line":14,"column":6},"end":{"line":32,"column":null}},"line":14}},"branchMap":{"0":{"loc":{"start":{"line":10,"column":2},"end":{"line":10,"column":null}},"type":"default-arg","locations":[{"start":{"line":10,"column":12},"end":{"line":10,"column":null}}],"line":10},"1":{"loc":{"start":{"line":11,"column":2},"end":{"line":11,"column":null}},"type":"default-arg","locations":[{"start":{"line":11,"column":14},"end":{"line":11,"column":null}}],"line":11},"2":{"loc":{"start":{"line":29,"column":7},"end":{"line":29,"column":null}},"type":"binary-expr","locations":[{"start":{"line":29,"column":7},"end":{"line":29,"column":15}},{"start":{"line":29,"column":15},"end":{"line":29,"column":null}}],"line":29}},"s":{"0":4,"1":13,"2":13,"3":13},"f":{"0":13},"b":{"0":[13],"1":[13],"2":[13,2]},"meta":{"lastBranch":3,"lastFunction":1,"lastStatement":4,"seen":{"s:8:45:32:Infinity":0,"f:8:45:8:46":0,"b:10:12:10:Infinity":0,"b:11:14:11:Infinity":1,"s:15:21:15:Infinity":1,"s:17:19:21:Infinity":2,"s:23:2:30:Infinity":3,"b:29:7:29:15:29:15:29:Infinity":2}}}
,"/Volumes/9_0rdon-ssd/9_0rdon/Projects/creative-precision/src/components/ChatInterface.tsx": {"path":"/Volumes/9_0rdon-ssd/9_0rdon/Projects/creative-precision/src/components/ChatInterface.tsx","statementMap":{"0":{"start":{"line":17,"column":23},"end":{"line":17,"column":null}},"1":{"start":{"line":18,"column":14},"end":{"line":18,"column":null}},"2":{"start":{"line":19,"column":16},"end":{"line":19,"column":null}},"3":{"start":{"line":20,"column":2},"end":{"line":22,"column":null}},"4":{"start":{"line":20,"column":15},"end":{"line":20,"column":18}},"5":{"start":{"line":21,"column":4},"end":{"line":21,"column":null}},"6":{"start":{"line":23,"column":2},"end":{"line":23,"column":null}},"7":{"start":{"line":32,"column":20},"end":{"line":32,"column":null}},"8":{"start":{"line":33,"column":21},"end":{"line":33,"column":null}},"9":{"start":{"line":34,"column":17},"end":{"line":34,"column":null}},"10":{"start":{"line":36,"column":2},"end":{"line":41,"column":null}},"11":{"start":{"line":36,"column":21},"end":{"line":36,"column":24}},"12":{"start":{"line":37,"column":24},"end":{"line":37,"column":null}},"13":{"start":{"line":38,"column":4},"end":{"line":40,"column":null}},"14":{"start":{"line":38,"column":17},"end":{"line":38,"column":20}},"15":{"start":{"line":39,"column":6},"end":{"line":39,"column":null}},"16":{"start":{"line":42,"column":2},"end":{"line":42,"column":null}},"17":{"start":{"line":46,"column":17},"end":{"line":86,"column":null}},"18":{"start":{"line":53,"column":2},"end":{"line":53,"column":null}},"19":{"start":{"line":55,"column":18},"end":{"line":55,"column":null}},"20":{"start":{"line":56,"column":18},"end":{"line":56,"column":null}},"21":{"start":{"line":57,"column":20},"end":{"line":57,"column":null}},"22":{"start":{"line":58,"column":21},"end":{"line":58,"column":null}},"23":{"start":{"line":60,"column":2},"end":{"line":60,"column":null}},"24":{"start":{"line":62,"column":2},"end":{"line":71,"column":null}},"25":{"start":{"line":62,"column":15},"end":{"line":62,"column":18}},"26":{"start":{"line":63,"column":19},"end":{"line":63,"column":null}},"27":{"start":{"line":64,"column":18},"end":{"line":64,"column":null}},"28":{"start":{"line":65,"column":14},"end":{"line":65,"column":null}},"29":{"start":{"line":66,"column":14},"end":{"line":66,"column":null}},"30":{"start":{"line":67,"column":14},"end":{"line":67,"column":null}},"31":{"start":{"line":69,"column":4},"end":{"line":70,"column":null}},"32":{"start":{"line":69,"column":17},"end":{"line":69,"column":null}},"33":{"start":{"line":70,"column":9},"end":{"line":70,"column":null}},"34":{"start":{"line":73,"column":2},"end":{"line":73,"column":null}},"35":{"start":{"line":75,"column":19},"end":{"line":75,"column":null}},"36":{"start":{"line":76,"column":2},"end":{"line":76,"column":null}},"37":{"start":{"line":77,"column":2},"end":{"line":77,"column":null}},"38":{"start":{"line":79,"column":2},"end":{"line":79,"column":null}},"39":{"start":{"line":80,"column":2},"end":{"line":80,"column":null}},"40":{"start":{"line":82,"column":2},"end":{"line":82,"column":null}},"41":{"start":{"line":83,"column":2},"end":{"line":83,"column":null}},"42":{"start":{"line":84,"column":2},"end":{"line":84,"column":null}},"43":{"start":{"line":85,"column":2},"end":{"line":85,"column":null}},"44":{"start":{"line":88,"column":28},"end":{"line":91,"column":null}},"45":{"start":{"line":89,"column":16},"end":{"line":89,"column":null}},"46":{"start":{"line":90,"column":2},"end":{"line":90,"column":null}},"47":{"start":{"line":90,"column":45},"end":{"line":90,"column":67}},"48":{"start":{"line":93,"column":59},"end":{"line":775,"column":null}},"49":{"start":{"line":95,"column":30},"end":{"line":95,"column":null}},"50":{"start":{"line":96,"column":24},"end":{"line":96,"column":null}},"51":{"start":{"line":97,"column":38},"end":{"line":97,"column":null}},"52":{"start":{"line":98,"column":32},"end":{"line":98,"column":null}},"53":{"start":{"line":99,"column":32},"end":{"line":99,"column":null}},"54":{"start":{"line":100,"column":36},"end":{"line":100,"column":null}},"55":{"start":{"line":101,"column":30},"end":{"line":101,"column":null}},"56":{"start":{"line":102,"column":44},"end":{"line":102,"column":null}},"57":{"start":{"line":105,"column":8},"end":{"line":105,"column":null}},"58":{"start":{"line":106,"column":8},"end":{"line":106,"column":null}},"59":{"start":{"line":107,"column":8},"end":{"line":107,"column":null}},"60":{"start":{"line":108,"column":8},"end":{"line":108,"column":null}},"61":{"start":{"line":109,"column":8},"end":{"line":109,"column":null}},"62":{"start":{"line":110,"column":8},"end":{"line":110,"column":null}},"63":{"start":{"line":111,"column":8},"end":{"line":111,"column":null}},"64":{"start":{"line":112,"column":8},"end":{"line":112,"column":null}},"65":{"start":{"line":115,"column":8},"end":{"line":115,"column":null}},"66":{"start":{"line":116,"column":8},"end":{"line":116,"column":null}},"67":{"start":{"line":117,"column":8},"end":{"line":117,"column":null}},"68":{"start":{"line":118,"column":8},"end":{"line":118,"column":null}},"69":{"start":{"line":119,"column":8},"end":{"line":119,"column":null}},"70":{"start":{"line":120,"column":8},"end":{"line":120,"column":null}},"71":{"start":{"line":123,"column":8},"end":{"line":123,"column":null}},"72":{"start":{"line":124,"column":8},"end":{"line":124,"column":null}},"73":{"start":{"line":125,"column":8},"end":{"line":125,"column":null}},"74":{"start":{"line":126,"column":8},"end":{"line":126,"column":null}},"75":{"start":{"line":129,"column":8},"end":{"line":133,"column":null}},"76":{"start":{"line":130,"column":4},"end":{"line":132,"column":null}},"77":{"start":{"line":131,"column":6},"end":{"line":131,"column":null}},"78":{"start":{"line":136,"column":2},"end":{"line":141,"column":null}},"79":{"start":{"line":137,"column":4},"end":{"line":137,"column":null}},"80":{"start":{"line":138,"column":28},"end":{"line":138,"column":null}},"81":{"start":{"line":139,"column":4},"end":{"line":139,"column":null}},"82":{"start":{"line":140,"column":4},"end":{"line":140,"column":null}},"83":{"start":{"line":143,"column":2},"end":{"line":145,"column":null}},"84":{"start":{"line":144,"column":4},"end":{"line":144,"column":null}},"85":{"start":{"line":147,"column":2},"end":{"line":149,"column":null}},"86":{"start":{"line":148,"column":4},"end":{"line":148,"column":null}},"87":{"start":{"line":151,"column":2},"end":{"line":153,"column":null}},"88":{"start":{"line":152,"column":4},"end":{"line":152,"column":null}},"89":{"start":{"line":155,"column":2},"end":{"line":157,"column":null}},"90":{"start":{"line":156,"column":4},"end":{"line":156,"column":null}},"91":{"start":{"line":160,"column":26},"end":{"line":203,"column":null}},"92":{"start":{"line":161,"column":4},"end":{"line":202,"column":null}},"93":{"start":{"line":162,"column":6},"end":{"line":164,"column":null}},"94":{"start":{"line":163,"column":8},"end":{"line":163,"column":null}},"95":{"start":{"line":166,"column":32},"end":{"line":166,"column":null}},"96":{"start":{"line":167,"column":6},"end":{"line":169,"column":null}},"97":{"start":{"line":168,"column":8},"end":{"line":168,"column":null}},"98":{"start":{"line":171,"column":18},"end":{"line":171,"column":null}},"99":{"start":{"line":172,"column":6},"end":{"line":172,"column":null}},"100":{"start":{"line":172,"column":37},"end":{"line":172,"column":null}},"101":{"start":{"line":174,"column":21},"end":{"line":174,"column":null}},"102":{"start":{"line":175,"column":23},"end":{"line":175,"column":null}},"103":{"start":{"line":176,"column":6},"end":{"line":176,"column":null}},"104":{"start":{"line":177,"column":6},"end":{"line":177,"column":null}},"105":{"start":{"line":178,"column":6},"end":{"line":178,"column":null}},"106":{"start":{"line":180,"column":22},"end":{"line":196,"column":null}},"107":{"start":{"line":181,"column":8},"end":{"line":194,"column":null}},"108":{"start":{"line":182,"column":31},"end":{"line":182,"column":null}},"109":{"start":{"line":183,"column":28},"end":{"line":183,"column":null}},"110":{"start":{"line":184,"column":10},"end":{"line":184,"column":null}},"111":{"start":{"line":186,"column":20},"end":{"line":186,"column":null}},"112":{"start":{"line":187,"column":10},"end":{"line":187,"column":null}},"113":{"start":{"line":187,"column":23},"end":{"line":187,"column":26}},"114":{"start":{"line":187,"column":49},"end":{"line":187,"column":null}},"115":{"start":{"line":188,"column":22},"end":{"line":188,"column":null}},"116":{"start":{"line":190,"column":28},"end":{"line":190,"column":null}},"117":{"start":{"line":191,"column":10},"end":{"line":193,"column":null}},"118":{"start":{"line":192,"column":12},"end":{"line":192,"column":null}},"119":{"start":{"line":195,"column":8},"end":{"line":195,"column":null}},"120":{"start":{"line":197,"column":6},"end":{"line":197,"column":null}},"121":{"start":{"line":200,"column":6},"end":{"line":200,"column":null}},"122":{"start":{"line":201,"column":6},"end":{"line":201,"column":null}},"123":{"start":{"line":205,"column":25},"end":{"line":211,"column":null}},"124":{"start":{"line":206,"column":4},"end":{"line":206,"column":null}},"125":{"start":{"line":206,"column":30},"end":{"line":206,"column":null}},"126":{"start":{"line":207,"column":4},"end":{"line":210,"column":null}},"127":{"start":{"line":208,"column":6},"end":{"line":208,"column":null}},"128":{"start":{"line":208,"column":49},"end":{"line":208,"column":57}},"129":{"start":{"line":209,"column":6},"end":{"line":209,"column":null}},"130":{"start":{"line":214,"column":8},"end":{"line":301,"column":null}},"131":{"start":{"line":215,"column":4},"end":{"line":215,"column":null}},"132":{"start":{"line":215,"column":74},"end":{"line":215,"column":null}},"133":{"start":{"line":217,"column":4},"end":{"line":294,"column":null}},"134":{"start":{"line":218,"column":33},"end":{"line":218,"column":null}},"135":{"start":{"line":219,"column":6},"end":{"line":222,"column":null}},"136":{"start":{"line":220,"column":8},"end":{"line":220,"column":null}},"137":{"start":{"line":221,"column":8},"end":{"line":221,"column":null}},"138":{"start":{"line":223,"column":26},"end":{"line":223,"column":null}},"139":{"start":{"line":224,"column":6},"end":{"line":224,"column":null}},"140":{"start":{"line":225,"column":6},"end":{"line":225,"column":null}},"141":{"start":{"line":226,"column":6},"end":{"line":226,"column":null}},"142":{"start":{"line":228,"column":6},"end":{"line":233,"column":null}},"143":{"start":{"line":229,"column":8},"end":{"line":232,"column":null}},"144":{"start":{"line":230,"column":10},"end":{"line":230,"column":null}},"145":{"start":{"line":231,"column":10},"end":{"line":231,"column":null}},"146":{"start":{"line":235,"column":6},"end":{"line":243,"column":null}},"147":{"start":{"line":236,"column":8},"end":{"line":242,"column":null}},"148":{"start":{"line":237,"column":10},"end":{"line":241,"column":null}},"149":{"start":{"line":238,"column":12},"end":{"line":240,"column":null}},"150":{"start":{"line":239,"column":14},"end":{"line":239,"column":null}},"151":{"start":{"line":239,"column":20},"end":{"line":239,"column":41}},"152":{"start":{"line":245,"column":6},"end":{"line":257,"column":null}},"153":{"start":{"line":246,"column":20},"end":{"line":246,"column":null}},"154":{"start":{"line":247,"column":8},"end":{"line":247,"column":null}},"155":{"start":{"line":247,"column":62},"end":{"line":247,"column":null}},"156":{"start":{"line":249,"column":8},"end":{"line":249,"column":null}},"157":{"start":{"line":250,"column":8},"end":{"line":256,"column":null}},"158":{"start":{"line":251,"column":10},"end":{"line":251,"column":null}},"159":{"start":{"line":252,"column":10},"end":{"line":252,"column":null}},"160":{"start":{"line":253,"column":10},"end":{"line":253,"column":null}},"161":{"start":{"line":254,"column":8},"end":{"line":256,"column":null}},"162":{"start":{"line":255,"column":10},"end":{"line":255,"column":null}},"163":{"start":{"line":259,"column":6},"end":{"line":291,"column":null}},"164":{"start":{"line":260,"column":25},"end":{"line":260,"column":null}},"165":{"start":{"line":261,"column":27},"end":{"line":261,"column":null}},"166":{"start":{"line":263,"column":8},"end":{"line":269,"column":null}},"167":{"start":{"line":263,"column":21},"end":{"line":263,"column":40}},"168":{"start":{"line":264,"column":10},"end":{"line":268,"column":null}},"169":{"start":{"line":265,"column":12},"end":{"line":265,"column":null}},"170":{"start":{"line":267,"column":12},"end":{"line":267,"column":null}},"171":{"start":{"line":271,"column":8},"end":{"line":271,"column":null}},"172":{"start":{"line":271,"column":37},"end":{"line":271,"column":null}},"173":{"start":{"line":273,"column":8},"end":{"line":290,"column":null}},"174":{"start":{"line":274,"column":26},"end":{"line":274,"column":null}},"175":{"start":{"line":275,"column":16},"end":{"line":275,"column":null}},"176":{"start":{"line":276,"column":10},"end":{"line":276,"column":null}},"177":{"start":{"line":277,"column":10},"end":{"line":277,"column":null}},"178":{"start":{"line":278,"column":10},"end":{"line":278,"column":null}},"179":{"start":{"line":280,"column":10},"end":{"line":282,"column":null}},"180":{"start":{"line":281,"column":12},"end":{"line":281,"column":null}},"181":{"start":{"line":283,"column":8},"end":{"line":290,"column":null}},"182":{"start":{"line":284,"column":10},"end":{"line":284,"column":null}},"183":{"start":{"line":285,"column":10},"end":{"line":289,"column":null}},"184":{"start":{"line":286,"column":28},"end":{"line":286,"column":null}},"185":{"start":{"line":287,"column":18},"end":{"line":287,"column":null}},"186":{"start":{"line":288,"column":12},"end":{"line":288,"column":null}},"187":{"start":{"line":293,"column":6},"end":{"line":293,"column":null}},"188":{"start":{"line":296,"column":4},"end":{"line":300,"column":null}},"189":{"start":{"line":297,"column":6},"end":{"line":297,"column":null}},"190":{"start":{"line":303,"column":8},"end":{"line":308,"column":null}},"191":{"start":{"line":304,"column":4},"end":{"line":306,"column":null}},"192":{"start":{"line":305,"column":6},"end":{"line":305,"column":null}},"193":{"start":{"line":307,"column":4},"end":{"line":307,"column":null}},"194":{"start":{"line":307,"column":33},"end":{"line":307,"column":null}},"195":{"start":{"line":312,"column":8},"end":{"line":354,"column":null}},"196":{"start":{"line":313,"column":4},"end":{"line":326,"column":null}},"197":{"start":{"line":314,"column":6},"end":{"line":324,"column":null}},"198":{"start":{"line":315,"column":8},"end":{"line":323,"column":null}},"199":{"start":{"line":316,"column":10},"end":{"line":322,"column":null}},"200":{"start":{"line":317,"column":12},"end":{"line":321,"column":null}},"201":{"start":{"line":318,"column":14},"end":{"line":318,"column":null}},"202":{"start":{"line":320,"column":14},"end":{"line":320,"column":null}},"203":{"start":{"line":325,"column":6},"end":{"line":325,"column":null}},"204":{"start":{"line":328,"column":4},"end":{"line":328,"column":null}},"205":{"start":{"line":329,"column":4},"end":{"line":329,"column":null}},"206":{"start":{"line":330,"column":19},"end":{"line":330,"column":null}},"207":{"start":{"line":332,"column":4},"end":{"line":353,"column":null}},"208":{"start":{"line":333,"column":32},"end":{"line":333,"column":null}},"209":{"start":{"line":334,"column":6},"end":{"line":334,"column":null}},"210":{"start":{"line":334,"column":32},"end":{"line":334,"column":null}},"211":{"start":{"line":335,"column":18},"end":{"line":335,"column":null}},"212":{"start":{"line":336,"column":6},"end":{"line":336,"column":null}},"213":{"start":{"line":336,"column":37},"end":{"line":336,"column":null}},"214":{"start":{"line":338,"column":21},"end":{"line":338,"column":null}},"215":{"start":{"line":339,"column":6},"end":{"line":339,"column":null}},"216":{"start":{"line":340,"column":6},"end":{"line":340,"column":null}},"217":{"start":{"line":342,"column":6},"end":{"line":345,"column":null}},"218":{"start":{"line":343,"column":8},"end":{"line":343,"column":null}},"219":{"start":{"line":344,"column":8},"end":{"line":344,"column":null}},"220":{"start":{"line":347,"column":6},"end":{"line":347,"column":null}},"221":{"start":{"line":348,"column":6},"end":{"line":348,"column":null}},"222":{"start":{"line":350,"column":6},"end":{"line":350,"column":null}},"223":{"start":{"line":351,"column":6},"end":{"line":351,"column":null}},"224":{"start":{"line":352,"column":6},"end":{"line":352,"column":null}},"225":{"start":{"line":356,"column":22},"end":{"line":375,"column":null}},"226":{"start":{"line":357,"column":4},"end":{"line":357,"column":null}},"227":{"start":{"line":357,"column":22},"end":{"line":357,"column":null}},"228":{"start":{"line":359,"column":4},"end":{"line":374,"column":null}},"229":{"start":{"line":360,"column":21},"end":{"line":360,"column":null}},"230":{"start":{"line":361,"column":6},"end":{"line":361,"column":null}},"231":{"start":{"line":361,"column":19},"end":{"line":361,"column":null}},"232":{"start":{"line":363,"column":32},"end":{"line":363,"column":null}},"233":{"start":{"line":364,"column":6},"end":{"line":364,"column":null}},"234":{"start":{"line":364,"column":32},"end":{"line":364,"column":null}},"235":{"start":{"line":365,"column":18},"end":{"line":365,"column":null}},"236":{"start":{"line":367,"column":20},"end":{"line":367,"column":null}},"237":{"start":{"line":368,"column":21},"end":{"line":368,"column":null}},"238":{"start":{"line":370,"column":6},"end":{"line":370,"column":null}},"239":{"start":{"line":371,"column":6},"end":{"line":371,"column":null}},"240":{"start":{"line":373,"column":6},"end":{"line":373,"column":null}},"241":{"start":{"line":377,"column":16},"end":{"line":385,"column":null}},"242":{"start":{"line":378,"column":4},"end":{"line":378,"column":null}},"243":{"start":{"line":379,"column":4},"end":{"line":379,"column":null}},"244":{"start":{"line":380,"column":4},"end":{"line":380,"column":null}},"245":{"start":{"line":381,"column":4},"end":{"line":383,"column":null}},"246":{"start":{"line":382,"column":6},"end":{"line":382,"column":null}},"247":{"start":{"line":382,"column":12},"end":{"line":382,"column":38}},"248":{"start":{"line":384,"column":4},"end":{"line":384,"column":null}},"249":{"start":{"line":389,"column":28},"end":{"line":407,"column":null}},"250":{"start":{"line":390,"column":4},"end":{"line":406,"column":null}},"251":{"start":{"line":391,"column":6},"end":{"line":391,"column":null}},"252":{"start":{"line":392,"column":6},"end":{"line":392,"column":null}},"253":{"start":{"line":393,"column":6},"end":{"line":393,"column":null}},"254":{"start":{"line":394,"column":6},"end":{"line":394,"column":null}},"255":{"start":{"line":395,"column":6},"end":{"line":395,"column":null}},"256":{"start":{"line":395,"column":29},"end":{"line":395,"column":null}},"257":{"start":{"line":397,"column":6},"end":{"line":397,"column":null}},"258":{"start":{"line":398,"column":6},"end":{"line":398,"column":null}},"259":{"start":{"line":400,"column":22},"end":{"line":400,"column":null}},"260":{"start":{"line":401,"column":6},"end":{"line":405,"column":null}},"261":{"start":{"line":402,"column":8},"end":{"line":402,"column":null}},"262":{"start":{"line":404,"column":8},"end":{"line":404,"column":null}},"263":{"start":{"line":409,"column":21},"end":{"line":533,"column":null}},"264":{"start":{"line":410,"column":10},"end":{"line":410,"column":null}},"265":{"start":{"line":411,"column":4},"end":{"line":411,"column":null}},"266":{"start":{"line":411,"column":41},"end":{"line":411,"column":null}},"267":{"start":{"line":413,"column":4},"end":{"line":413,"column":null}},"268":{"start":{"line":413,"column":33},"end":{"line":413,"column":null}},"269":{"start":{"line":414,"column":4},"end":{"line":414,"column":null}},"270":{"start":{"line":415,"column":4},"end":{"line":415,"column":null}},"271":{"start":{"line":416,"column":4},"end":{"line":416,"column":null}},"272":{"start":{"line":417,"column":4},"end":{"line":417,"column":null}},"273":{"start":{"line":419,"column":4},"end":{"line":419,"column":null}},"274":{"start":{"line":420,"column":4},"end":{"line":420,"column":null}},"275":{"start":{"line":421,"column":4},"end":{"line":421,"column":null}},"276":{"start":{"line":422,"column":4},"end":{"line":422,"column":null}},"277":{"start":{"line":423,"column":4},"end":{"line":425,"column":null}},"278":{"start":{"line":424,"column":6},"end":{"line":424,"column":null}},"279":{"start":{"line":424,"column":12},"end":{"line":424,"column":38}},"280":{"start":{"line":427,"column":4},"end":{"line":430,"column":null}},"281":{"start":{"line":428,"column":6},"end":{"line":428,"column":null}},"282":{"start":{"line":429,"column":6},"end":{"line":429,"column":null}},"283":{"start":{"line":432,"column":29},"end":{"line":432,"column":null}},"284":{"start":{"line":433,"column":4},"end":{"line":438,"column":null}},"285":{"start":{"line":434,"column":26},"end":{"line":434,"column":null}},"286":{"start":{"line":435,"column":6},"end":{"line":435,"column":null}},"287":{"start":{"line":436,"column":6},"end":{"line":436,"column":null}},"288":{"start":{"line":437,"column":6},"end":{"line":437,"column":null}},"289":{"start":{"line":440,"column":4},"end":{"line":532,"column":null}},"290":{"start":{"line":441,"column":27},"end":{"line":441,"column":null}},"291":{"start":{"line":443,"column":21},"end":{"line":443,"column":null}},"292":{"start":{"line":444,"column":6},"end":{"line":448,"column":null}},"293":{"start":{"line":445,"column":24},"end":{"line":445,"column":null}},"294":{"start":{"line":446,"column":8},"end":{"line":446,"column":null}},"295":{"start":{"line":447,"column":8},"end":{"line":447,"column":null}},"296":{"start":{"line":450,"column":6},"end":{"line":486,"column":null}},"297":{"start":{"line":451,"column":22},"end":{"line":451,"column":null}},"298":{"start":{"line":452,"column":8},"end":{"line":452,"column":null}},"299":{"start":{"line":454,"column":8},"end":{"line":459,"column":null}},"300":{"start":{"line":455,"column":23},"end":{"line":455,"column":null}},"301":{"start":{"line":456,"column":10},"end":{"line":456,"column":null}},"302":{"start":{"line":457,"column":10},"end":{"line":457,"column":null}},"303":{"start":{"line":458,"column":10},"end":{"line":458,"column":null}},"304":{"start":{"line":462,"column":8},"end":{"line":485,"column":null}},"305":{"start":{"line":463,"column":10},"end":{"line":463,"column":null}},"306":{"start":{"line":465,"column":28},"end":{"line":465,"column":null}},"307":{"start":{"line":467,"column":10},"end":{"line":484,"column":null}},"308":{"start":{"line":468,"column":35},"end":{"line":468,"column":null}},"309":{"start":{"line":469,"column":12},"end":{"line":482,"column":null}},"310":{"start":{"line":469,"column":25},"end":{"line":469,"column":28}},"311":{"start":{"line":470,"column":31},"end":{"line":470,"column":null}},"312":{"start":{"line":471,"column":14},"end":{"line":481,"column":null}},"313":{"start":{"line":472,"column":16},"end":{"line":472,"column":null}},"314":{"start":{"line":474,"column":16},"end":{"line":480,"column":null}},"315":{"start":{"line":475,"column":18},"end":{"line":479,"column":null}},"316":{"start":{"line":476,"column":20},"end":{"line":476,"column":null}},"317":{"start":{"line":477,"column":20},"end":{"line":477,"column":null}},"318":{"start":{"line":478,"column":20},"end":{"line":478,"column":null}},"319":{"start":{"line":483,"column":12},"end":{"line":483,"column":null}},"320":{"start":{"line":489,"column":6},"end":{"line":495,"column":null}},"321":{"start":{"line":490,"column":26},"end":{"line":490,"column":null}},"322":{"start":{"line":491,"column":8},"end":{"line":494,"column":null}},"323":{"start":{"line":492,"column":10},"end":{"line":492,"column":null}},"324":{"start":{"line":493,"column":10},"end":{"line":493,"column":null}},"325":{"start":{"line":498,"column":6},"end":{"line":503,"column":null}},"326":{"start":{"line":499,"column":21},"end":{"line":499,"column":null}},"327":{"start":{"line":500,"column":8},"end":{"line":500,"column":null}},"328":{"start":{"line":501,"column":8},"end":{"line":501,"column":null}},"329":{"start":{"line":502,"column":8},"end":{"line":502,"column":null}},"330":{"start":{"line":505,"column":6},"end":{"line":505,"column":null}},"331":{"start":{"line":506,"column":6},"end":{"line":506,"column":null}},"332":{"start":{"line":509,"column":6},"end":{"line":524,"column":null}},"333":{"start":{"line":510,"column":8},"end":{"line":510,"column":null}},"334":{"start":{"line":511,"column":8},"end":{"line":511,"column":null}},"335":{"start":{"line":514,"column":8},"end":{"line":514,"column":null}},"336":{"start":{"line":515,"column":8},"end":{"line":515,"column":null}},"337":{"start":{"line":516,"column":8},"end":{"line":516,"column":null}},"338":{"start":{"line":517,"column":8},"end":{"line":519,"column":null}},"339":{"start":{"line":518,"column":10},"end":{"line":518,"column":null}},"340":{"start":{"line":518,"column":16},"end":{"line":518,"column":42}},"341":{"start":{"line":521,"column":8},"end":{"line":523,"column":null}},"342":{"start":{"line":522,"column":10},"end":{"line":522,"column":null}},"343":{"start":{"line":527,"column":6},"end":{"line":527,"column":null}},"344":{"start":{"line":528,"column":6},"end":{"line":528,"column":null}},"345":{"start":{"line":529,"column":6},"end":{"line":531,"column":null}},"346":{"start":{"line":530,"column":8},"end":{"line":530,"column":null}},"347":{"start":{"line":536,"column":23},"end":{"line":536,"column":null}},"348":{"start":{"line":536,"column":44},"end":{"line":536,"column":61}},"349":{"start":{"line":537,"column":27},"end":{"line":537,"column":null}},"350":{"start":{"line":539,"column":2},"end":{"line":773,"column":null}},"351":{"start":{"line":614,"column":12},"end":{"line":637,"column":null}},"352":{"start":{"line":689,"column":33},"end":{"line":689,"column":59}},"353":{"start":{"line":690,"column":32},"end":{"line":690,"column":null}},"354":{"start":{"line":728,"column":29},"end":{"line":728,"column":null}},"355":{"start":{"line":750,"column":27},"end":{"line":750,"column":null}},"356":{"start":{"line":758,"column":34},"end":{"line":758,"column":null}},"357":{"start":{"line":759,"column":34},"end":{"line":759,"column":null}}},"fnMap":{"0":{"name":"decode","decl":{"start":{"line":16,"column":9},"end":{"line":16,"column":16}},"loc":{"start":{"line":16,"column":32},"end":{"line":24,"column":null}},"line":16},"1":{"name":"decodeAudioData","decl":{"start":{"line":26,"column":15},"end":{"line":26,"column":null}},"loc":{"start":{"line":31,"column":24},"end":{"line":43,"column":null}},"line":31},"2":{"name":"(anonymous_2)","decl":{"start":{"line":46,"column":17},"end":{"line":46,"column":null}},"loc":{"start":{"line":52,"column":5},"end":{"line":86,"column":null}},"line":52},"3":{"name":"(anonymous_3)","decl":{"start":{"line":88,"column":28},"end":{"line":88,"column":29}},"loc":{"start":{"line":88,"column":55},"end":{"line":91,"column":null}},"line":88},"4":{"name":"(anonymous_4)","decl":{"start":{"line":90,"column":35},"end":{"line":90,"column":45}},"loc":{"start":{"line":90,"column":45},"end":{"line":90,"column":67}},"line":90},"5":{"name":"(anonymous_5)","decl":{"start":{"line":93,"column":59},"end":{"line":93,"column":60}},"loc":{"start":{"line":93,"column":112},"end":{"line":775,"column":null}},"line":93},"6":{"name":"(anonymous_6)","decl":{"start":{"line":129,"column":28},"end":{"line":129,"column":29}},"loc":{"start":{"line":129,"column":88},"end":{"line":133,"column":5}},"line":129},"7":{"name":"(anonymous_7)","decl":{"start":{"line":136,"column":12},"end":{"line":136,"column":18}},"loc":{"start":{"line":136,"column":18},"end":{"line":141,"column":5}},"line":136},"8":{"name":"(anonymous_8)","decl":{"start":{"line":143,"column":12},"end":{"line":143,"column":18}},"loc":{"start":{"line":143,"column":18},"end":{"line":145,"column":5}},"line":143},"9":{"name":"(anonymous_9)","decl":{"start":{"line":147,"column":12},"end":{"line":147,"column":18}},"loc":{"start":{"line":147,"column":18},"end":{"line":149,"column":5}},"line":147},"10":{"name":"(anonymous_10)","decl":{"start":{"line":151,"column":12},"end":{"line":151,"column":18}},"loc":{"start":{"line":151,"column":18},"end":{"line":153,"column":5}},"line":151},"11":{"name":"(anonymous_11)","decl":{"start":{"line":155,"column":12},"end":{"line":155,"column":18}},"loc":{"start":{"line":155,"column":18},"end":{"line":157,"column":5}},"line":155},"12":{"name":"(anonymous_12)","decl":{"start":{"line":160,"column":26},"end":{"line":160,"column":38}},"loc":{"start":{"line":160,"column":38},"end":{"line":203,"column":null}},"line":160},"13":{"name":"(anonymous_13)","decl":{"start":{"line":180,"column":22},"end":{"line":180,"column":23}},"loc":{"start":{"line":180,"column":40},"end":{"line":196,"column":null}},"line":180},"14":{"name":"(anonymous_14)","decl":{"start":{"line":205,"column":25},"end":{"line":205,"column":31}},"loc":{"start":{"line":205,"column":31},"end":{"line":211,"column":null}},"line":205},"15":{"name":"(anonymous_15)","decl":{"start":{"line":208,"column":44},"end":{"line":208,"column":49}},"loc":{"start":{"line":208,"column":49},"end":{"line":208,"column":57}},"line":208},"16":{"name":"(anonymous_16)","decl":{"start":{"line":214,"column":37},"end":{"line":214,"column":43}},"loc":{"start":{"line":214,"column":43},"end":{"line":301,"column":5}},"line":214},"17":{"name":"(anonymous_17)","decl":{"start":{"line":228,"column":28},"end":{"line":228,"column":34}},"loc":{"start":{"line":228,"column":34},"end":{"line":233,"column":null}},"line":228},"18":{"name":"(anonymous_18)","decl":{"start":{"line":235,"column":26},"end":{"line":235,"column":32}},"loc":{"start":{"line":235,"column":32},"end":{"line":243,"column":null}},"line":235},"19":{"name":"(anonymous_19)","decl":{"start":{"line":237,"column":21},"end":{"line":237,"column":27}},"loc":{"start":{"line":237,"column":27},"end":{"line":241,"column":13}},"line":237},"20":{"name":"(anonymous_20)","decl":{"start":{"line":245,"column":28},"end":{"line":245,"column":29}},"loc":{"start":{"line":245,"column":44},"end":{"line":257,"column":null}},"line":245},"21":{"name":"(anonymous_21)","decl":{"start":{"line":259,"column":29},"end":{"line":259,"column":30}},"loc":{"start":{"line":259,"column":45},"end":{"line":291,"column":null}},"line":259},"22":{"name":"(anonymous_22)","decl":{"start":{"line":280,"column":47},"end":{"line":280,"column":53}},"loc":{"start":{"line":280,"column":53},"end":{"line":282,"column":13}},"line":280},"23":{"name":"(anonymous_23)","decl":{"start":{"line":285,"column":47},"end":{"line":285,"column":53}},"loc":{"start":{"line":285,"column":53},"end":{"line":289,"column":13}},"line":285},"24":{"name":"(anonymous_24)","decl":{"start":{"line":303,"column":36},"end":{"line":303,"column":42}},"loc":{"start":{"line":303,"column":42},"end":{"line":308,"column":5}},"line":303},"25":{"name":"(anonymous_25)","decl":{"start":{"line":312,"column":38},"end":{"line":312,"column":50}},"loc":{"start":{"line":312,"column":50},"end":{"line":354,"column":5}},"line":312},"26":{"name":"(anonymous_26)","decl":{"start":{"line":315,"column":19},"end":{"line":315,"column":25}},"loc":{"start":{"line":315,"column":25},"end":{"line":323,"column":11}},"line":315},"27":{"name":"(anonymous_27)","decl":{"start":{"line":342,"column":23},"end":{"line":342,"column":29}},"loc":{"start":{"line":342,"column":29},"end":{"line":345,"column":null}},"line":342},"28":{"name":"(anonymous_28)","decl":{"start":{"line":356,"column":22},"end":{"line":356,"column":29}},"loc":{"start":{"line":356,"column":46},"end":{"line":375,"column":null}},"line":356},"29":{"name":"(anonymous_29)","decl":{"start":{"line":377,"column":16},"end":{"line":377,"column":23}},"loc":{"start":{"line":377,"column":40},"end":{"line":385,"column":null}},"line":377},"30":{"name":"(anonymous_30)","decl":{"start":{"line":389,"column":28},"end":{"line":389,"column":40}},"loc":{"start":{"line":389,"column":40},"end":{"line":407,"column":null}},"line":389},"31":{"name":"(anonymous_31)","decl":{"start":{"line":409,"column":21},"end":{"line":409,"column":28}},"loc":{"start":{"line":409,"column":54},"end":{"line":533,"column":null}},"line":409},"32":{"name":"(anonymous_32)","decl":{"start":{"line":433,"column":16},"end":{"line":433,"column":24}},"loc":{"start":{"line":433,"column":24},"end":{"line":438,"column":5}},"line":433},"33":{"name":"(anonymous_33)","decl":{"start":{"line":444,"column":18},"end":{"line":444,"column":26}},"loc":{"start":{"line":444,"column":26},"end":{"line":448,"column":7}},"line":444},"34":{"name":"(anonymous_34)","decl":{"start":{"line":454,"column":20},"end":{"line":454,"column":28}},"loc":{"start":{"line":454,"column":28},"end":{"line":459,"column":9}},"line":454},"35":{"name":"(anonymous_35)","decl":{"start":{"line":498,"column":18},"end":{"line":498,"column":26}},"loc":{"start":{"line":498,"column":26},"end":{"line":503,"column":7}},"line":498},"36":{"name":"(anonymous_36)","decl":{"start":{"line":521,"column":19},"end":{"line":521,"column":25}},"loc":{"start":{"line":521,"column":25},"end":{"line":523,"column":11}},"line":521},"37":{"name":"(anonymous_37)","decl":{"start":{"line":536,"column":39},"end":{"line":536,"column":44}},"loc":{"start":{"line":536,"column":44},"end":{"line":536,"column":61}},"line":536},"38":{"name":"(anonymous_38)","decl":{"start":{"line":613,"column":24},"end":{"line":613,"column":25}},"loc":{"start":{"line":614,"column":12},"end":{"line":637,"column":null}},"line":614},"39":{"name":"(anonymous_39)","decl":{"start":{"line":689,"column":24},"end":{"line":689,"column":25}},"loc":{"start":{"line":689,"column":31},"end":{"line":689,"column":null}},"line":689},"40":{"name":"(anonymous_40)","decl":{"start":{"line":690,"column":25},"end":{"line":690,"column":26}},"loc":{"start":{"line":690,"column":32},"end":{"line":690,"column":null}},"line":690},"41":{"name":"(anonymous_41)","decl":{"start":{"line":728,"column":23},"end":{"line":728,"column":29}},"loc":{"start":{"line":728,"column":29},"end":{"line":728,"column":null}},"line":728},"42":{"name":"(anonymous_42)","decl":{"start":{"line":750,"column":21},"end":{"line":750,"column":27}},"loc":{"start":{"line":750,"column":27},"end":{"line":750,"column":null}},"line":750},"43":{"name":"(anonymous_43)","decl":{"start":{"line":758,"column":26},"end":{"line":758,"column":27}},"loc":{"start":{"line":758,"column":34},"end":{"line":758,"column":null}},"line":758},"44":{"name":"(anonymous_44)","decl":{"start":{"line":759,"column":26},"end":{"line":759,"column":27}},"loc":{"start":{"line":759,"column":34},"end":{"line":759,"column":null}},"line":759}},"branchMap":{"0":{"loc":{"start":{"line":29,"column":2},"end":{"line":29,"column":null}},"type":"default-arg","locations":[{"start":{"line":29,"column":23},"end":{"line":29,"column":null}}],"line":29},"1":{"loc":{"start":{"line":30,"column":2},"end":{"line":30,"column":null}},"type":"default-arg","locations":[{"start":{"line":30,"column":24},"end":{"line":30,"column":null}}],"line":30},"2":{"loc":{"start":{"line":69,"column":4},"end":{"line":70,"column":null}},"type":"if","locations":[{"start":{"line":69,"column":4},"end":{"line":70,"column":null}},{"start":{"line":70,"column":9},"end":{"line":70,"column":null}}],"line":69},"3":{"loc":{"start":{"line":84,"column":18},"end":{"line":84,"column":null}},"type":"binary-expr","locations":[{"start":{"line":84,"column":18},"end":{"line":84,"column":96}},{"start":{"line":84,"column":96},"end":{"line":84,"column":null}}],"line":84},"4":{"loc":{"start":{"line":130,"column":4},"end":{"line":132,"column":null}},"type":"if","locations":[{"start":{"line":130,"column":4},"end":{"line":132,"column":null}},{"start":{},"end":{}}],"line":130},"5":{"loc":{"start":{"line":130,"column":8},"end":{"line":130,"column":35}},"type":"binary-expr","locations":[{"start":{"line":130,"column":8},"end":{"line":130,"column":24}},{"start":{"line":130,"column":24},"end":{"line":130,"column":35}}],"line":130},"6":{"loc":{"start":{"line":162,"column":6},"end":{"line":164,"column":null}},"type":"if","locations":[{"start":{"line":162,"column":6},"end":{"line":164,"column":null}},{"start":{},"end":{}}],"line":162},"7":{"loc":{"start":{"line":166,"column":32},"end":{"line":166,"column":null}},"type":"binary-expr","locations":[{"start":{"line":166,"column":32},"end":{"line":166,"column":56}},{"start":{"line":166,"column":56},"end":{"line":166,"column":null}}],"line":166},"8":{"loc":{"start":{"line":167,"column":6},"end":{"line":169,"column":null}},"type":"if","locations":[{"start":{"line":167,"column":6},"end":{"line":169,"column":null}},{"start":{},"end":{}}],"line":167},"9":{"loc":{"start":{"line":172,"column":6},"end":{"line":172,"column":null}},"type":"if","locations":[{"start":{"line":172,"column":6},"end":{"line":172,"column":null}},{"start":{},"end":{}}],"line":172},"10":{"loc":{"start":{"line":181,"column":8},"end":{"line":194,"column":null}},"type":"if","locations":[{"start":{"line":181,"column":8},"end":{"line":194,"column":null}},{"start":{},"end":{}}],"line":181},"11":{"loc":{"start":{"line":181,"column":12},"end":{"line":181,"column":54}},"type":"binary-expr","locations":[{"start":{"line":181,"column":12},"end":{"line":181,"column":35}},{"start":{"line":181,"column":35},"end":{"line":181,"column":54}}],"line":181},"12":{"loc":{"start":{"line":191,"column":10},"end":{"line":193,"column":null}},"type":"if","locations":[{"start":{"line":191,"column":10},"end":{"line":193,"column":null}},{"start":{},"end":{}}],"line":191},"13":{"loc":{"start":{"line":206,"column":4},"end":{"line":206,"column":null}},"type":"if","locations":[{"start":{"line":206,"column":4},"end":{"line":206,"column":null}},{"start":{},"end":{}}],"line":206},"14":{"loc":{"start":{"line":207,"column":4},"end":{"line":210,"column":null}},"type":"if","locations":[{"start":{"line":207,"column":4},"end":{"line":210,"column":null}},{"start":{},"end":{}}],"line":207},"15":{"loc":{"start":{"line":215,"column":4},"end":{"line":215,"column":null}},"type":"if","locations":[{"start":{"line":215,"column":4},"end":{"line":215,"column":null}},{"start":{},"end":{}}],"line":215},"16":{"loc":{"start":{"line":215,"column":8},"end":{"line":215,"column":74}},"type":"binary-expr","locations":[{"start":{"line":215,"column":8},"end":{"line":215,"column":34}},{"start":{"line":215,"column":34},"end":{"line":215,"column":74}}],"line":215},"17":{"loc":{"start":{"line":217,"column":4},"end":{"line":294,"column":null}},"type":"if","locations":[{"start":{"line":217,"column":4},"end":{"line":294,"column":null}},{"start":{},"end":{}}],"line":217},"18":{"loc":{"start":{"line":218,"column":33},"end":{"line":218,"column":null}},"type":"binary-expr","locations":[{"start":{"line":218,"column":33},"end":{"line":218,"column":70}},{"start":{"line":218,"column":70},"end":{"line":218,"column":null}}],"line":218},"19":{"loc":{"start":{"line":219,"column":6},"end":{"line":222,"column":null}},"type":"if","locations":[{"start":{"line":219,"column":6},"end":{"line":222,"column":null}},{"start":{},"end":{}}],"line":219},"20":{"loc":{"start":{"line":229,"column":8},"end":{"line":232,"column":null}},"type":"if","locations":[{"start":{"line":229,"column":8},"end":{"line":232,"column":null}},{"start":{},"end":{}}],"line":229},"21":{"loc":{"start":{"line":236,"column":8},"end":{"line":242,"column":null}},"type":"if","locations":[{"start":{"line":236,"column":8},"end":{"line":242,"column":null}},{"start":{},"end":{}}],"line":236},"22":{"loc":{"start":{"line":236,"column":12},"end":{"line":236,"column":118}},"type":"binary-expr","locations":[{"start":{"line":236,"column":12},"end":{"line":236,"column":36}},{"start":{"line":236,"column":36},"end":{"line":236,"column":77}},{"start":{"line":236,"column":77},"end":{"line":236,"column":118}}],"line":236},"23":{"loc":{"start":{"line":238,"column":12},"end":{"line":240,"column":null}},"type":"if","locations":[{"start":{"line":238,"column":12},"end":{"line":240,"column":null}},{"start":{},"end":{}}],"line":238},"24":{"loc":{"start":{"line":238,"column":16},"end":{"line":238,"column":122}},"type":"binary-expr","locations":[{"start":{"line":238,"column":16},"end":{"line":238,"column":40}},{"start":{"line":238,"column":40},"end":{"line":238,"column":81}},{"start":{"line":238,"column":81},"end":{"line":238,"column":122}}],"line":238},"25":{"loc":{"start":{"line":247,"column":8},"end":{"line":247,"column":null}},"type":"if","locations":[{"start":{"line":247,"column":8},"end":{"line":247,"column":null}},{"start":{},"end":{}}],"line":247},"26":{"loc":{"start":{"line":247,"column":12},"end":{"line":247,"column":62}},"type":"binary-expr","locations":[{"start":{"line":247,"column":12},"end":{"line":247,"column":35}},{"start":{"line":247,"column":35},"end":{"line":247,"column":56}},{"start":{"line":247,"column":56},"end":{"line":247,"column":62}}],"line":247},"27":{"loc":{"start":{"line":250,"column":8},"end":{"line":256,"column":null}},"type":"if","locations":[{"start":{"line":250,"column":8},"end":{"line":256,"column":null}},{"start":{"line":254,"column":8},"end":{"line":256,"column":null}}],"line":250},"28":{"loc":{"start":{"line":250,"column":12},"end":{"line":250,"column":68}},"type":"binary-expr","locations":[{"start":{"line":250,"column":12},"end":{"line":250,"column":37}},{"start":{"line":250,"column":37},"end":{"line":250,"column":68}}],"line":250},"29":{"loc":{"start":{"line":254,"column":8},"end":{"line":256,"column":null}},"type":"if","locations":[{"start":{"line":254,"column":8},"end":{"line":256,"column":null}},{"start":{},"end":{}}],"line":254},"30":{"loc":{"start":{"line":264,"column":10},"end":{"line":268,"column":null}},"type":"if","locations":[{"start":{"line":264,"column":10},"end":{"line":268,"column":null}},{"start":{"line":266,"column":17},"end":{"line":268,"column":null}}],"line":264},"31":{"loc":{"start":{"line":271,"column":8},"end":{"line":271,"column":null}},"type":"if","locations":[{"start":{"line":271,"column":8},"end":{"line":271,"column":null}},{"start":{},"end":{}}],"line":271},"32":{"loc":{"start":{"line":273,"column":8},"end":{"line":290,"column":null}},"type":"if","locations":[{"start":{"line":273,"column":8},"end":{"line":290,"column":null}},{"start":{"line":283,"column":8},"end":{"line":290,"column":null}}],"line":273},"33":{"loc":{"start":{"line":283,"column":8},"end":{"line":290,"column":null}},"type":"if","locations":[{"start":{"line":283,"column":8},"end":{"line":290,"column":null}},{"start":{},"end":{}}],"line":283},"34":{"loc":{"start":{"line":304,"column":4},"end":{"line":306,"column":null}},"type":"if","locations":[{"start":{"line":304,"column":4},"end":{"line":306,"column":null}},{"start":{},"end":{}}],"line":304},"35":{"loc":{"start":{"line":307,"column":4},"end":{"line":307,"column":null}},"type":"if","locations":[{"start":{"line":307,"column":4},"end":{"line":307,"column":null}},{"start":{},"end":{}}],"line":307},"36":{"loc":{"start":{"line":313,"column":4},"end":{"line":326,"column":null}},"type":"if","locations":[{"start":{"line":313,"column":4},"end":{"line":326,"column":null}},{"start":{},"end":{}}],"line":313},"37":{"loc":{"start":{"line":313,"column":8},"end":{"line":313,"column":73}},"type":"binary-expr","locations":[{"start":{"line":313,"column":8},"end":{"line":313,"column":37}},{"start":{"line":313,"column":37},"end":{"line":313,"column":73}}],"line":313},"38":{"loc":{"start":{"line":314,"column":6},"end":{"line":324,"column":null}},"type":"if","locations":[{"start":{"line":314,"column":6},"end":{"line":324,"column":null}},{"start":{},"end":{}}],"line":314},"39":{"loc":{"start":{"line":314,"column":10},"end":{"line":314,"column":87}},"type":"binary-expr","locations":[{"start":{"line":314,"column":10},"end":{"line":314,"column":48}},{"start":{"line":314,"column":48},"end":{"line":314,"column":87}}],"line":314},"40":{"loc":{"start":{"line":316,"column":10},"end":{"line":322,"column":null}},"type":"if","locations":[{"start":{"line":316,"column":10},"end":{"line":322,"column":null}},{"start":{},"end":{}}],"line":316},"41":{"loc":{"start":{"line":316,"column":14},"end":{"line":316,"column":91}},"type":"binary-expr","locations":[{"start":{"line":316,"column":14},"end":{"line":316,"column":52}},{"start":{"line":316,"column":52},"end":{"line":316,"column":91}}],"line":316},"42":{"loc":{"start":{"line":317,"column":12},"end":{"line":321,"column":null}},"type":"if","locations":[{"start":{"line":317,"column":12},"end":{"line":321,"column":null}},{"start":{"line":319,"column":19},"end":{"line":321,"column":null}}],"line":317},"43":{"loc":{"start":{"line":333,"column":32},"end":{"line":333,"column":null}},"type":"binary-expr","locations":[{"start":{"line":333,"column":32},"end":{"line":333,"column":56}},{"start":{"line":333,"column":56},"end":{"line":333,"column":null}}],"line":333},"44":{"loc":{"start":{"line":334,"column":6},"end":{"line":334,"column":null}},"type":"if","locations":[{"start":{"line":334,"column":6},"end":{"line":334,"column":null}},{"start":{},"end":{}}],"line":334},"45":{"loc":{"start":{"line":336,"column":6},"end":{"line":336,"column":null}},"type":"if","locations":[{"start":{"line":336,"column":6},"end":{"line":336,"column":null}},{"start":{},"end":{}}],"line":336},"46":{"loc":{"start":{"line":357,"column":4},"end":{"line":357,"column":null}},"type":"if","locations":[{"start":{"line":357,"column":4},"end":{"line":357,"column":null}},{"start":{},"end":{}}],"line":357},"47":{"loc":{"start":{"line":361,"column":6},"end":{"line":361,"column":null}},"type":"if","locations":[{"start":{"line":361,"column":6},"end":{"line":361,"column":null}},{"start":{},"end":{}}],"line":361},"48":{"loc":{"start":{"line":363,"column":32},"end":{"line":363,"column":null}},"type":"binary-expr","locations":[{"start":{"line":363,"column":32},"end":{"line":363,"column":56}},{"start":{"line":363,"column":56},"end":{"line":363,"column":null}}],"line":363},"49":{"loc":{"start":{"line":364,"column":6},"end":{"line":364,"column":null}},"type":"if","locations":[{"start":{"line":364,"column":6},"end":{"line":364,"column":null}},{"start":{},"end":{}}],"line":364},"50":{"loc":{"start":{"line":381,"column":4},"end":{"line":383,"column":null}},"type":"if","locations":[{"start":{"line":381,"column":4},"end":{"line":383,"column":null}},{"start":{},"end":{}}],"line":381},"51":{"loc":{"start":{"line":390,"column":4},"end":{"line":406,"column":null}},"type":"if","locations":[{"start":{"line":390,"column":4},"end":{"line":406,"column":null}},{"start":{"line":396,"column":11},"end":{"line":406,"column":null}}],"line":390},"52":{"loc":{"start":{"line":395,"column":6},"end":{"line":395,"column":null}},"type":"if","locations":[{"start":{"line":395,"column":6},"end":{"line":395,"column":null}},{"start":{},"end":{}}],"line":395},"53":{"loc":{"start":{"line":401,"column":6},"end":{"line":405,"column":null}},"type":"if","locations":[{"start":{"line":401,"column":6},"end":{"line":405,"column":null}},{"start":{"line":403,"column":13},"end":{"line":405,"column":null}}],"line":401},"54":{"loc":{"start":{"line":401,"column":10},"end":{"line":401,"column":71}},"type":"binary-expr","locations":[{"start":{"line":401,"column":10},"end":{"line":401,"column":21}},{"start":{"line":401,"column":21},"end":{"line":401,"column":49}},{"start":{"line":401,"column":49},"end":{"line":401,"column":71}}],"line":401},"55":{"loc":{"start":{"line":410,"column":24},"end":{"line":410,"column":67}},"type":"binary-expr","locations":[{"start":{"line":410,"column":24},"end":{"line":410,"column":40}},{"start":{"line":410,"column":40},"end":{"line":410,"column":60}},{"start":{"line":410,"column":60},"end":{"line":410,"column":67}}],"line":410},"56":{"loc":{"start":{"line":411,"column":4},"end":{"line":411,"column":null}},"type":"if","locations":[{"start":{"line":411,"column":4},"end":{"line":411,"column":null}},{"start":{},"end":{}}],"line":411},"57":{"loc":{"start":{"line":411,"column":8},"end":{"line":411,"column":41}},"type":"binary-expr","locations":[{"start":{"line":411,"column":8},"end":{"line":411,"column":23}},{"start":{"line":411,"column":23},"end":{"line":411,"column":41}}],"line":411},"58":{"loc":{"start":{"line":413,"column":4},"end":{"line":413,"column":null}},"type":"if","locations":[{"start":{"line":413,"column":4},"end":{"line":413,"column":null}},{"start":{},"end":{}}],"line":413},"59":{"loc":{"start":{"line":423,"column":4},"end":{"line":425,"column":null}},"type":"if","locations":[{"start":{"line":423,"column":4},"end":{"line":425,"column":null}},{"start":{},"end":{}}],"line":423},"60":{"loc":{"start":{"line":427,"column":4},"end":{"line":430,"column":null}},"type":"if","locations":[{"start":{"line":427,"column":4},"end":{"line":430,"column":null}},{"start":{},"end":{}}],"line":427},"61":{"loc":{"start":{"line":451,"column":22},"end":{"line":451,"column":null}},"type":"binary-expr","locations":[{"start":{"line":451,"column":22},"end":{"line":451,"column":64}},{"start":{"line":451,"column":64},"end":{"line":451,"column":null}}],"line":451},"62":{"loc":{"start":{"line":462,"column":8},"end":{"line":485,"column":null}},"type":"if","locations":[{"start":{"line":462,"column":8},"end":{"line":485,"column":null}},{"start":{},"end":{}}],"line":462},"63":{"loc":{"start":{"line":467,"column":10},"end":{"line":484,"column":null}},"type":"if","locations":[{"start":{"line":467,"column":10},"end":{"line":484,"column":null}},{"start":{},"end":{}}],"line":467},"64":{"loc":{"start":{"line":471,"column":14},"end":{"line":481,"column":null}},"type":"if","locations":[{"start":{"line":471,"column":14},"end":{"line":481,"column":null}},{"start":{},"end":{}}],"line":471},"65":{"loc":{"start":{"line":472,"column":37},"end":{"line":472,"column":68}},"type":"cond-expr","locations":[{"start":{"line":472,"column":56},"end":{"line":472,"column":62}},{"start":{"line":472,"column":62},"end":{"line":472,"column":68}}],"line":472},"66":{"loc":{"start":{"line":474,"column":16},"end":{"line":480,"column":null}},"type":"if","locations":[{"start":{"line":474,"column":16},"end":{"line":480,"column":null}},{"start":{},"end":{}}],"line":474},"67":{"loc":{"start":{"line":474,"column":20},"end":{"line":474,"column":80}},"type":"binary-expr","locations":[{"start":{"line":474,"column":20},"end":{"line":474,"column":52}},{"start":{"line":474,"column":52},"end":{"line":474,"column":80}}],"line":474},"68":{"loc":{"start":{"line":475,"column":18},"end":{"line":479,"column":null}},"type":"if","locations":[{"start":{"line":475,"column":18},"end":{"line":479,"column":null}},{"start":{},"end":{}}],"line":475},"69":{"loc":{"start":{"line":483,"column":41},"end":{"line":483,"column":91}},"type":"cond-expr","locations":[{"start":{"line":483,"column":60},"end":{"line":483,"column":85}},{"start":{"line":483,"column":85},"end":{"line":483,"column":91}}],"line":483},"70":{"loc":{"start":{"line":489,"column":6},"end":{"line":495,"column":null}},"type":"if","locations":[{"start":{"line":489,"column":6},"end":{"line":495,"column":null}},{"start":{},"end":{}}],"line":489},"71":{"loc":{"start":{"line":489,"column":10},"end":{"line":489,"column":68}},"type":"binary-expr","locations":[{"start":{"line":489,"column":10},"end":{"line":489,"column":34}},{"start":{"line":489,"column":34},"end":{"line":489,"column":68}}],"line":489},"72":{"loc":{"start":{"line":491,"column":8},"end":{"line":494,"column":null}},"type":"if","locations":[{"start":{"line":491,"column":8},"end":{"line":494,"column":null}},{"start":{},"end":{}}],"line":491},"73":{"loc":{"start":{"line":509,"column":6},"end":{"line":524,"column":null}},"type":"if","locations":[{"start":{"line":509,"column":6},"end":{"line":524,"column":null}},{"start":{},"end":{}}],"line":509},"74":{"loc":{"start":{"line":517,"column":8},"end":{"line":519,"column":null}},"type":"if","locations":[{"start":{"line":517,"column":8},"end":{"line":519,"column":null}},{"start":{},"end":{}}],"line":517},"75":{"loc":{"start":{"line":529,"column":6},"end":{"line":531,"column":null}},"type":"if","locations":[{"start":{"line":529,"column":6},"end":{"line":531,"column":null}},{"start":{},"end":{}}],"line":529},"76":{"loc":{"start":{"line":537,"column":27},"end":{"line":537,"column":null}},"type":"binary-expr","locations":[{"start":{"line":537,"column":27},"end":{"line":537,"column":48}},{"start":{"line":537,"column":48},"end":{"line":537,"column":99}},{"start":{"line":537,"column":99},"end":{"line":537,"column":null}}],"line":537},"77":{"loc":{"start":{"line":574,"column":26},"end":{"line":574,"column":null}},"type":"cond-expr","locations":[{"start":{"line":574,"column":56},"end":{"line":574,"column":76}},{"start":{"line":574,"column":76},"end":{"line":574,"column":null}}],"line":574},"78":{"loc":{"start":{"line":575,"column":23},"end":{"line":575,"column":null}},"type":"cond-expr","locations":[{"start":{"line":575,"column":53},"end":{"line":575,"column":57}},{"start":{"line":575,"column":57},"end":{"line":575,"column":null}}],"line":575},"79":{"loc":{"start":{"line":587,"column":15},"end":{"line":591,"column":null}},"type":"cond-expr","locations":[{"start":{"line":587,"column":33},"end":{"line":587,"column":null}},{"start":{"line":588,"column":16},"end":{"line":591,"column":null}}],"line":587},"80":{"loc":{"start":{"line":588,"column":16},"end":{"line":591,"column":null}},"type":"cond-expr","locations":[{"start":{"line":588,"column":47},"end":{"line":588,"column":null}},{"start":{"line":589,"column":18},"end":{"line":591,"column":null}}],"line":588},"81":{"loc":{"start":{"line":589,"column":18},"end":{"line":591,"column":null}},"type":"cond-expr","locations":[{"start":{"line":589,"column":47},"end":{"line":589,"column":null}},{"start":{"line":590,"column":20},"end":{"line":591,"column":null}}],"line":589},"82":{"loc":{"start":{"line":590,"column":20},"end":{"line":591,"column":null}},"type":"cond-expr","locations":[{"start":{"line":590,"column":50},"end":{"line":590,"column":null}},{"start":{"line":591,"column":22},"end":{"line":591,"column":null}}],"line":590},"83":{"loc":{"start":{"line":596,"column":13},"end":{"line":603,"column":null}},"type":"binary-expr","locations":[{"start":{"line":596,"column":13},"end":{"line":596,"column":null}},{"start":{"line":597,"column":14},"end":{"line":603,"column":null}}],"line":596},"84":{"loc":{"start":{"line":616,"column":26},"end":{"line":616,"column":null}},"type":"cond-expr","locations":[{"start":{"line":616,"column":48},"end":{"line":616,"column":61}},{"start":{"line":616,"column":61},"end":{"line":616,"column":null}}],"line":616},"85":{"loc":{"start":{"line":621,"column":25},"end":{"line":621,"column":null}},"type":"cond-expr","locations":[{"start":{"line":621,"column":47},"end":{"line":621,"column":64}},{"start":{"line":621,"column":64},"end":{"line":621,"column":null}}],"line":621},"86":{"loc":{"start":{"line":622,"column":22},"end":{"line":625,"column":null}},"type":"cond-expr","locations":[{"start":{"line":622,"column":44},"end":{"line":625,"column":22}},{"start":{"line":625,"column":22},"end":{"line":625,"column":null}}],"line":622},"87":{"loc":{"start":{"line":628,"column":19},"end":{"line":633,"column":null}},"type":"binary-expr","locations":[{"start":{"line":628,"column":19},"end":{"line":628,"column":null}},{"start":{"line":629,"column":20},"end":{"line":633,"column":null}}],"line":628},"88":{"loc":{"start":{"line":638,"column":11},"end":{"line":649,"column":null}},"type":"binary-expr","locations":[{"start":{"line":641,"column":12},"end":{"line":641,"column":45}},{"start":{"line":641,"column":45},"end":{"line":641,"column":58}},{"start":{"line":641,"column":58},"end":{"line":641,"column":104}},{"start":{"line":641,"column":104},"end":{"line":641,"column":null}},{"start":{"line":642,"column":12},"end":{"line":649,"column":null}}],"line":638},"89":{"loc":{"start":{"line":653,"column":11},"end":{"line":666,"column":null}},"type":"binary-expr","locations":[{"start":{"line":653,"column":11},"end":{"line":653,"column":null}},{"start":{"line":654,"column":12},"end":{"line":666,"column":null}}],"line":653},"90":{"loc":{"start":{"line":683,"column":21},"end":{"line":683,"column":null}},"type":"cond-expr","locations":[{"start":{"line":683,"column":39},"end":{"line":683,"column":45}},{"start":{"line":683,"column":45},"end":{"line":683,"column":null}}],"line":683},"91":{"loc":{"start":{"line":684,"column":27},"end":{"line":684,"column":null}},"type":"cond-expr","locations":[{"start":{"line":684,"column":45},"end":{"line":684,"column":54}},{"start":{"line":684,"column":54},"end":{"line":684,"column":null}}],"line":684},"92":{"loc":{"start":{"line":688,"column":21},"end":{"line":688,"column":null}},"type":"binary-expr","locations":[{"start":{"line":688,"column":21},"end":{"line":688,"column":37}},{"start":{"line":688,"column":37},"end":{"line":688,"column":null}}],"line":688},"93":{"loc":{"start":{"line":690,"column":32},"end":{"line":690,"column":null}},"type":"binary-expr","locations":[{"start":{"line":690,"column":32},"end":{"line":690,"column":53}},{"start":{"line":690,"column":53},"end":{"line":690,"column":69}},{"start":{"line":690,"column":69},"end":{"line":690,"column":null}}],"line":690},"94":{"loc":{"start":{"line":691,"column":27},"end":{"line":691,"column":null}},"type":"cond-expr","locations":[{"start":{"line":691,"column":40},"end":{"line":691,"column":113}},{"start":{"line":691,"column":113},"end":{"line":691,"column":null}}],"line":691},"95":{"loc":{"start":{"line":691,"column":40},"end":{"line":691,"column":113}},"type":"cond-expr","locations":[{"start":{"line":691,"column":70},"end":{"line":691,"column":87}},{"start":{"line":691,"column":87},"end":{"line":691,"column":113}}],"line":691},"96":{"loc":{"start":{"line":692,"column":24},"end":{"line":692,"column":null}},"type":"binary-expr","locations":[{"start":{"line":692,"column":24},"end":{"line":692,"column":37}},{"start":{"line":692,"column":37},"end":{"line":692,"column":69}},{"start":{"line":692,"column":69},"end":{"line":692,"column":99}},{"start":{"line":692,"column":99},"end":{"line":692,"column":null}}],"line":692},"97":{"loc":{"start":{"line":708,"column":27},"end":{"line":708,"column":null}},"type":"cond-expr","locations":[{"start":{"line":708,"column":57},"end":{"line":708,"column":61}},{"start":{"line":708,"column":61},"end":{"line":708,"column":null}}],"line":708},"98":{"loc":{"start":{"line":718,"column":25},"end":{"line":718,"column":76}},"type":"cond-expr","locations":[{"start":{"line":718,"column":37},"end":{"line":718,"column":57}},{"start":{"line":718,"column":57},"end":{"line":718,"column":76}}],"line":718},"99":{"loc":{"start":{"line":720,"column":23},"end":{"line":720,"column":null}},"type":"cond-expr","locations":[{"start":{"line":720,"column":35},"end":{"line":720,"column":55}},{"start":{"line":720,"column":55},"end":{"line":720,"column":null}}],"line":720},"100":{"loc":{"start":{"line":722,"column":17},"end":{"line":722,"column":null}},"type":"cond-expr","locations":[{"start":{"line":722,"column":29},"end":{"line":722,"column":72}},{"start":{"line":722,"column":72},"end":{"line":722,"column":null}}],"line":722},"101":{"loc":{"start":{"line":729,"column":25},"end":{"line":729,"column":null}},"type":"binary-expr","locations":[{"start":{"line":729,"column":25},"end":{"line":729,"column":42}},{"start":{"line":729,"column":42},"end":{"line":729,"column":67}},{"start":{"line":729,"column":67},"end":{"line":729,"column":80}},{"start":{"line":729,"column":80},"end":{"line":729,"column":null}}],"line":729},"102":{"loc":{"start":{"line":732,"column":25},"end":{"line":732,"column":null}},"type":"cond-expr","locations":[{"start":{"line":732,"column":98},"end":{"line":732,"column":114}},{"start":{"line":732,"column":114},"end":{"line":732,"column":null}}],"line":732},"103":{"loc":{"start":{"line":732,"column":25},"end":{"line":732,"column":98}},"type":"binary-expr","locations":[{"start":{"line":732,"column":25},"end":{"line":732,"column":42}},{"start":{"line":732,"column":42},"end":{"line":732,"column":67}},{"start":{"line":732,"column":67},"end":{"line":732,"column":80}},{"start":{"line":732,"column":80},"end":{"line":732,"column":98}}],"line":732},"104":{"loc":{"start":{"line":736,"column":26},"end":{"line":736,"column":null}},"type":"cond-expr","locations":[{"start":{"line":736,"column":99},"end":{"line":736,"column":105}},{"start":{"line":736,"column":105},"end":{"line":736,"column":null}}],"line":736},"105":{"loc":{"start":{"line":736,"column":26},"end":{"line":736,"column":99}},"type":"binary-expr","locations":[{"start":{"line":736,"column":26},"end":{"line":736,"column":43}},{"start":{"line":736,"column":43},"end":{"line":736,"column":68}},{"start":{"line":736,"column":68},"end":{"line":736,"column":81}},{"start":{"line":736,"column":81},"end":{"line":736,"column":99}}],"line":736},"106":{"loc":{"start":{"line":748,"column":9},"end":{"line":770,"column":null}},"type":"cond-expr","locations":[{"start":{"line":749,"column":10},"end":{"line":762,"column":null}},{"start":{"line":764,"column":10},"end":{"line":770,"column":null}}],"line":748},"107":{"loc":{"start":{"line":748,"column":9},"end":{"line":748,"column":null}},"type":"binary-expr","locations":[{"start":{"line":748,"column":9},"end":{"line":748,"column":29}},{"start":{"line":748,"column":29},"end":{"line":748,"column":null}}],"line":748},"108":{"loc":{"start":{"line":768,"column":13},"end":{"line":769,"column":null}},"type":"cond-expr","locations":[{"start":{"line":768,"column":31},"end":{"line":768,"column":null}},{"start":{"line":769,"column":14},"end":{"line":769,"column":null}}],"line":768},"109":{"loc":{"start":{"line":769,"column":14},"end":{"line":769,"column":null}},"type":"cond-expr","locations":[{"start":{"line":769,"column":27},"end":{"line":769,"column":126}},{"start":{"line":769,"column":126},"end":{"line":769,"column":null}}],"line":769},"110":{"loc":{"start":{"line":769,"column":27},"end":{"line":769,"column":126}},"type":"cond-expr","locations":[{"start":{"line":769,"column":57},"end":{"line":769,"column":103}},{"start":{"line":769,"column":103},"end":{"line":769,"column":126}}],"line":769}},"s":{"0":0,"1":0,"2":0,"3":0,"4":0,"5":0,"6":0,"7":0,"8":0,"9":0,"10":0,"11":0,"12":0,"13":0,"14":0,"15":0,"16":0,"17":1,"18":0,"19":0,"20":0,"21":0,"22":0,"23":0,"24":0,"25":0,"26":0,"27":0,"28":0,"29":0,"30":0,"31":0,"32":0,"33":0,"34":0,"35":0,"36":0,"37":0,"38":0,"39":0,"40":0,"41":0,"42":0,"43":0,"44":1,"45":2,"46":2,"47":6,"48":1,"49":17,"50":17,"51":17,"52":17,"53":17,"54":17,"55":17,"56":17,"57":17,"58":17,"59":17,"60":17,"61":17,"62":17,"63":17,"64":17,"65":17,"66":17,"67":17,"68":17,"69":17,"70":17,"71":17,"72":17,"73":17,"74":17,"75":17,"76":5,"77":2,"78":17,"79":4,"80":4,"81":4,"82":4,"83":17,"84":8,"85":17,"86":6,"87":17,"88":4,"89":17,"90":12,"91":17,"92":1,"93":1,"94":1,"95":1,"96":1,"97":1,"98":0,"99":0,"100":0,"101":0,"102":0,"103":0,"104":0,"105":0,"106":0,"107":0,"108":0,"109":0,"110":0,"111":0,"112":0,"113":0,"114":0,"115":0,"116":0,"117":0,"118":0,"119":0,"120":0,"121":1,"122":1,"123":17,"124":1,"125":0,"126":1,"127":1,"128":1,"129":1,"130":17,"131":0,"132":0,"133":0,"134":0,"135":0,"136":0,"137":0,"138":0,"139":0,"140":0,"141":0,"142":0,"143":0,"144":0,"145":0,"146":0,"147":0,"148":0,"149":0,"150":0,"151":0,"152":0,"153":0,"154":0,"155":0,"156":0,"157":0,"158":0,"159":0,"160":0,"161":0,"162":0,"163":0,"164":0,"165":0,"166":0,"167":0,"168":0,"169":0,"170":0,"171":0,"172":0,"173":0,"174":0,"175":0,"176":0,"177":0,"178":0,"179":0,"180":0,"181":0,"182":0,"183":0,"184":0,"185":0,"186":0,"187":0,"188":0,"189":0,"190":17,"191":3,"192":0,"193":3,"194":0,"195":17,"196":0,"197":0,"198":0,"199":0,"200":0,"201":0,"202":0,"203":0,"204":0,"205":0,"206":0,"207":0,"208":0,"209":0,"210":0,"211":0,"212":0,"213":0,"214":0,"215":0,"216":0,"217":0,"218":0,"219":0,"220":0,"221":0,"222":0,"223":0,"224":0,"225":17,"226":1,"227":0,"228":1,"229":1,"230":1,"231":0,"232":1,"233":1,"234":1,"235":0,"236":0,"237":0,"238":0,"239":0,"240":1,"241":17,"242":1,"243":1,"244":1,"245":1,"246":0,"247":0,"248":1,"249":17,"250":2,"251":1,"252":1,"253":1,"254":1,"255":1,"256":0,"257":1,"258":1,"259":1,"260":1,"261":1,"262":0,"263":17,"264":2,"265":2,"266":0,"267":2,"268":0,"269":2,"270":2,"271":2,"272":2,"273":2,"274":2,"275":2,"276":2,"277":2,"278":0,"279":0,"280":2,"281":0,"282":0,"283":2,"284":2,"285":2,"286":2,"287":2,"288":2,"289":2,"290":2,"291":2,"292":2,"293":2,"294":2,"295":2,"296":2,"297":2,"298":2,"299":2,"300":2,"301":2,"302":2,"303":2,"304":2,"305":0,"306":0,"307":0,"308":0,"309":0,"310":0,"311":0,"312":0,"313":0,"314":0,"315":0,"316":0,"317":0,"318":0,"319":0,"320":2,"321":0,"322":0,"323":0,"324":0,"325":2,"326":2,"327":2,"328":2,"329":2,"330":2,"331":2,"332":2,"333":1,"334":1,"335":1,"336":1,"337":1,"338":1,"339":0,"340":0,"341":1,"342":0,"343":0,"344":0,"345":0,"346":0,"347":17,"348":19,"349":17,"350":17,"351":19,"352":2,"353":0,"354":2,"355":0,"356":0,"357":0},"f":{"0":0,"1":0,"2":0,"3":2,"4":6,"5":17,"6":5,"7":4,"8":8,"9":6,"10":4,"11":12,"12":1,"13":0,"14":1,"15":1,"16":0,"17":0,"18":0,"19":0,"20":0,"21":0,"22":0,"23":0,"24":3,"25":0,"26":0,"27":0,"28":1,"29":1,"30":2,"31":2,"32":2,"33":2,"34":2,"35":2,"36":0,"37":19,"38":19,"39":2,"40":0,"41":2,"42":0,"43":0,"44":0},"b":{"0":[0],"1":[0],"2":[0,0],"3":[0,0],"4":[2,3],"5":[5,2],"6":[1,0],"7":[1,0],"8":[1,0],"9":[0,0],"10":[0,0],"11":[0,0],"12":[0,0],"13":[0,1],"14":[1,0],"15":[0,0],"16":[0,0],"17":[0,0],"18":[0,0],"19":[0,0],"20":[0,0],"21":[0,0],"22":[0,0,0],"23":[0,0],"24":[0,0,0],"25":[0,0],"26":[0,0,0],"27":[0,0],"28":
[...]
,"end":{"line":24,"column":48}},"loc":{"start":{"line":24,"column":100},"end":{"line":284,"column":null}},"line":24},"1":{"name":"(anonymous_1)","decl":{"start":{"line":28,"column":16},"end":{"line":28,"column":17}},"loc":{"start":{"line":28,"column":76},"end":{"line":32,"column":null}},"line":28},"2":{"name":"(anonymous_2)","decl":{"start":{"line":34,"column":12},"end":{"line":34,"column":18}},"loc":{"start":{"line":34,"column":18},"end":{"line":54,"column":5}},"line":34},"3":{"name":"(anonymous_3)","decl":{"start":{"line":37,"column":26},"end":{"line":37,"column":38}},"loc":{"start":{"line":37,"column":38},"end":{"line":52,"column":null}},"line":37},"4":{"name":"(anonymous_4)","decl":{"start":{"line":56,"column":22},"end":{"line":56,"column":28}},"loc":{"start":{"line":56,"column":28},"end":{"line":64,"column":null}},"line":56},"5":{"name":"(anonymous_5)","decl":{"start":{"line":61,"column":50},"end":{"line":61,"column":56}},"loc":{"start":{"line":61,"column":56},"end":{"line":63,"column":5}},"line":61},"6":{"name":"(anonymous_6)","decl":{"start":{"line":66,"column":25},"end":{"line":66,"column":31}},"loc":{"start":{"line":66,"column":31},"end":{"line":117,"column":null}},"line":66},"7":{"name":"(anonymous_7)","decl":{"start":{"line":145,"column":72},"end":{"line":145,"column":73}},"loc":{"start":{"line":146,"column":12},"end":{"line":146,"column":null}},"line":146},"8":{"name":"(anonymous_8)","decl":{"start":{"line":209,"column":23},"end":{"line":209,"column":29}},"loc":{"start":{"line":209,"column":29},"end":{"line":209,"column":null}},"line":209},"9":{"name":"(anonymous_9)","decl":{"start":{"line":226,"column":23},"end":{"line":226,"column":29}},"loc":{"start":{"line":226,"column":29},"end":{"line":226,"column":null}},"line":226}},"branchMap":{"0":{"loc":{"start":{"line":29,"column":4},"end":{"line":31,"column":null}},"type":"if","locations":[{"start":{"line":29,"column":4},"end":{"line":31,"column":null}},{"start":{},"end":{}}],"line":29},"1":{"loc":{"start":{"line":29,"column":8},"end":{"line":29,"column":35}},"type":"binary-expr","locations":[{"start":{"line":29,"column":8},"end":{"line":29,"column":24}},{"start":{"line":29,"column":24},"end":{"line":29,"column":35}}],"line":29},"2":{"loc":{"start":{"line":41,"column":8},"end":{"line":45,"column":null}},"type":"if","locations":[{"start":{"line":41,"column":8},"end":{"line":45,"column":null}},{"start":{"line":43,"column":15},"end":{"line":45,"column":null}}],"line":41},"3":{"loc":{"start":{"line":41,"column":12},"end":{"line":41,"column":73}},"type":"binary-expr","locations":[{"start":{"line":41,"column":12},"end":{"line":41,"column":44}},{"start":{"line":41,"column":44},"end":{"line":41,"column":73}}],"line":41},"4":{"loc":{"start":{"line":58,"column":22},"end":{"line":60,"column":null}},"type":"cond-expr","locations":[{"start":{"line":59,"column":8},"end":{"line":59,"column":null}},{"start":{"line":60,"column":8},"end":{"line":60,"column":null}}],"line":58},"5":{"loc":{"start":{"line":68,"column":4},"end":{"line":68,"column":null}},"type":"if","locations":[{"start":{"line":68,"column":4},"end":{"line":68,"column":null}},{"start":{},"end":{}}],"line":68},"6":{"loc":{"start":{"line":96,"column":6},"end":{"line":101,"column":null}},"type":"cond-expr","locations":[{"start":{"line":96,"column":39},"end":{"line":101,"column":21}},{"start":{"line":101,"column":21},"end":{"line":101,"column":null}}],"line":96},"7":{"loc":{"start":{"line":119,"column":2},"end":{"line":127,"column":null}},"type":"if","locations":[{"start":{"line":119,"column":2},"end":{"line":127,"column":null}},{"start":{},"end":{}}],"line":119},"8":{"loc":{"start":{"line":129,"column":2},"end":{"line":129,"column":null}},"type":"if","locations":[{"start":{"line":129,"column":2},"end":{"line":129,"column":null}},{"start":{},"end":{}}],"line":129},"9":{"loc":{"start":{"line":240,"column":7},"end":{"line":251,"column":null}},"type":"binary-expr","locations":[{"start":{"line":240,"column":7},"end":{"line":240,"column":null}},{"start":{"line":241,"column":8},"end":{"line":251,"column":null}}],"line":240}},"s":{"0":1,"1":1,"2":4,"3":4,"4":4,"5":4,"6":0,"7":4,"8":2,"9":2,"10":2,"11":2,"12":1,"13":1,"14":1,"15":0,"16":1,"17":1,"18":2,"19":2,"20":4,"21":1,"22":1,"23":1,"24":1,"25":4,"26":1,"27":1,"28":0,"29":1,"30":1,"31":1,"32":1,"33":1,"34":1,"35":1,"36":1,"37":1,"38":1,"39":4,"40":2,"41":2,"42":0,"43":2,"44":2,"45":0,"46":0},"f":{"0":4,"1":4,"2":2,"3":2,"4":1,"5":1,"6":1,"7":2,"8":0,"9":0},"b":{"0":[0,4],"1":[4,0],"2":[1,0],"3":[1,1],"4":[1,0],"5":[0,1],"6":[1,0],"7":[2,2],"8":[0,2],"9":[2,1]},"meta":{"lastBranch":10,"lastFunction":10,"lastStatement":47,"seen":{"s:13:40:22:Infinity":0,"s:24:47:284:Infinity":1,"f:24:47:24:48":0,"s:25:26:25:Infinity":2,"s:26:28:26:Infinity":3,"s:28:16:32:Infinity":4,"f:28:16:28:17":1,"b:29:4:31:Infinity:undefined:undefined:undefined:undefined":0,"s:29:4:31:Infinity":5,"b:29:8:29:24:29:24:29:35":1,"s:30:6:30:Infinity":6,"s:34:2:54:Infinity":7,"f:34:12:34:18":2,"s:35:4:35:Infinity":8,"s:37:26:52:Infinity":9,"f:37:26:37:38":3,"s:38:6:51:Infinity":10,"s:39:24:39:Infinity":11,"s:40:23:40:Infinity":12,"b:41:8:45:Infinity:43:15:45:Infinity":2,"s:41:8:45:Infinity":13,"b:41:12:41:44:41:44:41:73":3,"s:42:10:42:Infinity":14,"s:44:10:44:Infinity":15,"s:47:8:47:Infinity":16,"s:48:8:48:Infinity":17,"s:50:8:50:Infinity":18,"s:53:4:53:Infinity":19,"s:56:22:64:Infinity":20,"f:56:22:56:28":4,"s:57:4:57:Infinity":21,"s:58:22:60:Infinity":22,"b:59:8:59:Infinity:60:8:60:Infinity":4,"s:61:4:63:Infinity":23,"f:61:50:61:56":5,"s:62:6:62:Infinity":24,"s:66:25:117:Infinity":25,"f:66:25:66:31":6,"s:67:4:67:Infinity":26,"b:68:4:68:Infinity:undefined:undefined:undefined:undefined":5,"s:68:4:68:Infinity":27,"s:68:17:68:Infinity":28,"s:69:18:106:Infinity":29,"b:96:39:101:21:101:21:101:Infinity":6,"s:108:17:108:Infinity":30,"s:109:16:109:Infinity":31,"s:110:14:110:Infinity":32,"s:111:4:111:Infinity":33,"s:112:4:112:Infinity":34,"s:113:4:113:Infinity":35,"s:114:4:114:Infinity":36,"s:115:4:115:Infinity":37,"s:116:4:116:Infinity":38,"b:119:2:127:Infinity:undefined:undefined:undefined:undefined":7,"s:119:2:127:Infinity":39,"s:120:4:125:Infinity":40,"b:129:2:129:Infinity:undefined:undefined:undefined:undefined":8,"s:129:2:129:Infinity":41,"s:129:15:129:Infinity":42,"s:131:2:282:Infinity":43,"f:145:72:145:73":7,"s:146:12:146:Infinity":44,"f:209:23:209:29":8,"s:209:29:209:Infinity":45,"f:226:23:226:29":9,"s:226:29:226:Infinity":46,"b:240:7:240:Infinity:241:8:251:Infinity":9}}}
,"/Volumes/9_0rdon-ssd/9_0rdon/Projects/creative-precision/src/services/geminiService.ts": {"path":"/Volumes/9_0rdon-ssd/9_0rdon/Projects/creative-precision/src/services/geminiService.ts","statementMap":{"0":{"start":{"line":4,"column":33},"end":{"line":4,"column":null}},"1":{"start":{"line":6,"column":18},"end":{"line":11,"column":null}},"2":{"start":{"line":7,"column":2},"end":{"line":9,"column":null}},"3":{"start":{"line":8,"column":4},"end":{"line":8,"column":null}},"4":{"start":{"line":10,"column":2},"end":{"line":10,"column":null}},"5":{"start":{"line":13,"column":33},"end":{"line":22,"column":null}},"6":{"start":{"line":14,"column":13},"end":{"line":14,"column":null}},"7":{"start":{"line":15,"column":2},"end":{"line":21,"column":null}},"8":{"start":{"line":24,"column":31},"end":{"line":97,"column":null}},"9":{"start":{"line":25,"column":13},"end":{"line":25,"column":null}},"10":{"start":{"line":27,"column":21},"end":{"line":27,"column":null}},"11":{"start":{"line":27,"column":38},"end":{"line":27,"column":97}},"12":{"start":{"line":29,"column":17},"end":{"line":33,"column":null}},"13":{"start":{"line":61,"column":19},"end":{"line":94,"column":null}},"14":{"start":{"line":96,"column":2},"end":{"line":96,"column":null}},"15":{"start":{"line":99,"column":30},"end":{"line":129,"column":null}},"16":{"start":{"line":100,"column":13},"end":{"line":100,"column":null}},"17":{"start":{"line":101,"column":2},"end":{"line":128,"column":null}},"18":{"start":{"line":102,"column":21},"end":{"line":113,"column":null}},"19":{"start":{"line":115,"column":4},"end":{"line":115,"column":null}},"20":{"start":{"line":117,"column":24},"end":{"line":117,"column":null}},"21":{"start":{"line":118,"column":24},"end":{"line":118,"column":null}},"22":{"start":{"line":120,"column":4},"end":{"line":124,"column":null}},"23":{"start":{"line":121,"column":6},"end":{"line":121,"column":null}},"24":{"start":{"line":122,"column":6},"end":{"line":122,"column":null}},"25":{"start":{"line":122,"column":35},"end":{"line":122,"column":61}},"26":{"start":{"line":123,"column":6},"end":{"line":123,"column":null}},"27":{"start":{"line":126,"column":4},"end":{"line":126,"column":null}},"28":{"start":{"line":127,"column":4},"end":{"line":127,"column":null}}},"fnMap":{"0":{"name":"(anonymous_0)","decl":{"start":{"line":6,"column":18},"end":{"line":6,"column":24}},"loc":{"start":{"line":6,"column":24},"end":{"line":11,"column":null}},"line":6},"1":{"name":"(anonymous_1)","decl":{"start":{"line":13,"column":33},"end":{"line":13,"column":34}},"loc":{"start":{"line":13,"column":62},"end":{"line":22,"column":null}},"line":13},"2":{"name":"(anonymous_2)","decl":{"start":{"line":24,"column":31},"end":{"line":24,"column":38}},"loc":{"start":{"line":24,"column":78},"end":{"line":97,"column":null}},"line":24},"3":{"name":"(anonymous_3)","decl":{"start":{"line":27,"column":33},"end":{"line":27,"column":38}},"loc":{"start":{"line":27,"column":38},"end":{"line":27,"column":97}},"line":27},"4":{"name":"(anonymous_4)","decl":{"start":{"line":99,"column":30},"end":{"line":99,"column":37}},"loc":{"start":{"line":99,"column":98},"end":{"line":129,"column":null}},"line":99},"5":{"name":"(anonymous_5)","decl":{"start":{"line":122,"column":24},"end":{"line":122,"column":35}},"loc":{"start":{"line":122,"column":35},"end":{"line":122,"column":61}},"line":122}},"branchMap":{"0":{"loc":{"start":{"line":7,"column":2},"end":{"line":9,"column":null}},"type":"if","locations":[{"start":{"line":7,"column":2},"end":{"line":9,"column":null}},{"start":{},"end":{}}],"line":7},"1":{"loc":{"start":{"line":27,"column":41},"end":{"line":27,"column":84}},"type":"cond-expr","locations":[{"start":{"line":27,"column":61},"end":{"line":27,"column":75}},{"start":{"line":27,"column":75},"end":{"line":27,"column":84}}],"line":27},"2":{"loc":{"start":{"line":96,"column":9},"end":{"line":96,"column":null}},"type":"binary-expr","locations":[{"start":{"line":96,"column":9},"end":{"line":96,"column":26}},{"start":{"line":96,"column":26},"end":{"line":96,"column":null}}],"line":96},"3":{"loc":{"start":{"line":99,"column":51},"end":{"line":99,"column":64}},"type":"default-arg","locations":[{"start":{"line":99,"column":61},"end":{"line":99,"column":64}}],"line":99},"4":{"loc":{"start":{"line":99,"column":64},"end":{"line":99,"column":98}},"type":"default-arg","locations":[{"start":{"line":99,"column":72},"end":{"line":99,"column":98}}],"line":99},"5":{"loc":{"start":{"line":115,"column":11},"end":{"line":115,"column":null}},"type":"binary-expr","locations":[{"start":{"line":115,"column":11},"end":{"line":115,"column":78}},{"start":{"line":115,"column":78},"end":{"line":115,"column":null}}],"line":115},"6":{"loc":{"start":{"line":118,"column":24},"end":{"line":118,"column":null}},"type":"binary-expr","locations":[{"start":{"line":118,"column":24},"end":{"line":118,"column":55}},{"start":{"line":118,"column":55},"end":{"line":118,"column":null}}],"line":118},"7":{"loc":{"start":{"line":120,"column":4},"end":{"line":124,"column":null}},"type":"if","locations":[{"start":{"line":120,"column":4},"end":{"line":124,"column":null}},{"start":{},"end":{}}],"line":120},"8":{"loc":{"start":{"line":120,"column":8},"end":{"line":120,"column":36}},"type":"binary-expr","locations":[{"start":{"line":120,"column":8},"end":{"line":120,"column":23}},{"start":{"line":120,"column":23},"end":{"line":120,"column":36}}],"line":120}},"s":{"0":1,"1":1,"2":5,"3":1,"4":5,"5":1,"6":1,"7":1,"8":1,"9":2,"10":2,"11":1,"12":2,"13":2,"14":2,"15":1,"16":2,"17":2,"18":2,"19":1,"20":1,"21":1,"22":1,"23":0,"24":0,"25":0,"26":0,"27":1,"28":1},"f":{"0":5,"1":1,"2":2,"3":1,"4":2,"5":0},"b":{"0":[1,4],"1":[1,0],"2":[2,0],"3":[2],"4":[2],"5":[1,0],"6":[1,1],"7":[0,1],"8":[1,0]},"meta":{"lastBranch":9,"lastFunction":6,"lastStatement":29,"seen":{"s:4:33:4:Infinity":0,"s:6:18:11:Infinity":1,"f:6:18:6:24":0,"b:7:2:9:Infinity:undefined:undefined:undefined:undefined":0,"s:7:2:9:Infinity":2,"s:8:4:8:Infinity":3,"s:10:2:10:Infinity":4,"s:13:33:22:Infinity":5,"f:13:33:13:34":1,"s:14:13:14:Infinity":6,"s:15:2:21:Infinity":7,"s:24:31:97:Infinity":8,"f:24:31:24:38":2,"s:25:13:25:Infinity":9,"s:27:21:27:Infinity":10,"f:27:33:27:38":3,"s:27:38:27:97":11,"b:27:61:27:75:27:75:27:84":1,"s:29:17:33:Infinity":12,"s:61:19:94:Infinity":13,"s:96:2:96:Infinity":14,"b:96:9:96:26:96:26:96:Infinity":2,"s:99:30:129:Infinity":15,"f:99:30:99:37":4,"b:99:61:99:64":3,"b:99:72:99:98":4,"s:100:13:100:Infinity":16,"s:101:2:128:Infinity":17,"s:102:21:113:Infinity":18,"s:115:4:115:Infinity":19,"b:115:11:115:78:115:78:115:Infinity":5,"s:117:24:117:Infinity":20,"s:118:24:118:Infinity":21,"b:118:24:118:55:118:55:118:Infinity":6,"b:120:4:124:Infinity:undefined:undefined:undefined:undefined":7,"s:120:4:124:Infinity":22,"b:120:8:120:23:120:23:120:36":8,"s:121:6:121:Infinity":23,"s:122:6:122:Infinity":24,"f:122:24:122:35":5,"s:122:35:122:61":25,"s:123:6:123:Infinity":26,"s:126:4:126:Infinity":27,"s:127:4:127:Infinity":28}}}
,"/Volumes/9_0rdon-ssd/9_0rdon/Projects/creative-precision/src/services/telemetryService.ts": {"path":"/Volumes/9_0rdon-ssd/9_0rdon/Projects/creative-precision/src/services/telemetryService.ts","statementMap":{"0":{"start":{"line":5,"column":38},"end":{"line":5,"column":null}},"1":{"start":{"line":7,"column":18},"end":{"line":17,"column":null}},"2":{"start":{"line":8,"column":2},"end":{"line":8,"column":null}},"3":{"start":{"line":8,"column":16},"end":{"line":8,"column":null}},"4":{"start":{"line":10,"column":14},"end":{"line":10,"column":null}},"5":{"start":{"line":11,"column":14},"end":{"line":11,"column":null}},"6":{"start":{"line":13,"column":2},"end":{"line":13,"column":null}},"7":{"start":{"line":13,"column":20},"end":{"line":13,"column":null}},"8":{"start":{"line":15,"column":2},"end":{"line":15,"column":null}},"9":{"start":{"line":16,"column":2},"end":{"line":16,"column":null}},"10":{"start":{"line":19,"column":27},"end":{"line":39,"column":null}},"11":{"start":{"line":20,"column":2},"end":{"line":38,"column":null}},"12":{"start":{"line":21,"column":19},"end":{"line":21,"column":null}},"13":{"start":{"line":22,"column":4},"end":{"line":22,"column":null}},"14":{"start":{"line":22,"column":17},"end":{"line":22,"column":null}},"15":{"start":{"line":24,"column":4},"end":{"line":35,"column":null}},"16":{"start":{"line":41,"column":29},"end":{"line":54,"column":null}},"17":{"start":{"line":42,"column":2},"end":{"line":53,"column":null}},"18":{"start":{"line":43,"column":19},"end":{"line":43,"column":null}},"19":{"start":{"line":44,"column":4},"end":{"line":44,"column":null}},"20":{"start":{"line":44,"column":17},"end":{"line":44,"column":null}},"21":{"start":{"line":46,"column":4},"end":{"line":50,"column":null}},"22":{"start":{"line":56,"column":26},"end":{"line":72,"column":null}},"23":{"start":{"line":57,"column":2},"end":{"line":71,"column":null}},"24":{"start":{"line":58,"column":19},"end":{"line":58,"column":null}},"25":{"start":{"line":59,"column":4},"end":{"line":59,"column":null}},"26":{"start":{"line":59,"column":17},"end":{"line":59,"column":null}},"27":{"start":{"line":61,"column":4},"end":{"line":68,"column":null}}},"fnMap":{"0":{"name":"(anonymous_0)","decl":{"start":{"line":7,"column":18},"end":{"line":7,"column":47}},"loc":{"start":{"line":7,"column":47},"end":{"line":17,"column":null}},"line":7},"1":{"name":"(anonymous_1)","decl":{"start":{"line":19,"column":27},"end":{"line":19,"column":28}},"loc":{"start":{"line":19,"column":97},"end":{"line":39,"column":null}},"line":19},"2":{"name":"(anonymous_2)","decl":{"start":{"line":35,"column":12},"end":{"line":35,"column":18}},"loc":{"start":{"line":35,"column":18},"end":{"line":35,"column":20}},"line":35},"3":{"name":"(anonymous_3)","decl":{"start":{"line":41,"column":29},"end":{"line":41,"column":30}},"loc":{"start":{"line":41,"column":89},"end":{"line":54,"column":null}},"line":41},"4":{"name":"(anonymous_4)","decl":{"start":{"line":50,"column":12},"end":{"line":50,"column":18}},"loc":{"start":{"line":50,"column":18},"end":{"line":50,"column":20}},"line":50},"5":{"name":"(anonymous_5)","decl":{"start":{"line":56,"column":26},"end":{"line":56,"column":27}},"loc":{"start":{"line":56,"column":60},"end":{"line":72,"column":null}},"line":56},"6":{"name":"(anonymous_6)","decl":{"start":{"line":68,"column":12},"end":{"line":68,"column":18}},"loc":{"start":{"line":68,"column":18},"end":{"line":68,"column":20}},"line":68}},"branchMap":{"0":{"loc":{"start":{"line":8,"column":2},"end":{"line":8,"column":null}},"type":"if","locations":[{"start":{"line":8,"column":2},"end":{"line":8,"column":null}},{"start":{},"end":{}}],"line":8},"1":{"loc":{"start":{"line":13,"column":2},"end":{"line":13,"column":null}},"type":"if","locations":[{"start":{"line":13,"column":2},"end":{"line":13,"column":null}},{"start":{},"end":{}}],"line":13},"2":{"loc":{"start":{"line":13,"column":6},"end":{"line":13,"column":20}},"type":"binary-expr","locations":[{"start":{"line":13,"column":6},"end":{"line":13,"column":14}},{"start":{"line":13,"column":14},"end":{"line":13,"column":20}}],"line":13},"3":{"loc":{"start":{"line":22,"column":4},"end":{"line":22,"column":null}},"type":"if","locations":[{"start":{"line":22,"column":4},"end":{"line":22,"column":null}},{"start":{},"end":{}}],"line":22},"4":{"loc":{"start":{"line":44,"column":4},"end":{"line":44,"column":null}},"type":"if","locations":[{"start":{"line":44,"column":4},"end":{"line":44,"column":null}},{"start":{},"end":{}}],"line":44},"5":{"loc":{"start":{"line":59,"column":4},"end":{"line":59,"column":null}},"type":"if","locations":[{"start":{"line":59,"column":4},"end":{"line":59,"column":null}},{"start":{},"end":{}}],"line":59},"6":{"loc":{"start":{"line":66,"column":20},"end":{"line":66,"column":null}},"type":"binary-expr","locations":[{"start":{"line":66,"column":20},"end":{"line":66,"column":40}},{"start":{"line":66,"column":40},"end":{"line":66,"column":null}}],"line":66}},"s":{"0":2,"1":2,"2":18,"3":0,"4":18,"5":18,"6":18,"7":18,"8":0,"9":0,"10":2,"11":4,"12":4,"13":4,"14":4,"15":0,"16":2,"17":7,"18":7,"19":7,"20":7,"21":0,"22":2,"23":7,"24":7,"25":7,"26":7,"27":0},"f":{"0":18,"1":4,"2":0,"3":7,"4":0,"5":7,"6":0},"b":{"0":[0,18],"1":[18,0],"2":[18,0],"3":[4,0],"4":[7,0],"5":[7,0],"6":[0,0]},"meta":{"lastBranch":7,"lastFunction":7,"lastStatement":28,"seen":{"s:5:38:5:Infinity":0,"s:7:18:17:Infinity":1,"f:7:18:7:47":0,"b:8:2:8:Infinity:undefined:undefined:undefined:undefined":0,"s:8:2:8:Infinity":2,"s:8:16:8:Infinity":3,"s:10:14:10:Infinity":4,"s:11:14:11:Infinity":5,"b:13:2:13:Infinity:undefined:undefined:undefined:undefined":1,"s:13:2:13:Infinity":6,"b:13:6:13:14:13:14:13:20":2,"s:13:20:13:Infinity":7,"s:15:2:15:Infinity":8,"s:16:2:16:Infinity":9,"s:19:27:39:Infinity":10,"f:19:27:19:28":1,"s:20:2:38:Infinity":11,"s:21:19:21:Infinity":12,"b:22:4:22:Infinity:undefined:undefined:undefined:undefined":3,"s:22:4:22:Infinity":13,"s:22:17:22:Infinity":14,"s:24:4:35:Infinity":15,"f:35:12:35:18":2,"s:41:29:54:Infinity":16,"f:41:29:41:30":3,"s:42:2:53:Infinity":17,"s:43:19:43:Infinity":18,"b:44:4:44:Infinity:undefined:undefined:undefined:undefined":4,"s:44:4:44:Infinity":19,"s:44:17:44:Infinity":20,"s:46:4:50:Infinity":21,"f:50:12:50:18":4,"s:56:26:72:Infinity":22,"f:56:26:56:27":5,"s:57:2:71:Infinity":23,"s:58:19:58:Infinity":24,"b:59:4:59:Infinity:undefined:undefined:undefined:undefined":5,"s:59:4:59:Infinity":25,"s:59:17:59:Infinity":26,"s:61:4:68:Infinity":27,"b:66:20:66:40:66:40:66:Infinity":6,"f:68:12:68:18":6}}}
}
